PRT1
380
1021
4 0 113 (0 528 -320 ) (0 528 640 ) (0 576 640 ) (0 576 -320 ) 
4 0 11 (0 528 40 ) (0 528 -320 ) (704 528 -320 ) (704 528 40 ) 
5 0 10 (0 528 176 ) (0 528 40 ) (176 528 40 ) (176 528 168 ) (168 528 176 ) 
3 0 9 (176 528 184 ) (176 528 192 ) (168 528 192 ) 
4 0 8 (192 528 168 ) (192 528 192 ) (176 528 192 ) (176 528 184 ) 
4 0 7 (192 528 40 ) (704 528 40 ) (704 528 192 ) (192 528 192 ) 
5 0 5 (0 528 392 ) (0 528 256 ) (176 528 256 ) (176 528 384 ) (168 528 392 ) 
3 0 4 (192 528 384 ) (192 528 392 ) (184 528 392 ) 
4 0 3 (184 528 392 ) (192 528 392 ) (192 528 408 ) (168 528 408 ) 
4 0 6 (0 528 256 ) (0 528 192 ) (192 528 192 ) (192 528 256 ) 
4 0 2 (192 528 192 ) (704 528 192 ) (704 528 408 ) (192 528 408 ) 
4 0 1 (0 528 640 ) (0 528 408 ) (704 528 408 ) (704 528 640 ) 
4 1 114 (0 520 408 ) (0 520 640 ) (0 528 640 ) (0 528 408 ) 
4 1 16 (0 520 640 ) (0 520 464 ) (192 520 464 ) (192 520 640 ) 
4 1 13 (520 520 464 ) (520 520 640 ) (192 520 640 ) (192 520 464 ) 
4 1 12 (520 520 408 ) (704 520 408 ) (704 520 640 ) (520 520 640 ) 
4 1 3 (168 528 408 ) (192 528 408 ) (192 520 408 ) (168 520 408 ) 
4 1 2 (192 528 408 ) (704 528 408 ) (704 520 408 ) (192 520 408 ) 
4 2 14 (520 520 248 ) (520 520 256 ) (192 520 256 ) (192 520 248 ) 
4 2 12 (520 520 192 ) (704 520 192 ) (704 520 408 ) (520 520 408 ) 
4 2 7 (192 528 192 ) (704 528 192 ) (704 520 192 ) (192 520 192 ) 
4 2 4 (192 520 384 ) (192 520 392 ) (192 528 392 ) (192 528 384 ) 
4 2 3 (192 520 392 ) (192 520 408 ) (192 528 408 ) (192 528 392 ) 
4 2 6 (192 528 192 ) (192 520 192 ) (192 520 256 ) (192 528 256 ) 
4 3 4 (184 528 392 ) (192 528 392 ) (192 520 392 ) (184 520 392 ) 
4 5 116 (0 520 256 ) (0 520 392 ) (0 528 392 ) (0 528 256 ) 
5 5 21 (0 520 392 ) (0 520 256 ) (176 520 256 ) (176 520 384 ) (168 520 392 ) 
4 5 6 (0 528 256 ) (176 528 256 ) (176 520 256 ) (0 520 256 ) 
4 6 118 (0 520 192 ) (0 520 256 ) (0 528 256 ) (0 528 192 ) 
4 6 23 (0 520 256 ) (0 520 248 ) (192 520 248 ) (192 520 256 ) 
4 6 9 (168 528 192 ) (176 528 192 ) (176 520 192 ) (168 520 192 ) 
4 6 8 (176 528 192 ) (192 528 192 ) (192 520 192 ) (176 520 192 ) 
4 7 12 (520 520 40 ) (704 520 40 ) (704 520 192 ) (520 520 192 ) 
4 7 11 (192 528 40 ) (704 528 40 ) (704 520 40 ) (192 520 40 ) 
4 7 8 (192 520 168 ) (192 520 192 ) (192 528 192 ) (192 528 168 ) 
4 8 9 (176 520 184 ) (176 520 192 ) (176 528 192 ) (176 528 184 ) 
4 10 121 (0 520 40 ) (0 520 176 ) (0 528 176 ) (0 528 40 ) 
5 10 28 (0 520 176 ) (0 520 40 ) (176 520 40 ) (176 520 168 ) (168 520 176 ) 
4 10 11 (0 528 40 ) (176 528 40 ) (176 520 40 ) (0 520 40 ) 
4 11 124 (0 520 -320 ) (0 520 40 ) (0 528 40 ) (0 528 -320 ) 
4 11 30 (0 520 40 ) (0 520 -320 ) (192 520 -320 ) (192 520 40 ) 
4 11 15 (192 520 -320 ) (520 520 -320 ) (520 520 40 ) (192 520 40 ) 
4 11 12 (520 520 -320 ) (704 520 -320 ) (704 520 40 ) (520 520 40 ) 
4 12 112 (704 512 -320 ) (704 512 -16 ) (520 512 -16 ) (520 512 -320 ) 
4 12 77 (704 512 -16 ) (704 512 40 ) (520 512 40 ) (520 512 -16 ) 
4 12 53 (704 512 40 ) (704 512 192 ) (520 512 192 ) (520 512 40 ) 
4 12 47 (704 512 192 ) (704 512 248 ) (520 512 248 ) (520 512 192 ) 
4 12 45 (704 512 248 ) (704 512 256 ) (520 512 256 ) (520 512 248 ) 
4 12 35 (704 512 256 ) (704 512 456 ) (520 512 456 ) (520 512 256 ) 
4 12 32 (704 512 456 ) (704 512 464 ) (520 512 464 ) (520 512 456 ) 
4 12 31 (704 512 464 ) (704 512 640 ) (520 512 640 ) (520 512 464 ) 
4 12 15 (520 520 40 ) (520 520 -320 ) (520 512 -320 ) (520 512 40 ) 
4 12 14 (520 520 256 ) (520 520 248 ) (520 512 248 ) (520 512 256 ) 
4 12 13 (520 520 640 ) (520 520 464 ) (520 512 464 ) (520 512 640 ) 
4 13 31 (520 512 464 ) (520 512 640 ) (192 512 640 ) (192 512 464 ) 
4 13 16 (192 520 640 ) (192 520 464 ) (192 512 464 ) (192 512 640 ) 
4 14 45 (520 512 248 ) (520 512 256 ) (512 512 256 ) (512 512 248 ) 
4 14 23 (192 520 256 ) (192 520 248 ) (192 512 248 ) (192 512 256 ) 
4 15 112 (520 512 -320 ) (520 512 -16 ) (192 512 -16 ) (192 512 -320 ) 
4 15 81 (320 512 40 ) (192 512 40 ) (192 512 -16 ) (320 512 -16 ) 
4 15 78 (352 512 40 ) (320 512 40 ) (320 512 -16 ) (352 512 -16 ) 
4 15 77 (520 512 -16 ) (520 512 40 ) (352 512 40 ) (352 512 -16 ) 
4 15 30 (192 520 40 ) (192 520 -320 ) (192 512 -320 ) (192 512 40 ) 
4 16 125 (0 512 464 ) (0 512 640 ) (0 520 640 ) (0 520 464 ) 
4 16 31 (192 512 464 ) (192 512 640 ) (0 512 640 ) (0 512 464 ) 
4 17 22 (168 520 396 ) (179.996094 520 396 ) (179.996094 512 396 ) (168 512 396 ) 
4 17 18 (168 520 396 ) (168 512 396 ) (168 512 407.998016 ) (168 520 407.998016 ) 
4 18 126 (0 512 396 ) (0 512 408 ) (0 520 408 ) (0 520 396 ) 
4 18 21 (0 520 396 ) (168 520 396 ) (168 512 396 ) (0 512 396 ) 
4 19 22 (180 512 384 ) (180 512 396 ) (180 520 396 ) (180 520 384 ) 
4 19 20 (180 512 384 ) (180 520 384 ) (192 520 384 ) (192 512 384 ) 
4 20 21 (180 520 256 ) (180 512 256 ) (180 512 384 ) (180 520 384 ) 
4 20 23 (180 520 256 ) (192 520 256 ) (192 512 256 ) (180 512 256 ) 
4 21 128 (0 512 256 ) (0 512 396 ) (0 520 396 ) (0 520 256 ) 
5 21 43 (0 512 392 ) (0 512 256 ) (176 512 256 ) (176 512 384 ) (168 512 392 ) 
4 21 23 (0 520 256 ) (180 520 256 ) (180 512 256 ) (0 512 256 ) 
4 21 22 (180 512 384 ) (180 520 384 ) (168 520 396 ) (168 512 396 ) 
4 23 132 (0 512 248 ) (0 512 256 ) (0 520 256 ) (0 520 248 ) 
4 24 29 (168 520 180 ) (180 520 180 ) (180 512 180 ) (168 512 180 ) 
4 24 25 (168 520 180 ) (168 512 180 ) (168 512 192 ) (168 520 192 ) 
4 25 133 (0 512 180 ) (0 512 192 ) (0 520 192 ) (0 520 180 ) 
4 25 28 (0 520 180 ) (168 520 180 ) (168 512 180 ) (0 512 180 ) 
4 26 29 (180 512 168 ) (180 512 180 ) (180 520 180 ) (180 520 168 ) 
4 26 27 (180 512 168 ) (180 520 168 ) (192 520 168 ) (192 512 168 ) 
4 27 30 (180 520 40 ) (192 520 40 ) (192 512 40 ) (180 512 40 ) 
4 27 28 (180 520 40 ) (180 512 40 ) (180 512 168 ) (180 520 168 ) 
4 28 135 (0 512 40 ) (0 512 180 ) (0 520 180 ) (0 520 40 ) 
5 28 70 (0 512 176 ) (0 512 48 ) (176 512 48 ) (176 512 168 ) (168 512 176 ) 
4 28 30 (0 520 40 ) (180 520 40 ) (180 512 40 ) (0 512 40 ) 
4 28 29 (180 512 168 ) (180 520 168 ) (168 520 180 ) (168 512 180 ) 
4 30 139 (0 512 -320 ) (0 512 40 ) (0 520 40 ) (0 520 -320 ) 
4 30 112 (192 512 -320 ) (192 512 -16 ) (0 512 -16 ) (0 512 -320 ) 
4 30 82 (192 512 -16 ) (192 512 40 ) (80 512 40 ) (80 512 -16 ) 
4 30 83 (80 512 40 ) (0 512 40 ) (0 512 -16 ) (80 512 -16 ) 
4 31 227 (704 0 640 ) (0 0 640 ) (0 0 464 ) (704 0 464 ) 
4 31 144 (0 0 464 ) (0 0 640 ) (0 512 640 ) (0 512 464 ) 
4 31 33 (0 0 464 ) (0 184 464 ) (184 184 464 ) (184 0 464 ) 
4 31 32 (520 512 464 ) (704 512 464 ) (704 0 464 ) (520 0 464 ) 
4 32 228 (704 0 464 ) (520 0 464 ) (520 0 456 ) (704 0 456 ) 
4 32 35 (704 0 456 ) (520 0 456 ) (520 512 456 ) (704 512 456 ) 
4 33 229 (184 0 464 ) (0 0 464 ) (0 0 460 ) (184 0 460 ) 
4 33 145 (0 0 460 ) (0 0 464 ) (0 184 464 ) (0 184 460 ) 
4 33 34 (0 0 460 ) (0 184 460 ) (184 184 460 ) (184 0 460 ) 
4 34 230 (0 0 460 ) (0 0 456 ) (184 0 456 ) (184 0 460 ) 
4 34 146 (0 0 456 ) (0 0 460 ) (0 184 460 ) (0 184 456 ) 
4 34 44 (184 0 456 ) (0 0 456 ) (0 184 456 ) (184 184 456 ) 
4 35 228 (704 0 456 ) (520 0 456 ) (520 0 256 ) (704 0 256 ) 
4 35 45 (520 512 256 ) (704 512 256 ) (704 0 256 ) (520 0 256 ) 
4 36 231 (512 0 456 ) (352 0 456 ) (352 0 256 ) (512 0 256 ) 
4 36 38 (352 192 256 ) (352 160 256 ) (352 160 456 ) (352 192 456 ) 
4 36 37 (352 512 256 ) (352 352 256 ) (352 352 456 ) (352 512 456 ) 
4 36 39 (352 160 256 ) (352 0 256 ) (352 0 456 ) (352 160 456 ) 
4 37 42 (192 504 384 ) (192 504 392 ) (192 512 392 ) (192 512 384 ) 
4 37 41 (192 504 392 ) (192 504 408 ) (192 512 408 ) (192 512 392 ) 
4 37 40 (192 504 408 ) (192 504 456 ) (192 512 456 ) (192 512 408 ) 
4 37 44 (192 504 256 ) (192 352 256 ) (192 352 456 ) (192 504 456 ) 
4 38 39 (320 192 256 ) (352 160 256 ) (352 160 456 ) (320 192 456 ) 
4 39 234 (352 0 456 ) (192 0 456 ) (192 0 256 ) (352 0 256 ) 
4 39 44 (192 320 256 ) (192 0 256 ) (192 0 456 ) (192 320 456 ) 
4 40 148 (0 504 456 ) (0 512 456 ) (0 512 408 ) (0 504 408 ) 
4 40 41 (192 504 408 ) (168 504 408 ) (168 512 408 ) (192 512 408 ) 
4 40 44 (192 504 408 ) (192 504 456 ) (0 504 456 ) (0 504 408 ) 
4 41 42 (192 504 392 ) (184 504 392 ) (184 512 392 ) (192 512 392 ) 
4 41 44 (192 504 392 ) (192 504 408 ) (168 504 408 ) (184 504 392 ) 
3 42 44 (192 504 384 ) (192 504 392 ) (184 504 392 ) 
4 43 150 (0 512 392 ) (0 512 256 ) (0 504 256 ) (0 504 392 ) 
5 43 44 (0 504 256 ) (176 504 256 ) (176 504 384 ) (168 504 392 ) (0 504 392 ) 
4 44 234 (192 0 456 ) (0 0 456 ) (0 0 256 ) (192 0 256 ) 
4 44 152 (0 0 256 ) (0 0 456 ) (0 504 456 ) (0 504 256 ) 
4 44 46 (0 0 256 ) (0 184 256 ) (184 184 256 ) (184 0 256 ) 
4 45 238 (704 0 256 ) (512 0 256 ) (512 0 248 ) (704 0 248 ) 
4 45 47 (704 0 248 ) (520 0 248 ) (520 512 248 ) (704 512 248 ) 
4 46 239 (184 0 256 ) (0 0 256 ) (0 0 248 ) (184 0 248 ) 
4 46 158 (0 0 248 ) (0 0 256 ) (0 184 256 ) (0 184 248 ) 
4 46 52 (184 0 248 ) (0 0 248 ) (0 184 248 ) (184 184 248 ) 
4 47 241 (704 0 248 ) (520 0 248 ) (520 0 192 ) (704 0 192 ) 
4 47 53 (704 0 192 ) (520 0 192 ) (520 512 192 ) (704 512 192 ) 
4 48 242 (512 0 248 ) (352 0 248 ) (352 0 192 ) (512 0 192 ) 
4 48 54 (512 0 192 ) (352 0 192 ) (352 512 192 ) (512 512 192 ) 
4 48 51 (352 192 192 ) (352 160 192 ) (352 160 248 ) (352 192 248 ) 
4 48 49 (352 512 192 ) (352 352 192 ) (352 352 248 ) (352 512 248 ) 
4 48 52 (352 160 192 ) (352 0 192 ) (352 0 248 ) (352 160 248 ) 
4 49 69 (168 512 192 ) (176 512 192 ) (176 504 192 ) (168 504 192 ) 
4 49 68 (176 512 192 ) (192 512 192 ) (192 504 192 ) (176 504 192 ) 
4 49 71 (192 504 192 ) (192 352 192 ) (160 352 192 ) (8 504 192 ) 
4 49 55 (192 512 192 ) (352 512 192 ) (352 352 192 ) (192 352 192 ) 
4 49 50 (159.998047 352 248 ) (159.998047 352 192 ) (192 352 192 ) (192 352 248 ) 
4 49 52 (0 512 192 ) (160 352 192 ) (160 352 248 ) (0 512 248 ) 
3 50 72 (192 320 192 ) (176 336 192 ) (192 336 192 ) 
4 50 71 (176 336 192 ) (160 352 192 ) (192 352 192 ) (192 336 192 ) 
4 50 52 (160 352 192 ) (192 320 192 ) (192 320 248 ) (160 352 248 ) 
3 51 57 (352 192 192 ) (352 160 192 ) (320 192 192 ) 
4 51 52 (320 192 192 ) (352 160 192 ) (352 160 248 ) (320 192 248 ) 
4 52 245 (352 0 248 ) (0 0 248 ) (0 0 192 ) (352 0 192 ) 
4 52 163 (0 0 192 ) (0 0 248 ) (0 352 248 ) (0 352 192 ) 
4 52 160 (0 352 248 ) (0 512 248 ) (0 512 192 ) (0 352 192 ) 
4 52 75 (152 0 192 ) (144 0 192 ) (80 320 192 ) (88 320 192 ) 
4 52 74 (192 0 192 ) (152 0 192 ) (88 320 192 ) (192 320 192 ) 
4 52 76 (144 0 192 ) (0 0 192 ) (0 320 192 ) (80 320 192 ) 
4 52 73 (0 320 192 ) (0 336 192 ) (80 336 192 ) (80 320 192 ) 
4 52 72 (80 336 192 ) (176 336 192 ) (192 320 192 ) (80 320 192 ) 
4 52 71 (0 336 192 ) (0 504 192 ) (8 504 192 ) (176 336 192 ) 
5 52 59 (296 0 192 ) (192 0 192 ) (192 296 192 ) (216 296 192 ) (296 216 192 ) 
3 52 58 (192 296 192 ) (192 320 192 ) (216 296 192 ) 
3 52 56 (296 192 192 ) (296 216 192 ) (320 192 192 ) 
5 52 57 (352 0 192 ) (296 0 192 ) (296 192 192 ) (320 192 192 ) (352 160 192 ) 
4 53 241 (704 0 192 ) (520 0 192 ) (520 0 40 ) (704 0 40 ) 
4 53 79 (704 192 40 ) (704 0 40 ) (520 0 40 ) (520 192 40 ) 
4 53 77 (520 512 40 ) (704 512 40 ) (704 192 40 ) (520 192 40 ) 
4 54 242 (512 0 192 ) (352 0 192 ) (352 0 48 ) (512 0 48 ) 
4 54 62 (352 0 48 ) (352 0 120 ) (352 192 120 ) (352 192 48 ) 
4 54 60 (352 352 120 ) (352 512 120 ) (352 512 48 ) (352 352 48 ) 
4 54 57 (352 0 120 ) (352 0 192 ) (352 192 192 ) (352 192 120 ) 
4 54 55 (352 352 192 ) (352 512 192 ) (352 512 120 ) (352 352 120 ) 
4 55 68 (192 504 192 ) (192 512 192 ) (192 512 168 ) (192 504 168 ) 
4 55 71 (192 352 192 ) (192 504 192 ) (192 504 120 ) (192 352 120 ) 
4 55 60 (192 352 120 ) (192 512 120 ) (352 512 120 ) (352 352 120 ) 
3 56 61 (320 192 120 ) (296 192 120 ) (296 216 120 ) 
4 56 59 (296 216 120 ) (296 192 120 ) (296 192 192 ) (296 216 192 ) 
4 56 57 (296 192 192 ) (296 192 120 ) (320 192 120 ) (320 192 192 ) 
4 57 246 (352 0 192 ) (296 0 192 ) (296 0 120 ) (352 0 120 ) 
4 57 67 (296 84.800011 120 ) (296 92.799988 120 ) (320 88 120 ) (320 80 120 ) 
4 57 66 (320 0 120 ) (296 0 120 ) (296 84.800011 120 ) (320 80 120 ) 
4 57 65 (296 92.799988 120 ) (296 192 120 ) (320 192 120 ) (320 88 120 ) 
4 57 64 (336 0 120 ) (320 0 120 ) (320 80 120 ) (336 80 120 ) 
4 57 63 (320 80 120 ) (320 192 120 ) (336 192 120 ) (336 80 120 ) 
4 57 62 (352 192 120 ) (352 0 120 ) (336 0 120 ) (336 192 120 ) 
4 57 59 (296 192 120 ) (296 0 120 ) (296 0 192 ) (296 192 192 ) 
4 58 74 (192 296 192 ) (192 320 192 ) (192 320 120 ) (192 296 120 ) 
3 58 61 (192 296 120 ) (192 320 120 ) (216 296 120 ) 
4 58 59 (192 296 192 ) (192 296 120 ) (216 296 120 ) (216 296 192 ) 
4 59 248 (296 0 192 ) (192 0 192 ) (192 0 120 ) (296 0 120 ) 
4 59 74 (192 0 120 ) (192 0 192 ) (192 296 192 ) (192 296 120 ) 
4 59 67 (192 105.599998 120 ) (192 113.599991 120 ) (296 92.799988 120 ) (296 84.800011 120 ) 
4 59 66 (192 0 120 ) (192 105.599998 120 ) (296 84.800011 120 ) (296 0 120 ) 
4 59 65 (192 113.599991 120 ) (192 192 120 ) (296 192 120 ) (296 92.799988 120 ) 
5 59 61 (192 192 120 ) (192 296 120 ) (216 296 120 ) (296 216 120 ) (296 192 120 ) 
4 60 71 (192 352 48 ) (192 352 120 ) (192 504 120 ) (192 504 48 ) 
4 61 97 (320 192 40 ) (240 192 40 ) (240 240 40 ) (272 240 40 ) 
4 61 111 (240 192 40 ) (192 192 40 ) (192 240 40 ) (240 240 40 ) 
3 61 84 (192 240 40 ) (192 320 40 ) (272 240 40 ) 
4 61 74 (192 320 40 ) (192 192 40 ) (192 192 120 ) (192 320 120 ) 
4 61 65 (320 192 120 ) (192 192 120 ) (192 192 40 ) (320 192 40 ) 
4 62 251 (352 0 48 ) (352 0 120 ) (336 0 120 ) (336 0 48 ) 
4 62 64 (336 80 48 ) (336 0 48 ) (336 0 120 ) (336 80 120 ) 
4 62 63 (336 192 120 ) (336 192 80 ) (336 80 80 ) (336 80 120 ) 
4 63 67 (320 88 80 ) (320 80 80 ) (320 80 120 ) (320 88 120 ) 
4 63 65 (320 192 120 ) (320 192 80 ) (320 88 80 ) (320 88 120 ) 
4 63 64 (320 80 120 ) (320 80 80 ) (336 80 80 ) (336 80 120 ) 
4 64 252 (336 0 48 ) (336 0 120 ) (320 0 120 ) (320 0 48 ) 
4 64 66 (320 0 48 ) (320 0 120 ) (320 80 120 ) (320 80 48 ) 
4 65 110 (240 192 40 ) (256 192 40 ) (256 100.799995 40 ) (240 104 40 ) 
4 65 108 (256 192 40 ) (272 192 40 ) (272 97.599998 40 ) (256 100.799995 40 ) 
4 65 103 (272 192 40 ) (288 192 40 ) (288 94.399994 40 ) (272 97.599998 40 ) 
4 65 100 (288 192 40 ) (304 192 40 ) (304 91.199997 40 ) (288 94.399994 40 ) 
4 65 98 (304 192 40 ) (320 192 40 ) (320 88 40 ) (304 91.199997 40 ) 
4 65 111 (192 113.599991 40 ) (192 192 40 ) (240 192 40 ) (240 104 40 ) 
4 65 74 (192 192 40 ) (192 113.599991 40 ) (192 113.599991 120 ) (192 192 120 ) 
5 65 67 (320 88 80 ) (320 88 120 ) (192 113.599533 120 ) (192 113.599533 40 ) (240 104 40 ) 
4 66 258 (192 0 120 ) (192 0 40 ) (320 0 40 ) (320 0 120 ) 
4 66 109 (256 0 40 ) (240 0 40 ) (240 96 40 ) (256 92.800003 40 ) 
4 66 106 (272 0 40 ) (256 0 40 ) (256 92.800003 40 ) (272 89.600006 40 ) 
4 66 104 (288 0 40 ) (272 0 40 ) (272 89.600006 40 ) (288 86.400009 40 ) 
4 66 101 (304 0 40 ) (288 0 40 ) (288 86.400009 40 ) (304 83.200005 40 ) 
4 66 111 (240 0 40 ) (192 0 40 ) (192 105.599998 40 ) (240 96 40 ) 
4 66 74 (192 105.599998 40 ) (192 0 40 ) (192 0 120 ) (192 105.599998 120 ) 
5 66 67 (320 80 120 ) (320 80 80 ) (240 96 40 ) (192 105.600471 40 ) (192 105.600471 120 ) 
4 67 111 (192 105.599998 40 ) (192 113.599991 40 ) (240 104 40 ) (240 96 40 ) 
4 67 74 (192 113.599991 40 ) (192 105.599998 40 ) (192 105.599998 120 ) (192 113.599991 120 ) 
4 68 69 (176 504 184 ) (176 504 192 ) (176 512 192 ) (176 512 184 ) 
4 68 71 (192 504 168 ) (192 504 192 ) (176 504 192 ) (176 504 184 ) 
3 69 71 (176 504 184 ) (176 504 192 ) (168 504 192 ) 
4 70 167 (0 512 176 ) (0 512 48 ) (0 504 48 ) (0 504 176 ) 
5 70 71 (0 504 48 ) (176 504 48 ) (176 504 168 ) (168 504 176 ) (0 504 176 ) 
4 71 169 (0 336 192 ) (0 504 192 ) (0 504 48 ) (0 336 48 ) 
4 71 73 (80 336 192 ) (0 336 192 ) (0 336 48 ) (80 336 48 ) 
4 71 72 (192 336 80 ) (192 336 192 ) (80 336 192 ) (80 336 80 ) 
4 72 75 (88 320 192 ) (80 320 192 ) (80 320 80 ) (88 320 80 ) 
4 72 74 (192 320 80 ) (192 320 192 ) (88 320 192 ) (88 320 80 ) 
4 72 73 (80 336 192 ) (80 336 80 ) (80 320 80 ) (80 320 192 ) 
4 73 170 (0 320 192 ) (0 336 192 ) (0 336 48 ) (0 320 48 ) 
4 73 76 (80 320 48 ) (80 320 192 ) (0 320 192 ) (0 320 48 ) 
4 74 258 (152 0 120 ) (152 0 40 ) (192 0 40 ) (192 0 120 ) 
4 74 248 (192 0 192 ) (152 0 192 ) (152 0 120 ) (192 0 120 ) 
4 74 111 (192 240 40 ) (192 0 40 ) (152 0 40 ) (104 240 40 ) 
4 74 95 (192 256 40 ) (192 240 40 ) (104 240 40 ) (100.800003 256 40 ) 
4 74 92 (192 272 40 ) (192 256 40 ) (100.800003 256 40 ) (97.600006 272 40 ) 
4 74 89 (192 288 40 ) (192 272 40 ) (97.600006 272 40 ) (94.400002 288 40 ) 
4 74 85 (88 320 40 ) (192 320 40 ) (192 288 40 ) (94.400002 288 40 ) 
5 74 75 (88 320 192 ) (88 320 80 ) (104 240 40 ) (152 0 40 ) (152 0 192 ) 
4 75 258 (144 0 120 ) (144 0 40 ) (152 0 40 ) (152 0 120 ) 
4 75 248 (152 0 192 ) (144 0 192 ) (144 0 120 ) (152 0 120 ) 
4 75 111 (104 240 40 ) (152 0 40 ) (144 0 40 ) (96 240 40 ) 
5 75 76 (80 320 192 ) (80 320 80 ) (96 240 40 ) (144 0 40 ) (144 0 192 ) 
4 76 258 (0 0 120 ) (0 0 40 ) (144 0 40 ) (144 0 120 ) 
4 76 248 (144 0 192 ) (0 0 192 ) (0 0 120 ) (144 0 120 ) 
4 76 172 (0 0 40 ) (0 0 192 ) (0 320 192 ) (0 320 40 ) 
4 76 111 (0 0 40 ) (0 240 40 ) (96 240 40 ) (144 0 40 ) 
4 76 96 (0 240 40 ) (0 256 40 ) (92.800415 256 40 ) (96 240 40 ) 
4 76 93 (0 256 40 ) (0 272 40 ) (89.600410 272 40 ) (92.800415 256 40 ) 
4 76 90 (0 272 40 ) (0 288 40 ) (86.400406 288 40 ) (89.600410 272 40 ) 
4 76 87 (0 288 40 ) (0 304 40 ) (83.200401 304 40 ) (86.400406 288 40 ) 
4 77 112 (352 512 -16 ) (704 512 -16 ) (704 192 -16 ) (352 192 -16 ) 
4 77 79 (352 192 -16 ) (704 192 -16 ) (704 192 40 ) (352 192 40 ) 
4 77 78 (352 512 -16 ) (352 352 -16 ) (352 352 40 ) (352 512 40 ) 
4 78 112 (320 352 -16 ) (320 512 -16 ) (352 512 -16 ) (352 352 -16 ) 
4 78 81 (320 512 -16 ) (320 352 -16 ) (320 352 40 ) (320 512 40 ) 
4 79 266 (704 0 40 ) (336 0 40 ) (336 0 -16 ) (704 0 -16 ) 
4 79 112 (704 0 -16 ) (336 0 -16 ) (336 192 -16 ) (704 192 -16 ) 
4 79 80 (336 80 -16 ) (336 0 -16 ) (336 0 40 ) (336 80 40 ) 
4 80 267 (336 0 40 ) (320 0 40 ) (320 0 -16 ) (336 0 -16 ) 
4 80 112 (336 0 -16 ) (320 0 -16 ) (320 80 -16 ) (336 80 -16 ) 
4 80 99 (320 0 0 ) (320 0 32 ) (320 80 32 ) (320 80 0 ) 
4 81 112 (192 512 -16 ) (320 512 -16 ) (320 352 -16 ) (192 352 -16 ) 
4 81 82 (192 512 -16 ) (192 352 -16 ) (192 352 40 ) (192 512 40 ) 
4 82 112 (80 512 -16 ) (192 512 -16 ) (192 336 -16 ) (80 336 -16 ) 
4 82 83 (80 512 -16 ) (80 336 -16 ) (80 336 40 ) (80 512 40 ) 
4 83 190 (0 320 40 ) (0 512 40 ) (0 512 -16 ) (0 320 -16 ) 
4 83 112 (0 320 -16 ) (0 512 -16 ) (80 512 -16 ) (80 320 -16 ) 
4 83 86 (80 320 0 ) (80 320 32 ) (0 320 32 ) (0 320 0 ) 
4 84 97 (272 240 40 ) (240 240 40 ) (240 240 0 ) (272 240 0 ) 
4 84 111 (240 240 40 ) (192 240 40 ) (192 240 0 ) (240 240 0 ) 
4 84 95 (192 256 0 ) (192 240 0 ) (192 240 40 ) (192 256 40 ) 
4 84 92 (192 272 0 ) (192 256 0 ) (192 256 40 ) (192 272 40 ) 
4 84 89 (192 288 0 ) (192 272 0 ) (192 272 40 ) (192 288 40 ) 
4 84 85 (192 320 40 ) (192 320 0 ) (192 288 0 ) (192 288 40 ) 
4 85 89 (94.399994 288 0 ) (192 288 0 ) (192 288 40 ) (94.400002 288 40 ) 
4 86 194 (0 320 32 ) (0 320 0 ) (0 304 0 ) (0 304 32 ) 
4 86 88 (0 304 0 ) (83.195313 304 0 ) (83.195313 304 24 ) (0 304 24 ) 
4 87 196 (0 288 40 ) (0 304 40 ) (0 304 32 ) (0 288 32 ) 
4 87 90 (86.400398 288 32 ) (86.400398 288 40 ) (0 288 40 ) (0 288 32 ) 
4 88 197 (0 304 24 ) (0 304 0 ) (0 288 0 ) (0 288 24 ) 
4 88 91 (0 288 0 ) (86.400406 288 0 ) (86.400398 288 16 ) (0 288 16 ) 
4 89 92 (97.600006 272 0 ) (192 272 0 ) (192 272 40 ) (97.600006 272 40 ) 
4 90 199 (0 272 40 ) (0 288 40 ) (0 288 24 ) (0 272 24 ) 
4 90 93 (89.600403 272 24 ) (89.600403 272 40 ) (0 272 40 ) (0 272 24 ) 
4 91 200 (0 288 16 ) (0 288 0 ) (0 272 0 ) (0 272 16 ) 
4 91 94 (0 272 0 ) (89.600403 272 0 ) (89.600403 272 8 ) (0 272 8 ) 
4 92 95 (100.799995 256 0 ) (192 256 0 ) (192 256 40 ) (100.800003 256 40 ) 
4 93 201 (0 256 40 ) (0 272 40 ) (0 272 16 ) (0 256 16 ) 
4 93 96 (92.800415 256 40 ) (0 256 40 ) (0 256 16 ) (92.800407 256 16 ) 
4 94 202 (0 272 8 ) (0 272 0 ) (0 256 0 ) (0 256 8 ) 
4 95 111 (192 240 40 ) (104 240 40 ) (104 240 0 ) (192 240 0 ) 
4 96 204 (0 240 40 ) (0 256 40 ) (0 256 8 ) (0 240 8 ) 
4 96 111 (96 240 40 ) (0 240 40 ) (0 240 8 ) (96 240 8 ) 
4 97 110 (240 192 40 ) (240 192 0 ) (256 192 0 ) (256 192 40 ) 
4 97 108 (256 192 0 ) (272 192 0 ) (272 192 40 ) (256 192 40 ) 
4 97 103 (272 192 0 ) (288 192 0 ) (288 192 40 ) (272 192 40 ) 
4 97 100 (288 192 0 ) (304 192 0 ) (304 192 40 ) (288 192 40 ) 
4 97 98 (304 192 0 ) (320 192 0 ) (320 192 40 ) (304 192 40 ) 
4 97 111 (240 240 40 ) (240 240 0 ) (240 192 0 ) (240 192 40 ) 
4 98 100 (304 192 40 ) (304 192 0 ) (304 91.200005 0 ) (304 91.199997 40 ) 
4 99 270 (304 0 32 ) (304 0 0 ) (320 0 0 ) (320 0 32 ) 
4 99 102 (304 83.199997 0 ) (304 0 0 ) (304 0 24 ) (304 83.200005 24 ) 
4 100 103 (288 192 40 ) (288 192 0 ) (288 94.399994 0 ) (288 94.399994 40 ) 
4 101 271 (304 0 40 ) (288 0 40 ) (288 0 32 ) (304 0 32 ) 
4 101 104 (288 0 32 ) (288 0 40 ) (288 86.400009 40 ) (288 86.400009 32 ) 
4 102 272 (288 0 24 ) (288 0 0 ) (304 0 0 ) (304 0 24 ) 
4 102 105 (288 86.400002 0 ) (288 0 0 ) (288 0 16 ) (288 86.400009 16 ) 
4 103 108 (272 192 40 ) (272 192 0 ) (272 97.599991 0 ) (272 97.599998 40 ) 
4 104 274 (288 0 40 ) (272 0 40 ) (272 0 24 ) (288 0 24 ) 
4 104 106 (272 0 24 ) (272 0 40 ) (272 89.599991 40 ) (272 89.599998 24 ) 
4 105 275 (272 0 16 ) (272 0 0 ) (288 0 0 ) (288 0 16 ) 
4 105 107 (272 89.599998 0 ) (272 0 0 ) (272 0 8 ) (272 89.599998 8 ) 
4 106 277 (272 0 40 ) (256 0 40 ) (256 0 16 ) (272 0 16 ) 
4 106 109 (256 0 16 ) (256 0 40 ) (256 92.800011 40 ) (256 92.800018 16 ) 
4 107 278 (256 0 8 ) (256 0 0 ) (272 0 0 ) (272 0 8 ) 
4 108 110 (256 192 40 ) (256 192 0 ) (256 100.799988 0 ) (256 100.800003 40 ) 
4 109 280 (256 0 40 ) (240 0 40 ) (240 0 8 ) (256 0 8 ) 
4 109 111 (240 0 8 ) (240 0 40 ) (240 96 40 ) (240 96 8 ) 
4 110 111 (240 192 0 ) (240 104 0 ) (240 104 40 ) (240 192 40 ) 
4 111 282 (240 0 40 ) (0 0 40 ) (0 0 0 ) (240 0 0 ) 
4 111 207 (0 0 0 ) (0 0 40 ) (0 240 40 ) (0 240 0 ) 
4 112 301 (704 0 -320 ) (704 0 -16 ) (0 0 -16 ) (0 0 -320 ) 
4 112 226 (0 0 -320 ) (0 0 -16 ) (0 512 -16 ) (0 512 -320 ) 
4 113 124 (-576 528 40 ) (-576 528 -320 ) (0 528 -320 ) (0 528 40 ) 
3 113 122 (-184 528 176 ) (-192 528 176 ) (-192 528 168 ) 
5 113 121 (-176 528 40 ) (0 528 40 ) (0 528 176 ) (-168 528 176 ) (-176 528 168 ) 
4 113 120 (-168 528 192 ) (-192 528 192 ) (-192 528 176 ) (-184 528 176 ) 
4 113 123 (-576 528 192 ) (-576 528 40 ) (-192 528 40 ) (-192 528 192 ) 
4 113 117 (-176 528 408 ) (-192 528 408 ) (-192 528 384 ) (-176 528 400 ) 
5 113 116 (0 528 256 ) (0 528 392 ) (-168 528 392 ) (-176 528 384 ) (-176 528 256 ) 
3 113 115 (-168 528 408 ) (-176 528 408 ) (-176 528 400 ) 
4 113 118 (-192 528 192 ) (0 528 192 ) (0 528 256 ) (-192 528 256 ) 
4 113 119 (-576 528 408 ) (-576 528 192 ) (-192 528 192 ) (-192 528 408 ) 
4 113 114 (-576 528 640 ) (-576 528 408 ) (0 528 408 ) (0 528 640 ) 
4 114 143 (-520 520 640 ) (-576 520 640 ) (-576 520 408 ) (-520 520 408 ) 
4 114 140 (-192 520 640 ) (-520 520 640 ) (-520 520 464 ) (-192 520 464 ) 
4 114 125 (0 520 464 ) (0 520 640 ) (-192 520 640 ) (-192 520 464 ) 
4 114 117 (-176 520 408 ) (-192 520 408 ) (-192 528 408 ) (-176 528 408 ) 
4 114 115 (-168 520 408 ) (-176 520 408 ) (-176 528 408 ) (-168 528 408 ) 
4 114 119 (-192 520 408 ) (-576 520 408 ) (-576 528 408 ) (-192 528 408 ) 
4 115 117 (-176 520 400 ) (-176 520 408 ) (-176 528 408 ) (-176 528 400 ) 
5 116 128 (0 520 256 ) (0 520 392 ) (-168 520 392 ) (-176 520 384 ) (-176 520 256 ) 
4 116 118 (0 520 256 ) (-176 520 256 ) (-176 528 256 ) (0 528 256 ) 
4 117 119 (-192 520 384 ) (-192 520 408 ) (-192 528 408 ) (-192 528 384 ) 
4 118 132 (0 520 248 ) (0 520 256 ) (-192 520 256 ) (-192 520 248 ) 
4 118 120 (-168 520 192 ) (-192 520 192 ) (-192 528 192 ) (-168 528 192 ) 
4 118 119 (-192 528 192 ) (-192 520 192 ) (-192 520 256 ) (-192 528 256 ) 
4 119 143 (-520 520 408 ) (-576 520 408 ) (-576 520 192 ) (-520 520 192 ) 
4 119 141 (-520 520 256 ) (-520 520 248 ) (-192 520 248 ) (-192 520 256 ) 
4 119 123 (-192 520 192 ) (-576 520 192 ) (-576 528 192 ) (-192 528 192 ) 
4 120 122 (-184 520 176 ) (-192 520 176 ) (-192 528 176 ) (-184 528 176 ) 
4 120 123 (-192 520 176 ) (-192 520 192 ) (-192 528 192 ) (-192 528 176 ) 
5 121 135 (0 520 40 ) (0 520 176 ) (-168 520 176 ) (-176 520 168 ) (-176 520 40 ) 
4 121 124 (0 520 40 ) (-176 520 40 ) (-176 528 40 ) (0 528 40 ) 
4 122 123 (-192 520 168 ) (-192 520 176 ) (-192 528 176 ) (-192 528 168 ) 
4 123 143 (-520 520 192 ) (-576 520 192 ) (-576 520 40 ) (-520 520 40 ) 
4 123 124 (-192 520 40 ) (-576 520 40 ) (-576 528 40 ) (-192 528 40 ) 
4 124 143 (-520 520 40 ) (-576 520 40 ) (-576 520 -320 ) (-520 520 -320 ) 
4 124 142 (-192 520 40 ) (-520 520 40 ) (-520 520 -320 ) (-192 520 -320 ) 
4 124 139 (0 520 -320 ) (0 520 40 ) (-192 520 40 ) (-192 520 -320 ) 
4 125 144 (0 512 464 ) (0 512 640 ) (-192 512 640 ) (-192 512 464 ) 
4 125 140 (-192 520 640 ) (-192 520 464 ) (-192 512 464 ) (-192 512 640 ) 
4 126 128 (0 512 396 ) (-168 512 396 ) (-168 520 396 ) (0 520 396 ) 
4 126 127 (-168 520 396 ) (-168 512 396 ) (-168 512 407.998016 ) (-168 520 407.998016 ) 
4 127 129 (-168 512 396 ) (-180 512 396 ) (-180 520 396 ) (-168 520 396 ) 
5 128 150 (0 512 256 ) (0 512 392 ) (-168 512 392 ) (-176 512 384 ) (-176 512 256 ) 
4 128 131 (-180 520 256 ) (-180 512 256 ) (-180 512 384 ) (-180 520 384 ) 
4 128 132 (0 512 256 ) (-180 512 256 ) (-180 520 256 ) (0 520 256 ) 
4 128 129 (-180 520 384 ) (-180 512 384 ) (-168 512 396 ) (-168 520 396 ) 
4 129 130 (-180 512 384 ) (-180 512 396 ) (-180 520 396 ) (-180 520 384 ) 
4 130 131 (-192 512 384 ) (-192 520 384 ) (-180 520 384 ) (-180 512 384 ) 
4 131 132 (-180 512 256 ) (-192 512 256 ) (-192 520 256 ) (-180 520 256 ) 
4 132 141 (-192 520 256 ) (-192 520 248 ) (-192 512 248 ) (-192 512 256 ) 
4 133 135 (0 512 180 ) (-168 512 180 ) (-168 520 180 ) (0 520 180 ) 
4 133 134 (-168 520 180 ) (-168 512 180 ) (-168 512 192 ) (-168 520 192 ) 
4 134 136 (-168 512 180 ) (-180 512 180 ) (-180 520 180 ) (-168 520 180 ) 
5 135 167 (0 512 48 ) (0 512 176 ) (-168 512 176 ) (-176 512 168 ) (-176 512 48 ) 
4 135 139 (0 512 40 ) (-180 512 40 ) (-180 520 40 ) (0 520 40 ) 
4 135 138 (-180 520 40 ) (-180 512 40 ) (-180 512 168 ) (-180 520 168 ) 
4 135 136 (-180 520 168 ) (-180 512 168 ) (-168 512 180 ) (-168 520 180 ) 
4 136 137 (-180 512 168 ) (-180 512 180 ) (-180 520 180 ) (-180 520 168 ) 
4 137 138 (-192 512 168 ) (-192 520 168 ) (-180 520 168 ) (-180 512 168 ) 
4 138 139 (-180 512 40 ) (-192 512 40 ) (-192 520 40 ) (-180 520 40 ) 
4 139 226 (0 512 -320 ) (0 512 -16 ) (-192 512 -16 ) (-192 512 -320 ) 
4 139 191 (-80 512 40 ) (-192 512 40 ) (-192 512 -16 ) (-80 512 -16 ) 
4 139 190 (0 512 -16 ) (0 512 40 ) (-80 512 40 ) (-80 512 -16 ) 
4 139 142 (-192 520 40 ) (-192 520 -320 ) (-192 512 -320 ) (-192 512 40 ) 
4 140 144 (-192 512 464 ) (-192 512 640 ) (-520 512 640 ) (-520 512 464 ) 
4 140 143 (-520 520 640 ) (-520 520 464 ) (-520 512 464 ) (-520 512 640 ) 
4 141 159 (-512 512 256 ) (-520 512 256 ) (-520 512 248 ) (-512 512 248 ) 
4 141 143 (-520 520 256 ) (-520 520 248 ) (-520 512 248 ) (-520 512 256 ) 
4 142 226 (-192 512 -320 ) (-192 512 -16 ) (-520 512 -16 ) (-520 512 -320 ) 
4 142 222 (-320 512 40 ) (-352 512 40 ) (-352 512 -16 ) (-320 512 -16 ) 
4 142 223 (-352 512 40 ) (-520 512 40 ) (-520 512 -16 ) (-352 512 -16 ) 
4 142 192 (-192 512 -16 ) (-192 512 40 ) (-320 512 40 ) (-320 512 -16 ) 
4 142 143 (-520 520 40 ) (-520 520 -320 ) (-520 512 -320 ) (-520 512 40 ) 
4 143 226 (-520 512 -320 ) (-520 512 -16 ) (-576 512 -16 ) (-576 512 -320 ) 
4 143 223 (-520 512 -16 ) (-520 512 40 ) (-576 512 40 ) (-576 512 -16 ) 
4 143 189 (-520 512 40 ) (-520 512 192 ) (-576 512 192 ) (-576 512 40 ) 
4 143 165 (-520 512 192 ) (-520 512 248 ) (-576 512 248 ) (-576 512 192 ) 
4 143 159 (-520 512 248 ) (-520 512 256 ) (-576 512 256 ) (-576 512 248 ) 
4 143 157 (-520 512 256 ) (-520 512 456 ) (-576 512 456 ) (-576 512 256 ) 
4 143 147 (-520 512 456 ) (-520 512 464 ) (-576 512 464 ) (-576 512 456 ) 
4 143 144 (-520 512 464 ) (-520 512 640 ) (-576 512 640 ) (-576 512 464 ) 
4 144 302 (0 0 464 ) (0 0 640 ) (-576 0 640 ) (-576 0 464 ) 
4 144 147 (-520 0 464 ) (-576 0 464 ) (-576 512 464 ) (-520 512 464 ) 
4 144 145 (0 0 464 ) (-184 0 464 ) (-184 184 464 ) (0 184 464 ) 
4 145 303 (0 0 460 ) (0 0 464 ) (-184 0 464 ) (-184 0 460 ) 
4 145 146 (0 0 460 ) (-184 0 460 ) (-184 184 460 ) (0 184 460 ) 
4 146 304 (0 0 456 ) (0 0 460 ) (-184 0 460 ) (-184 0 456 ) 
4 146 152 (0 184 456 ) (0 0 456 ) (-184 0 456 ) (-184 184 456 ) 
4 147 310 (-520 0 464 ) (-576 0 464 ) (-576 0 456 ) (-520 0 456 ) 
4 147 157 (-576 512 456 ) (-520 512 456 ) (-520 0 456 ) (-576 0 456 ) 
4 148 153 (-192 504 408 ) (-192 504 456 ) (-192 512 456 ) (-192 512 408 ) 
4 148 151 (-176 504 408 ) (-192 504 408 ) (-192 512 408 ) (-176 512 408 ) 
4 148 149 (-168 504 408 ) (-176 504 408 ) (-176 512 408 ) (-168 512 408 ) 
4 148 152 (-192 504 456 ) (-192 504 408 ) (0 504 408 ) (0 504 456 ) 
4 149 151 (-176 504 400 ) (-176 504 408 ) (-176 512 408 ) (-176 512 400 ) 
3 149 152 (-168 504 408 ) (-176 504 408 ) (-176 504 400 ) 
5 150 152 (-176 504 256 ) (0 504 256 ) (0 504 392 ) (-168 504 392 ) (-176 504 384 ) 
4 151 153 (-192 504 384 ) (-192 504 408 ) (-192 512 408 ) (-192 512 384 ) 
4 151 152 (-192 504 408 ) (-192 504 384 ) (-176 504 400 ) (-176 504 408 ) 
4 152 307 (0 0 256 ) (0 0 456 ) (-192 0 456 ) (-192 0 256 ) 
4 152 158 (0 0 256 ) (-184 0 256 ) (-184 184 256 ) (0 184 256 ) 
4 152 155 (-192 320 256 ) (-192 0 256 ) (-192 0 456 ) (-192 320 456 ) 
4 152 153 (-192 504 256 ) (-192 352 256 ) (-192 352 456 ) (-192 504 456 ) 
4 153 156 (-352 512 256 ) (-352 352 256 ) (-352 352 456 ) (-352 512 456 ) 
4 154 156 (-352 192 256 ) (-352 160 256 ) (-352 160 456 ) (-352 192 456 ) 
4 154 155 (-352 160 456 ) (-352 160 256 ) (-320 192 256 ) (-320 192 456 ) 
4 155 307 (-192 0 456 ) (-352 0 456 ) (-352 0 256 ) (-192 0 256 ) 
4 155 156 (-352 160 256 ) (-352 0 256 ) (-352 0 456 ) (-352 160 456 ) 
4 156 309 (-352 0 456 ) (-512 0 456 ) (-512 0 256 ) (-352 0 256 ) 
4 157 310 (-520 0 456 ) (-576 0 456 ) (-576 0 256 ) (-520 0 256 ) 
4 157 159 (-520 0 256 ) (-576 0 256 ) (-576 512 256 ) (-520 512 256 ) 
4 158 313 (0 0 248 ) (0 0 256 ) (-184 0 256 ) (-184 0 248 ) 
4 158 163 (0 184 248 ) (0 0 248 ) (-184 0 248 ) (-184 184 248 ) 
4 159 314 (-512 0 256 ) (-576 0 256 ) (-576 0 248 ) (-512 0 248 ) 
4 159 165 (-576 512 248 ) (-520 512 248 ) (-520 0 248 ) (-576 0 248 ) 
4 160 175 (-352 512 192 ) (-192 512 192 ) (-192 352 192 ) (-352 352 192 ) 
4 160 166 (-192 512 192 ) (-168 512 192 ) (-168 504 192 ) (-192 504 192 ) 
4 160 169 (0 504 192 ) (0 352 192 ) (-192 352 192 ) (-192 504 192 ) 
4 160 164 (-352 512 192 ) (-352 352 192 ) (-352 352 248 ) (-352 512 248 ) 
4 160 161 (-192 352 192 ) (-160 352 192 ) (-160 352 248 ) (-192 352 248 ) 
4 160 163 (-160 352 192 ) (0 352 192 ) (0 352 248 ) (-160 352 248 ) 
3 161 171 (-176 336 192 ) (-192 320 192 ) (-192 336 192 ) 
4 161 169 (-192 352 192 ) (-160 352 192 ) (-176 336 192 ) (-192 336 192 ) 
4 161 163 (-192 320 192 ) (-160 352 192 ) (-160 352 248 ) (-192 320 248 ) 
3 162 179 (-352 160 192 ) (-352 192 192 ) (-320 192 192 ) 
4 162 164 (-352 192 192 ) (-352 160 192 ) (-352 160 248 ) (-352 192 248 ) 
4 162 163 (-352 160 248 ) (-352 160 192 ) (-320 192 192 ) (-320 192 248 ) 
4 163 319 (0 0 192 ) (0 0 248 ) (-352 0 248 ) (-352 0 192 ) 
3 163 178 (-320 192 192 ) (-296 216 192 ) (-296 192 192 ) 
5 163 179 (-296 0 192 ) (-352 0 192 ) (-352 160 192 ) (-320 192 192 ) (-296 192 192 ) 
5 163 177 (-192 0 192 ) (-296 0 192 ) (-296 216 192 ) (-216 296 192 ) (-192 296 192 ) 
3 163 176 (-216 296 192 ) (-192 320 192 ) (-192 296 192 ) 
4 163 174 (-144 0 192 ) (-152 0 192 ) (-88 320 192 ) (-80 320 192 ) 
4 163 173 (-152 0 192 ) (-192 0 192 ) (-192 320 192 ) (-88 320 192 ) 
4 163 172 (0 320 192 ) (0 0 192 ) (-144 0 192 ) (-80 320 192 ) 
4 163 171 (-80 320 192 ) (-192 320 192 ) (-176 336 192 ) (-80 336 192 ) 
4 163 170 (0 336 192 ) (0 320 192 ) (-80 320 192 ) (-80 336 192 ) 
4 163 169 (0 352 192 ) (0 336 192 ) (-176 336 192 ) (-160 352 192 ) 
4 163 164 (-352 160 192 ) (-352 0 192 ) (-352 0 248 ) (-352 160 248 ) 
4 164 337 (-352 0 248 ) (-512 0 248 ) (-512 0 192 ) (-352 0 192 ) 
4 164 188 (-512 512 192 ) (-352 512 192 ) (-352 0 192 ) (-512 0 192 ) 
4 165 338 (-520 0 248 ) (-576 0 248 ) (-576 0 192 ) (-520 0 192 ) 
4 165 189 (-576 512 192 ) (-520 512 192 ) (-520 0 192 ) (-576 0 192 ) 
4 166 175 (-192 504 192 ) (-192 512 192 ) (-192 512 176 ) (-192 504 176 ) 
4 166 168 (-184 504 176 ) (-192 504 176 ) (-192 512 176 ) (-184 512 176 ) 
4 166 169 (-192 504 192 ) (-192 504 176 ) (-184 504 176 ) (-168 504 192 ) 
5 167 169 (-176 504 48 ) (0 504 48 ) (0 504 176 ) (-168 504 176 ) (-176 504 168 ) 
4 168 175 (-192 512 176 ) (-192 512 168 ) (-192 504 168 ) (-192 504 176 ) 
3 168 169 (-192 504 176 ) (-192 504 168 ) (-184 504 176 ) 
4 169 180 (-192 352 120 ) (-192 504 120 ) (-192 504 48 ) (-192 352 48 ) 
4 169 175 (-192 352 192 ) (-192 504 192 ) (-192 504 120 ) (-192 352 120 ) 
4 169 171 (-192 336 192 ) (-192 336 80 ) (-80 336 80 ) (-80 336 192 ) 
4 169 170 (-80 336 48 ) (0 336 48 ) (0 336 192 ) (-80 336 192 ) 
4 170 172 (0 320 48 ) (0 320 192 ) (-80 320 192 ) (-80 320 48 ) 
4 170 171 (-80 336 192 ) (-80 336 80 ) (-80 320 80 ) (-80 320 192 ) 
4 171 174 (-88 320 80 ) (-80 320 80 ) (-80 320 192 ) (-88 320 192 ) 
4 171 173 (-192 320 192 ) (-192 320 80 ) (-88 320 80 ) (-88 320 192 ) 
4 172 326 (0 0 40 ) (0 0 120 ) (-144 0 120 ) (-144 0 40 ) 
4 172 320 (0 0 120 ) (0 0 192 ) (-144 0 192 ) (-144 0 120 ) 
4 172 207 (0 0 40 ) (-144 0 40 ) (-96 240 40 ) (0 240 40 ) 
4 172 204 (-96 240 40 ) (-92.800003 256 40 ) (0 256 40 ) (0 240 40 ) 
4 172 201 (-92.800003 256 40 ) (-89.600006 272 40 ) (0 272 40 ) (0 256 40 ) 
4 172 199 (-89.600006 272 40 ) (-86.400002 288 40 ) (0 288 40 ) (0 272 40 ) 
4 172 196 (-86.400002 288 40 ) (-83.199997 304 40 ) (0 304 40 ) (0 288 40 ) 
5 172 174 (-80 320 192 ) (-80 320 80 ) (-96 240 40 ) (-144 0 40 ) (-144 0 192 ) 
4 173 326 (-192 0 120 ) (-192 0 40 ) (-152 0 40 ) (-152 0 120 ) 
4 173 320 (-152 0 192 ) (-192 0 192 ) (-192 0 120 ) (-152 0 120 ) 
4 173 207 (-152 0 40 ) (-192 0 40 ) (-192 240 40 ) (-104 240 40 ) 
4 173 205 (-192 240 40 ) (-192 256 40 ) (-100.799995 256 40 ) (-104 240 40 ) 
4 173 203 (-192 256 40 ) (-192 272 40 ) (-97.599991 272 40 ) (-100.799995 256 40 ) 
4 173 198 (-192 272 40 ) (-192 288 40 ) (-94.399994 288 40 ) (-97.599991 272 40 ) 
4 173 195 (-192 288 40 ) (-192 304 40 ) (-91.199997 304 40 ) (-94.399994 288 40 ) 
4 173 193 (-192 304 40 ) (-192 320 40 ) (-88 320 40 ) (-91.199997 304 40 ) 
4 173 184 (-192 113.599991 40 ) (-192 105.599983 40 ) (-192 105.599983 120 ) (-192 113.599991 120 ) 
4 173 183 (-192 105.599983 40 ) (-192 0 40 ) (-192 0 120 ) (-192 105.599983 120 ) 
4 173 182 (-192 192 40 ) (-192 113.599991 40 ) (-192 113.599991 120 ) (-192 192 120 ) 
4 173 181 (-192 320 40 ) (-192 192 40 ) (-192 192 120 ) (-192 320 120 ) 
4 173 177 (-192 0 120 ) (-192 0 192 ) (-192 296 192 ) (-192 296 120 ) 
4 173 176 (-192 296 192 ) (-192 320 192 ) (-192 320 120 ) (-192 296 120 ) 
5 173 174 (-152 0 40 ) (-104 240 40 ) (-88 320 80 ) (-88 320 192 ) (-152 0 192 ) 
4 174 326 (-152 0 120 ) (-152 0 40 ) (-144 0 40 ) (-144 0 120 ) 
4 174 320 (-144 0 192 ) (-152 0 192 ) (-152 0 120 ) (-144 0 120 ) 
4 174 207 (-144 0 40 ) (-152 0 40 ) (-104 240 40 ) (-96 240 40 ) 
4 175 188 (-352 352 192 ) (-352 512 192 ) (-352 512 120 ) (-352 352 120 ) 
4 175 180 (-352 352 120 ) (-352 512 120 ) (-192 512 120 ) (-192 352 120 ) 
3 176 181 (-192 320 120 ) (-192 296 120 ) (-216 296 120 ) 
4 176 177 (-216 296 120 ) (-192 296 120 ) (-192 296 192 ) (-216 296 192 ) 
4 177 320 (-192 0 192 ) (-296 0 192 ) (-296 0 120 ) (-192 0 120 ) 
4 177 184 (-192 113.599991 120 ) (-192 105.599983 120 ) (-296 84.799995 120 ) (-296 92.799988 120 ) 
4 177 183 (-192 105.599983 120 ) (-192 0 120 ) (-296 0 120 ) (-296 84.799995 120 ) 
4 177 182 (-192 192 120 ) (-192 113.599991 120 ) (-296 92.799988 120 ) (-296 192 120 ) 
5 177 181 (-216 296 120 ) (-192 296 120 ) (-192 192 120 ) (-296 192 120 ) (-296 216 120 ) 
4 177 178 (-296 216 120 ) (-296 192 120 ) (-296 192 192 ) (-296 216 192 ) 
4 177 179 (-296 192 120 ) (-296 0 120 ) (-296 0 192 ) (-296 192 192 ) 
3 178 181 (-296 216 120 ) (-296 192 120 ) (-320 192 120 ) 
4 178 179 (-320 192 120 ) (-296 192 120 ) (-296 192 192 ) (-320 192 192 ) 
4 179 323 (-296 0 192 ) (-352 0 192 ) (-352 0 120 ) (-296 0 120 ) 
4 179 188 (-352 0 120 ) (-352 0 192 ) (-352 192 192 ) (-352 192 120 ) 
4 179 187 (-352 0 120 ) (-352 192 120 ) (-336 192 120 ) (-336 0 120 ) 
4 179 186 (-320 80 120 ) (-320 0 120 ) (-336 0 120 ) (-336 80 120 ) 
4 179 185 (-336 192 120 ) (-320 192 120 ) (-320 80 120 ) (-336 80 120 ) 
4 179 184 (-296 92.799988 120 ) (-296 84.799995 120 ) (-320 80 120 ) (-320 88 120 ) 
4 179 183 (-296 84.799995 120 ) (-296 0 120 ) (-320 0 120 ) (-320 80 120 ) 
4 179 182 (-320 192 120 ) (-296 192 120 ) (-296 92.799988 120 ) (-320 88 120 ) 
4 180 188 (-352 352 48 ) (-352 352 120 ) (-352 512 120 ) (-352 512 48 ) 
4 181 208 (-240 192 40 ) (-320 192 40 ) (-272 240 40 ) (-240 240 40 ) 
4 181 207 (-192 240 40 ) (-192 192 40 ) (-240 192 40 ) (-240 240 40 ) 
3 181 206 (-192 320 40 ) (-192 240 40 ) (-272 240 40 ) 
4 181 182 (-192 192 40 ) (-192 192 120 ) (-320 192 120 ) (-320 192 40 ) 
4 182 220 (-320 88 40 ) (-320 192 40 ) (-304 192 40 ) (-304 91.199997 40 ) 
4 182 217 (-304 192 40 ) (-288 192 40 ) (-288 94.399994 40 ) (-304 91.199997 40 ) 
4 182 214 (-288 192 40 ) (-272 192 40 ) (-272 97.599998 40 ) (-288 94.399994 40 ) 
4 182 213 (-272 192 40 ) (-256 192 40 ) (-256 100.799995 40 ) (-272 97.599998 40 ) 
4 182 210 (-256 192 40 ) (-240 192 40 ) (-240 104 40 ) (-256 100.799995 40 ) 
4 182 207 (-240 192 40 ) (-192 192 40 ) (-192 113.599991 40 ) (-240 104 40 ) 
4 182 185 (-320 192 120 ) (-320 192 80 ) (-320 88 80 ) (-320 88 120 ) 
5 182 184 (-320 88 120 ) (-320 88 80 ) (-240 104 40 ) (-192 113.599541 40 ) (-192 113.599541 120 ) 
4 183 326 (-320 0 40 ) (-192 0 40 ) (-192 0 120 ) (-320 0 120 ) 
4 183 218 (-288 0 40 ) (-304 0 40 ) (-304 83.199989 40 ) (-288 86.399994 40 ) 
4 183 215 (-272 0 40 ) (-288 0 40 ) (-288 86.399994 40 ) (-272 89.599991 40 ) 
4 183 211 (-256 0 40 ) (-272 0 40 ) (-272 89.599991 40 ) (-256 92.799988 40 ) 
4 183 209 (-240 0 40 ) (-256 0 40 ) (-256 92.799988 40 ) (-240 96 40 ) 
4 183 207 (-192 0 40 ) (-240 0 40 ) (-240 96 40 ) (-192 105.599983 40 ) 
4 183 186 (-320 0 48 ) (-320 0 120 ) (-320 80 120 ) (-320 80 48 ) 
5 183 184 (-320 80 80 ) (-320 80 120 ) (-192 105.600464 120 ) (-192 105.600464 40 ) (-240 96 40 ) 
4 184 207 (-240 104 40 ) (-192 113.599991 40 ) (-192 105.599983 40 ) (-240 96 40 ) 
4 184 185 (-320 80 80 ) (-320 80 120 ) (-320 88 120 ) (-320 88 80 ) 
4 185 187 (-336 192 120 ) (-336 192 80 ) (-336 80 80 ) (-336 80 120 ) 
4 185 186 (-336 80 120 ) (-336 80 80 ) (-320 80 80 ) (-320 80 120 ) 
4 186 328 (-320 0 48 ) (-320 0 120 ) (-336 0 120 ) (-336 0 48 ) 
4 186 187 (-336 0 48 ) (-336 0 120 ) (-336 80 120 ) (-336 80 48 ) 
4 187 330 (-352 0 120 ) (-352 0 48 ) (-336 0 48 ) (-336 0 120 ) 
4 187 188 (-352 0 48 ) (-352 0 120 ) (-352 192 120 ) (-352 192 48 ) 
4 188 337 (-352 0 192 ) (-512 0 192 ) (-512 0 48 ) (-352 0 48 ) 
4 189 338 (-520 0 192 ) (-576 0 192 ) (-576 0 40 ) (-520 0 40 ) 
4 189 225 (-520 0 40 ) (-576 0 40 ) (-576 192 40 ) (-520 192 40 ) 
4 189 223 (-576 192 40 ) (-576 512 40 ) (-520 512 40 ) (-520 192 40 ) 
4 190 226 (-80 512 -16 ) (0 512 -16 ) (0 320 -16 ) (-80 320 -16 ) 
4 190 194 (0 320 0 ) (0 320 32 ) (-80 320 32 ) (-80 320 0 ) 
4 190 191 (-80 512 -16 ) (-80 336 -16 ) (-80 336 40 ) (-80 512 40 ) 
4 191 226 (-192 512 -16 ) (-80 512 -16 ) (-80 336 -16 ) (-192 336 -16 ) 
4 191 192 (-192 512 -16 ) (-192 352 -16 ) (-192 352 40 ) (-192 512 40 ) 
4 192 226 (-320 512 -16 ) (-192 512 -16 ) (-192 352 -16 ) (-320 352 -16 ) 
4 192 222 (-320 512 -16 ) (-320 352 -16 ) (-320 352 40 ) (-320 512 40 ) 
4 193 206 (-192 320 40 ) (-192 320 0 ) (-192 304 0 ) (-192 304 40 ) 
4 193 195 (-192 304 40 ) (-192 304 0 ) (-91.200005 304 0 ) (-91.199997 304 40 ) 
4 194 197 (-83.199997 304 0 ) (0 304 0 ) (0 304 24 ) (-83.200005 304 24 ) 
4 195 206 (-192 304 0 ) (-192 288 0 ) (-192 288 40 ) (-192 304 40 ) 
4 195 198 (-192 288 40 ) (-192 288 0 ) (-94.399994 288 0 ) (-94.399994 288 40 ) 
4 196 199 (0 288 32 ) (0 288 40 ) (-86.400009 288 40 ) (-86.400009 288 32 ) 
4 197 200 (-86.400002 288 0 ) (0 288 0 ) (0 288 16 ) (-86.400009 288 16 ) 
4 198 206 (-192 288 0 ) (-192 272 0 ) (-192 272 40 ) (-192 288 40 ) 
4 198 203 (-192 272 40 ) (-192 272 0 ) (-97.599991 272 0 ) (-97.599998 272 40 ) 
4 199 201 (0 272 24 ) (0 272 40 ) (-89.599991 272 40 ) (-89.599998 272 24 ) 
4 200 202 (-89.599998 272 0 ) (0 272 0 ) (0 272 8 ) (-89.599998 272 8 ) 
4 201 204 (0 256 16 ) (0 256 40 ) (-92.800011 256 40 ) (-92.800018 256 16 ) 
4 203 206 (-192 272 0 ) (-192 256 0 ) (-192 256 40 ) (-192 272 40 ) 
4 203 205 (-192 256 40 ) (-192 256 0 ) (-100.799988 256 0 ) (-100.800003 256 40 ) 
4 204 207 (0 240 8 ) (0 240 40 ) (-96 240 40 ) (-96 240 8 ) 
4 205 207 (-192 240 0 ) (-104 240 0 ) (-104 240 40 ) (-192 240 40 ) 
4 205 206 (-192 256 0 ) (-192 240 0 ) (-192 240 40 ) (-192 256 40 ) 
4 206 208 (-272 240 0 ) (-240 240 0 ) (-240 240 40 ) (-272 240 40 ) 
4 206 207 (-240 240 0 ) (-192 240 0 ) (-192 240 40 ) (-240 240 40 ) 
4 207 343 (0 0 0 ) (0 0 40 ) (-240 0 40 ) (-240 0 0 ) 
4 207 210 (-240 192 0 ) (-240 104 0 ) (-240 104 40 ) (-240 192 40 ) 
4 207 209 (-240 0 8 ) (-240 0 40 ) (-240 96 40 ) (-240 96 8 ) 
4 207 208 (-240 240 40 ) (-240 240 0 ) (-240 192 0 ) (-240 192 40 ) 
4 208 220 (-320 192 40 ) (-320 192 0 ) (-304 192 0 ) (-304 192 40 ) 
4 208 217 (-304 192 0 ) (-288 192 0 ) (-288 192 40 ) (-304 192 40 ) 
4 208 214 (-288 192 0 ) (-272 192 0 ) (-272 192 40 ) (-288 192 40 ) 
4 208 213 (-272 192 0 ) (-256 192 0 ) (-256 192 40 ) (-272 192 40 ) 
4 208 210 (-256 192 0 ) (-240 192 0 ) (-240 192 40 ) (-256 192 40 ) 
4 209 345 (-240 0 40 ) (-256 0 40 ) (-256 0 8 ) (-240 0 8 ) 
4 209 211 (-256 0 16 ) (-256 0 40 ) (-256 92.799988 40 ) (-256 92.799988 16 ) 
4 210 213 (-256 192 40 ) (-256 192 0 ) (-256 100.799995 0 ) (-256 100.799995 40 ) 
4 211 347 (-256 0 40 ) (-272 0 40 ) (-272 0 16 ) (-256 0 16 ) 
4 211 215 (-272 0 24 ) (-272 0 40 ) (-272 89.599991 40 ) (-272 89.599983 24 ) 
4 212 348 (-272 0 8 ) (-272 0 0 ) (-256 0 0 ) (-256 0 8 ) 
4 212 216 (-272 89.599983 0 ) (-272 0 0 ) (-272 0 8 ) (-272 89.599983 8 ) 
4 213 214 (-272 192 40 ) (-272 192 0 ) (-272 97.599991 0 ) (-272 97.599998 40 ) 
4 214 217 (-288 192 40 ) (-288 192 0 ) (-288 94.399994 0 ) (-288 94.399994 40 ) 
4 215 350 (-272 0 40 ) (-288 0 40 ) (-288 0 24 ) (-272 0 24 ) 
4 215 218 (-288 0 32 ) (-288 0 40 ) (-288 86.399986 40 ) (-288 86.399986 32 ) 
4 216 351 (-288 0 16 ) (-288 0 0 ) (-272 0 0 ) (-272 0 16 ) 
4 216 219 (-288 86.399986 0 ) (-288 0 0 ) (-288 0 16 ) (-288 86.399986 16 ) 
4 217 220 (-304 192 40 ) (-304 192 0 ) (-304 91.200005 0 ) (-304 91.199997 40 ) 
4 218 353 (-288 0 40 ) (-304 0 40 ) (-304 0 32 ) (-288 0 32 ) 
4 219 354 (-304 0 24 ) (-304 0 0 ) (-288 0 0 ) (-288 0 24 ) 
4 219 221 (-304 83.199982 0 ) (-304 0 0 ) (-304 0 24 ) (-304 83.199989 24 ) 
4 221 355 (-320 0 32 ) (-320 0 0 ) (-304 0 0 ) (-304 0 32 ) 
4 221 224 (-320 0 0 ) (-320 0 32 ) (-320 80 32 ) (-320 80 0 ) 
4 222 226 (-352 512 -16 ) (-320 512 -16 ) (-320 352 -16 ) (-352 352 -16 ) 
4 222 223 (-352 512 -16 ) (-352 352 -16 ) (-352 352 40 ) (-352 512 40 ) 
4 223 226 (-576 512 -16 ) (-352 512 -16 ) (-352 192 -16 ) (-576 192 -16 ) 
4 223 225 (-576 192 -16 ) (-352 192 -16 ) (-352 192 40 ) (-576 192 40 ) 
4 224 375 (-320 0 40 ) (-336 0 40 ) (-336 0 -16 ) (-320 0 -16 ) 
4 224 226 (-320 80 -16 ) (-320 0 -16 ) (-336 0 -16 ) (-336 80 -16 ) 
4 224 225 (-336 80 -16 ) (-336 0 -16 ) (-336 0 40 ) (-336 80 40 ) 
4 225 376 (-336 0 40 ) (-576 0 40 ) (-576 0 -16 ) (-336 0 -16 ) 
4 225 226 (-336 0 -16 ) (-576 0 -16 ) (-576 192 -16 ) (-336 192 -16 ) 
4 226 379 (0 0 -320 ) (0 0 -16 ) (-576 0 -16 ) (-576 0 -320 ) 
4 227 302 (0 0 640 ) (0 0 464 ) (0 -576 464 ) (0 -576 640 ) 
4 227 237 (0 -576 464 ) (0 -520 464 ) (520 -520 464 ) (520 -576 464 ) 
4 227 236 (520 -512 464 ) (704 -512 464 ) (704 -576 464 ) (520 -576 464 ) 
4 227 229 (0 -184 464 ) (0 0 464 ) (184 0 464 ) (184 -184 464 ) 
4 227 228 (520 0 464 ) (704 0 464 ) (704 -512 464 ) (520 -512 464 ) 
4 228 238 (520 0 256 ) (704 0 256 ) (704 -512 256 ) (520 -512 256 ) 
4 228 236 (520 -512 256 ) (704 -512 256 ) (704 -512 464 ) (520 -512 464 ) 
4 229 303 (0 0 464 ) (0 0 460 ) (0 -184 460 ) (0 -184 464 ) 
4 229 230 (184 0 460 ) (184 -184 460 ) (0 -184 460 ) (0 0 460 ) 
4 230 304 (0 0 460 ) (0 0 456 ) (0 -184 456 ) (0 -184 460 ) 
4 230 234 (0 0 456 ) (184 0 456 ) (184 -184 456 ) (0 -184 456 ) 
4 231 232 (352 -160 256 ) (352 -192 256 ) (352 -192 456 ) (352 -160 456 ) 
4 231 234 (352 0 256 ) (352 -160 256 ) (352 -160 456 ) (352 0 456 ) 
4 231 235 (352 -352 256 ) (512 -352 256 ) (512 -352 456 ) (352 -352 456 ) 
4 232 234 (352 -160 456 ) (352 -160 256 ) (320 -192 256 ) (320 -192 456 ) 
4 233 235 (160 -352 256 ) (192 -352 256 ) (192 -352 456 ) (160 -352 456 ) 
4 233 234 (192 -320 256 ) (160 -352 256 ) (160 -352 456 ) (192 -320 456 ) 
4 234 307 (0 0 456 ) (0 0 256 ) (0 -352 256 ) (0 -352 456 ) 
4 234 239 (0 -184 256 ) (0 0 256 ) (184 0 256 ) (184 -184 256 ) 
4 234 235 (0 -352 256 ) (160 -352 256 ) (160 -352 456 ) (0 -352 456 ) 
4 235 308 (0 -352 256 ) (0 -512 256 ) (0 -512 456 ) (0 -352 456 ) 
4 236 238 (520 -512 256 ) (704 -512 256 ) (704 -576 256 ) (520 -576 256 ) 
4 236 237 (520 -520 256 ) (520 -576 256 ) (520 -576 464 ) (520 -520 464 ) 
4 237 311 (0 -520 256 ) (0 -576 256 ) (0 -576 464 ) (0 -520 464 ) 
4 237 240 (0 -576 256 ) (0 -520 256 ) (512 -520 256 ) (512 -576 256 ) 
4 237 238 (512 -520 256 ) (520 -520 256 ) (520 -576 256 ) (512 -576 256 ) 
4 238 265 (704 -520 248 ) (704 -576 248 ) (512 -576 248 ) (512 -520 248 ) 
4 238 264 (704 -512 248 ) (704 -520 248 ) (520 -520 248 ) (520 -512 248 ) 
4 238 262 (704 -352 248 ) (704 -512 248 ) (520 -512 248 ) (520 -352 248 ) 
4 238 241 (520 0 248 ) (704 0 248 ) (704 -352 248 ) (520 -352 248 ) 
4 238 240 (512 -512 248 ) (512 -576 248 ) (512 -576 256 ) (512 -512 256 ) 
4 239 313 (0 0 256 ) (0 0 248 ) (0 -184 248 ) (0 -184 256 ) 
4 239 245 (0 -184 248 ) (0 0 248 ) (184 0 248 ) (184 -184 248 ) 
4 240 316 (0 -512 248 ) (0 -576 248 ) (0 -576 256 ) (0 -512 256 ) 
4 240 265 (0 -576 248 ) (0 -520 248 ) (512 -520 248 ) (512 -576 248 ) 
4 241 297 (704 -320 40 ) (704 -352 40 ) (520 -352 40 ) (520 -320 40 ) 
4 241 268 (704 -192 40 ) (704 -320 40 ) (520 -320 40 ) (520 -192 40 ) 
4 241 266 (520 0 40 ) (704 0 40 ) (704 -192 40 ) (520 -192 40 ) 
4 241 262 (520 -352 40 ) (704 -352 40 ) (704 -352 248 ) (520 -352 248 ) 
4 242 263 (512 -352 48 ) (512 -352 248 ) (352 -352 248 ) (352 -352 48 ) 
4 242 251 (352 -192 120 ) (352 0 120 ) (352 0 48 ) (352 -192 48 ) 
4 242 246 (352 -192 192 ) (352 0 192 ) (352 0 120 ) (352 -192 120 ) 
4 242 243 (352 -192 248 ) (352 -160 248 ) (352 -160 192 ) (352 -192 192 ) 
4 242 245 (352 -160 248 ) (352 0 248 ) (352 0 192 ) (352 -160 192 ) 
3 243 246 (352 -160 192 ) (352 -192 192 ) (320 -192 192 ) 
4 243 245 (352 -160 248 ) (352 -160 192 ) (320 -192 192 ) (320 -192 248 ) 
4 244 263 (192 -352 248 ) (160 -352 248 ) (160 -352 192 ) (192 -352 192 ) 
3 244 250 (192 -352 192 ) (160 -352 192 ) (192 -320 192 ) 
4 244 245 (192 -320 192 ) (160 -352 192 ) (160 -352 248 ) (192 -320 248 ) 
4 245 319 (0 0 248 ) (0 0 192 ) (0 -352 192 ) (0 -352 248 ) 
4 245 263 (160 -352 248 ) (0 -352 248 ) (0 -352 192 ) (160 -352 192 ) 
3 245 249 (216 -296 192 ) (192 -320 192 ) (192 -296 192 ) 
5 245 250 (192 -320 192 ) (160 -352 192 ) (0 -352 192 ) (0 -296 192 ) (192 -296 192 ) 
5 245 248 (296 -216 192 ) (216 -296 192 ) (0 -296 192 ) (0 0 192 ) (296 0 192 ) 
3 245 247 (320 -192 192 ) (296 -216 192 ) (296 -192 192 ) 
5 245 246 (352 0 192 ) (352 -160 192 ) (320 -192 192 ) (296 -192 192 ) (296 0 192 ) 
4 246 257 (320 -80 120 ) (320 -88 120 ) (296 -92.799988 120 ) (296 -84.800400 120 ) 
4 246 258 (296 0 120 ) (320 0 120 ) (320 -80 120 ) (296 -84.800400 120 ) 
4 246 254 (320 -88 120 ) (320 -192 120 ) (296 -192 120 ) (296 -92.799988 120 ) 
4 246 253 (336 -80 120 ) (336 -192 120 ) (320 -192 120 ) (320 -80 120 ) 
4 246 252 (320 0 120 ) (336 0 120 ) (336 -80 120 ) (320 -80 120 ) 
4 246 251 (336 0 120 ) (352 0 120 ) (352 -192 120 ) (336 -192 120 ) 
4 246 248 (296 0 120 ) (296 -192 120 ) (296 -192 192 ) (296 0 192 ) 
4 246 247 (296 -192 192 ) (296 -192 120 ) (320 -192 120 ) (320 -192 192 ) 
3 247 254 (296 -216 120 ) (296 -192 120 ) (320 -192 120 ) 
4 247 248 (296 -192 120 ) (296 -216 120 ) (296 -216 192 ) (296 -192 192 ) 
4 248 320 (0 0 192 ) (0 0 120 ) (0 -296 120 ) (0 -296 192 ) 
4 248 257 (296 -84.800407 120 ) (296 -92.799995 120 ) (0 -152 120 ) (0 -144 120 ) 
4 248 258 (0 0 120 ) (296 0 120 ) (296 -84.800407 120 ) (0 -144 120 ) 
4 248 256 (92.799995 -296 120 ) (84.800003 -296 120 ) (118.333336 -128.333344 120 ) (126.666656 -126.666672 120 ) 
4 248 255 (84.800003 -296 120 ) (0 -296 120 ) (0 -152 120 ) (118.333336 -128.333344 120 ) 
5 248 254 (296 -92.799995 120 ) (296 -216 120 ) (216 -296 120 ) (92.799995 -296 120 ) (126.666656 -126.666672 120 ) 
4 248 249 (192 -296 120 ) (216 -296 120 ) (216 -296 192 ) (192 -296 192 ) 
4 248 250 (0 -296 120 ) (192 -296 120 ) (192 -296 192 ) (0 -296 192 ) 
3 249 254 (192 -320 120 ) (192 -296 120 ) (216 -296 120 ) 
4 249 250 (192 -296 192 ) (192 -296 120 ) (192 -320 120 ) (192 -320 192 ) 
4 250 321 (0 -296 120 ) (0 -352 120 ) (0 -352 192 ) (0 -296 192 ) 
4 250 263 (192 -352 192 ) (0 -352 192 ) (0 -352 120 ) (192 -352 120 ) 
4 250 261 (192 -352 120 ) (0 -352 120 ) (0 -336 120 ) (192 -336 120 ) 
4 250 260 (0 -336 120 ) (0 -320 120 ) (80 -320 120 ) (80 -336 120 ) 
4 250 259 (80 -320 120 ) (192 -320 120 ) (192 -336 120 ) (80 -336 120 ) 
4 250 256 (84.800011 -296 120 ) (92.799988 -296 120 ) (88 -320 120 ) (80 -320 120 ) 
4 250 255 (0 -320 120 ) (0 -296 120 ) (84.800011 -296 120 ) (80 -320 120 ) 
4 250 254 (92.799988 -296 120 ) (192 -296 120 ) (192 -320 120 ) (88 -320 120 ) 
4 251 253 (336 -192 80 ) (336 -192 120 ) (336 -80 120 ) (336 -80 80 ) 
4 251 252 (336 -80 120 ) (336 0 120 ) (336 0 48 ) (336 -80 48 ) 
4 252 258 (320 -80 48 ) (320 -80 120 ) (320 0 120 ) (320 0 48 ) 
4 252 253 (320 -80 120 ) (320 -80 80 ) (336 -80 80 ) (336 -80 120 ) 
4 253 257 (320 -88 120 ) (320 -80 120 ) (320 -80 80 ) (320 -88 80 ) 
4 253 254 (320 -192 80 ) (320 -192 120 ) (320 -88 120 ) (320 -88 80 ) 
4 254 296 (192 -320 40 ) (88 -320 40 ) (91.199997 -304 40 ) (192 -304 40 ) 
4 254 292 (91.199997 -304 40 ) (94.399994 -288 40 ) (192 -288 40 ) (192 -304 40 ) 
4 254 289 (94.399994 -288 40 ) (97.599998 -272 40 ) (192 -272 40 ) (192 -288 40 ) 
4 254 286 (97.599998 -272 40 ) (100.800003 -256 40 ) (192 -256 40 ) (192 -272 40 ) 
4 254 284 (100.800003 -256 40 ) (104 -240 40 ) (192 -240 40 ) (192 -256 40 ) 
3 254 283 (272 -240 40 ) (192 -320 40 ) (192 -240 40 ) 
4 254 281 (320 -192 40 ) (272 -240 40 ) (240 -240 40 ) (240 -192 40 ) 
4 254 279 (240 -104 40 ) (256 -100.799995 40 ) (256 -192 40 ) (240 -192 40 ) 
4 254 276 (256 -100.799995 40 ) (272 -97.599991 40 ) (272 -192 40 ) (256 -192 40 ) 
4 254 273 (272 -97.599991 40 ) (288 -94.399994 40 ) (288 -192 40 ) (272 -192 40 ) 
4 254 269 (288 -94.399994 40 ) (320 -88 40 ) (320 -192 40 ) (288 -192 40 ) 
4 254 282 (126.666672 -126.666656 40 ) (240 -104 40 ) (240 -240 40 ) (104 -240 40 ) 
4 254 259 (192 -320 80 ) (192 -320 120 ) (88 -320 120 ) (88 -320 80 ) 
5 254 257 (320 -88 120 ) (320 -88 80 ) (240 -104 40 ) (126.666656 -126.666672 40 ) (126.666672 -126.666664 120 ) 
5 254 256 (126.666504 -126.666016 120 ) (126.666504 -126.666016 40 ) (104 -240 40 ) (88 -320 80 ) (88 -320 120 ) 
4 255 332 (0 -192 40 ) (0 -320 40 ) (0 -320 120 ) (0 -192 120 ) 
4 255 325 (0 -152 40 ) (0 -192 40 ) (0 -192 120 ) (0 -152 120 ) 
4 255 293 (0 -304 40 ) (0 -288 40 ) (86.399994 -288 40 ) (83.199997 -304 40 ) 
4 255 290 (0 -288 40 ) (0 -272 40 ) (89.599998 -272 40 ) (86.399994 -288 40 ) 
4 255 287 (0 -272 40 ) (0 -256 40 ) (92.800003 -256 40 ) (89.599998 -272 40 ) 
4 255 285 (0 -256 40 ) (0 -240 40 ) (96 -240 40 ) (92.800003 -256 40 ) 
4 255 282 (0 -240 40 ) (0 -152 40 ) (118.333336 -128.333328 40 ) (96 -240 40 ) 
4 255 260 (80 -320 48 ) (80 -320 120 ) (0 -320 120 ) (0 -320 48 ) 
4 255 257 (118.333336 -128.333344 40 ) (0 -152 40 ) (0 -152 120 ) (118.333336 -128.333328 120 ) 
5 255 256 (80 -320 120 ) (80 -320 80 ) (96 -240 40 ) (118.333008 -128.335938 40 ) (118.333008 -128.335938 120 ) 
4 256 282 (118.333336 -128.333328 40 ) (126.666672 -126.666656 40 ) (104 -240 40 ) (96 -240 40 ) 
4 256 259 (88 -320 80 ) (88 -320 120 ) (80 -320 120 ) (80 -320 80 ) 
4 256 257 (126.666656 -126.666672 40 ) (118.333336 -128.333344 40 ) (118.333336 -128.333328 120 ) (126.666672 -126.666664 120 ) 
4 257 327 (0 -144 40 ) (0 -152 40 ) (0 -152 120 ) (0 -144 120 ) 
4 257 282 (0 -152 40 ) (0 -144 40 ) (240 -96 40 ) (240 -104 40 ) 
5 257 258 (320 -80 120 ) (320 -80 80 ) (240 -96 40 ) (0 -144 40 ) (0 -144 120 ) 
4 258 326 (0 0 120 ) (0 0 40 ) (0 -144 40 ) (0 -144 120 ) 
4 258 280 (240 0 40 ) (256 0 40 ) (256 -92.800407 40 ) (240 -96 40 ) 
4 258 277 (256 0 40 ) (272 0 40 ) (272 -89.600403 40 ) (256 -92.800407 40 ) 
4 258 274 (272 0 40 ) (288 0 40 ) (288 -86.400398 40 ) (272 -89.600403 40 ) 
4 258 271 (288 0 40 ) (304 0 40 ) (304 -83.200394 40 ) (288 -86.400398 40 ) 
4 258 282 (0 -144 40 ) (0 0 40 ) (240 0 40 ) (240 -96 40 ) 
4 259 261 (192 -336 80 ) (192 -336 120 ) (80 -336 120 ) (80 -336 80 ) 
4 259 260 (80 -320 120 ) (80 -320 80 ) (80 -336 80 ) (80 -336 120 ) 
4 260 334 (0 -336 48 ) (0 -336 120 ) (0 -320 120 ) (0 -320 48 ) 
4 260 261 (80 -336 48 ) (80 -336 120 ) (0 -336 120 ) (0 -336 48 ) 
4 261 336 (0 -352 48 ) (0 -352 120 ) (0 -336 120 ) (0 -336 48 ) 
4 261 263 (192 -352 48 ) (192 -352 120 ) (0 -352 120 ) (0 -352 48 ) 
4 262 297 (520 -352 40 ) (704 -352 40 ) (704 -512 40 ) (520 -512 40 ) 
4 262 264 (520 -512 40 ) (704 -512 40 ) (704 -512 248 ) (520 -512 248 ) 
4 263 339 (0 -512 48 ) (0 -512 248 ) (0 -352 248 ) (0 -352 48 ) 
4 264 297 (520 -512 40 ) (704 -512 40 ) (704 -520 40 ) (520 -520 40 ) 
4 264 265 (520 -520 40 ) (704 -520 40 ) (704 -520 248 ) (520 -520 248 ) 
4 265 341 (0 -520 40 ) (0 -576 40 ) (0 -576 248 ) (0 -520 248 ) 
4 265 299 (80 -520 40 ) (192 -520 40 ) (192 -576 40 ) (80 -576 40 ) 
4 265 300 (0 -576 40 ) (0 -520 40 ) (80 -520 40 ) (80 -576 40 ) 
4 265 298 (192 -520 40 ) (352 -520 40 ) (352 -576 40 ) (192 -576 40 ) 
4 265 297 (352 -520 40 ) (704 -520 40 ) (704 -576 40 ) (352 -576 40 ) 
4 266 301 (336 0 -16 ) (704 0 -16 ) (704 -192 -16 ) (336 -192 -16 ) 
4 266 268 (352 -192 -16 ) (704 -192 -16 ) (704 -192 40 ) (352 -192 40 ) 
4 266 267 (336 0 -16 ) (336 -80 -16 ) (336 -80 40 ) (336 0 40 ) 
4 267 301 (320 0 -16 ) (336 0 -16 ) (336 -80 -16 ) (320 -80 -16 ) 
4 267 270 (320 -80 0 ) (320 -80 32 ) (320 0 32 ) (320 0 0 ) 
4 268 301 (704 -320 -16 ) (352 -320 -16 ) (352 -192 -16 ) (704 -192 -16 ) 
4 268 297 (352 -320 -16 ) (704 -320 -16 ) (704 -320 40 ) (352 -320 40 ) 
4 269 281 (288 -192 0 ) (320 -192 0 ) (320 -192 40 ) (288 -192 40 ) 
4 269 273 (288 -94.399994 0 ) (288 -192 0 ) (288 -192 40 ) (288 -94.400002 40 ) 
4 270 272 (304 0 0 ) (304 -83.195313 0 ) (304 -83.195313 24 ) (304 0 24 ) 
4 271 274 (288 -86.400398 32 ) (288 -86.400398 40 ) (288 0 40 ) (288 0 32 ) 
4 272 275 (288 0 0 ) (288 -86.400406 0 ) (288 -86.400398 16 ) (288 0 16 ) 
4 273 281 (272 -192 0 ) (288 -192 0 ) (288 -192 40 ) (272 -192 40 ) 
4 273 276 (272 -97.600006 0 ) (272 -192 0 ) (272 -192 40 ) (272 -97.600006 40 ) 
4 274 277 (272 -89.600403 24 ) (272 -89.600403 40 ) (272 0 40 ) (272 0 24 ) 
4 275 278 (272 0 0 ) (272 -89.600403 0 ) (272 -89.600403 8 ) (272 0 8 ) 
4 276 281 (256 -192 0 ) (272 -192 0 ) (272 -192 40 ) (256 -192 40 ) 
4 276 279 (256 -100.799995 0 ) (256 -192 0 ) (256 -192 40 ) (256 -100.800003 40 ) 
4 277 280 (256 -92.800415 40 ) (256 0 40 ) (256 0 16 ) (256 -92.800407 16 ) 
4 279 281 (240 -192 40 ) (240 -192 0 ) (256 -192 0 ) (256 -192 40 ) 
4 279 282 (240 -104 0 ) (240 -192 0 ) (240 -192 40 ) (240 -104 40 ) 
4 280 282 (240 -96 40 ) (240 0 40 ) (240 0 8 ) (240 -96 8 ) 
4 281 283 (272 -240 40 ) (240 -240 40 ) (240 -240 0 ) (272 -240 0 ) 
4 281 282 (240 -192 0 ) (240 -240 0 ) (240 -240 40 ) (240 -192 40 ) 
4 282 343 (0 0 40 ) (0 0 0 ) (0 -240 0 ) (0 -240 40 ) 
4 282 285 (96 -240 40 ) (0 -240 40 ) (0 -240 8 ) (96 -240 8 ) 
4 282 284 (192 -240 40 ) (104 -240 40 ) (104 -240 0 ) (192 -240 0 ) 
4 282 283 (240 -240 40 ) (192 -240 40 ) (192 -240 0 ) (240 -240 0 ) 
4 283 296 (192 -304 0 ) (192 -320 0 ) (192 -320 40 ) (192 -304 40 ) 
4 283 292 (192 -288 0 ) (192 -304 0 ) (192 -304 40 ) (192 -288 40 ) 
4 283 289 (192 -272 0 ) (192 -288 0 ) (192 -288 40 ) (192 -272 40 ) 
4 283 286 (192 -256 0 ) (192 -272 0 ) (192 -272 40 ) (192 -256 40 ) 
4 283 284 (192 -240 40 ) (192 -240 0 ) (192 -256 0 ) (192 -256 40 ) 
4 284 286 (100.799995 -256 0 ) (192 -256 0 ) (192 -256 40 ) (100.800003 -256 40 ) 
4 285 358 (0 -256 40 ) (0 -240 40 ) (0 -240 8 ) (0 -256 8 ) 
4 285 287 (92.799995 -256 40 ) (0 -256 40 ) (0 -256 16 ) (92.800003 -256 16 ) 
4 286 289 (97.599998 -272 0 ) (192 -272 0 ) (192 -272 40 ) (97.599991 -272 40 ) 
4 287 360 (0 -272 40 ) (0 -256 40 ) (0 -256 16 ) (0 -272 16 ) 
4 287 290 (89.599998 -272 40 ) (0 -272 40 ) (0 -272 24 ) (89.599991 -272 24 ) 
4 288 361 (0 -256 8 ) (0 -256 0 ) (0 -272 0 ) (0 -272 8 ) 
4 288 291 (0 -272 0 ) (89.599991 -272 0 ) (89.599991 -272 8 ) (0 -272 8 ) 
4 289 292 (94.399994 -288 0 ) (192 -288 0 ) (192 -288 40 ) (94.399994 -288 40 ) 
4 290 364 (0 -288 40 ) (0 -272 40 ) (0 -272 24 ) (0 -288 24 ) 
4 290 293 (86.400002 -288 40 ) (0 -288 40 ) (0 -288 32 ) (86.400009 -288 32 ) 
4 291 365 (0 -272 16 ) (0 -272 0 ) (0 -288 0 ) (0 -288 16 ) 
4 291 294 (0 -288 0 ) (86.400009 -288 0 ) (86.400002 -288 16 ) (0 -288 16 ) 
4 292 296 (91.199997 -304 0 ) (192 -304 0 ) (192 -304 40 ) (91.200005 -304 40 ) 
4 293 367 (0 -304 40 ) (0 -288 40 ) (0 -288 32 ) (0 -304 32 ) 
4 294 368 (0 -288 24 ) (0 -288 0 ) (0 -304 0 ) (0 -304 24 ) 
4 294 295 (0 -304 0 ) (83.200005 -304 0 ) (83.199997 -304 24 ) (0 -304 24 ) 
4 295 370 (0 -320 0 ) (0 -320 32 ) (0 -304 32 ) (0 -304 0 ) 
4 295 300 (0 -320 32 ) (0 -320 0 ) (80 -320 0 ) (80 -320 32 ) 
4 297 301 (352 -320 -16 ) (704 -320 -16 ) (704 -576 -16 ) (352 -576 -16 ) 
4 297 298 (352 -352 -16 ) (352 -576 -16 ) (352 -576 40 ) (352 -352 40 ) 
4 298 301 (192 -576 -16 ) (192 -352 -16 ) (352 -352 -16 ) (352 -576 -16 ) 
4 298 299 (192 -352 -16 ) (192 -576 -16 ) (192 -576 40 ) (192 -352 40 ) 
4 299 301 (192 -336 -16 ) (192 -576 -16 ) (80 -576 -16 ) (80 -336 -16 ) 
4 299 300 (80 -336 -16 ) (80 -576 -16 ) (80 -576 40 ) (80 -336 40 ) 
4 300 372 (0 -320 -16 ) (0 -576 -16 ) (0 -576 40 ) (0 -320 40 ) 
4 300 301 (0 -576 -16 ) (0 -320 -16 ) (80 -320 -16 ) (80 -576 -16 ) 
4 301 379 (0 0 -16 ) (0 0 -320 ) (0 -576 -320 ) (0 -576 -16 ) 
4 302 311 (0 -520 464 ) (0 -576 464 ) (-520 -576 464 ) (-520 -520 464 ) 
4 302 312 (-520 -576 464 ) (-576 -576 464 ) (-576 -512 464 ) (-520 -512 464 ) 
4 302 310 (-576 0 464 ) (-520 0 464 ) (-520 -512 464 ) (-576 -512 464 ) 
4 302 303 (-184 0 464 ) (0 0 464 ) (0 -184 464 ) (-184 -184 464 ) 
4 303 304 (0 -184 460 ) (-184 -184 460 ) (-184 0 460 ) (0 0 460 ) 
4 304 307 (-184 0 456 ) (0 0 456 ) (0 -184 456 ) (-184 -184 456 ) 
4 305 307 (-160 -352 456 ) (-160 -352 256 ) (-192 -320 256 ) (-192 -320 456 ) 
4 305 308 (-192 -352 256 ) (-160 -352 256 ) (-160 -352 456 ) (-192 -352 456 ) 
4 306 309 (-352 -160 256 ) (-352 -192 256 ) (-352 -192 456 ) (-352 -160 456 ) 
4 306 307 (-320 -192 256 ) (-352 -160 256 ) (-352 -160 456 ) (-320 -192 456 ) 
4 307 313 (-184 0 256 ) (0 0 256 ) (0 -184 256 ) (-184 -184 256 ) 
4 307 308 (-160 -352 256 ) (0 -352 256 ) (0 -352 456 ) (-160 -352 456 ) 
4 307 309 (-352 0 256 ) (-352 -160 256 ) (-352 -160 456 ) (-352 0 456 ) 
4 308 309 (-352 -352 256 ) (-352 -512 256 ) (-352 -512 456 ) (-352 -352 456 ) 
4 310 315 (-520 -184 256 ) (-520 -512 256 ) (-576 -512 256 ) (-576 -184 256 ) 
4 310 314 (-576 0 256 ) (-520 0 256 ) (-520 -184 256 ) (-576 -184 256 ) 
4 310 312 (-576 -512 256 ) (-520 -512 256 ) (-520 -512 464 ) (-576 -512 464 ) 
4 311 316 (0 -520 256 ) (0 -576 256 ) (-520 -576 256 ) (-520 -520 256 ) 
4 311 312 (-520 -520 256 ) (-520 -576 256 ) (-520 -576 464 ) (-520 -520 464 ) 
4 312 316 (-576 -576 256 ) (-576 -512 256 ) (-520 -512 256 ) (-520 -576 256 ) 
4 313 319 (-184 0 248 ) (0 0 248 ) (0 -184 248 ) (-184 -184 248 ) 
4 314 338 (-576 0 248 ) (-520 0 248 ) (-520 -184 248 ) (-576 -184 248 ) 
4 314 315 (-576 -184 256 ) (-576 -184 248 ) (-512 -184 248 ) (-512 -184 256 ) 
4 315 340 (-520 -512 248 ) (-576 -512 248 ) (-576 -352 248 ) (-520 -352 248 ) 
4 315 338 (-576 -352 248 ) (-576 -184 248 ) (-520 -184 248 ) (-520 -352 248 ) 
4 315 316 (-576 -512 256 ) (-576 -512 248 ) (-512 -512 248 ) (-512 -512 256 ) 
4 316 342 (-520 -576 248 ) (-576 -576 248 ) (-576 -512 248 ) (-520 -512 248 ) 
4 316 341 (0 -520 248 ) (0 -576 248 ) (-520 -576 248 ) (-520 -520 248 ) 
4 317 337 (-352 -192 248 ) (-352 -160 248 ) (-352 -160 192 ) (-352 -192 192 ) 
3 317 323 (-352 -192 192 ) (-352 -160 192 ) (-320 -192 192 ) 
4 317 319 (-320 -192 192 ) (-352 -160 192 ) (-352 -160 248 ) (-320 -192 248 ) 
4 318 339 (-160 -352 248 ) (-192 -352 248 ) (-192 -352 192 ) (-160 -352 192 ) 
3 318 321 (-160 -352 192 ) (-192 -352 192 ) (-192 -320 192 ) 
4 318 319 (-160 -352 248 ) (-160 -352 192 ) (-192 -320 192 ) (-192 -320 248 ) 
4 319 339 (0 -352 192 ) (0 -352 248 ) (-160 -352 248 ) (-160 -352 192 ) 
4 319 337 (-352 -160 248 ) (-352 0 248 ) (-352 0 192 ) (-352 -160 192 ) 
3 319 324 (-296 -216 192 ) (-320 -192 192 ) (-296 -192 192 ) 
5 319 323 (-320 -192 192 ) (-352 -160 192 ) (-352 0 192 ) (-296 0 192 ) (-296 -192 192 ) 
3 319 322 (-192 -320 192 ) (-216 -296 192 ) (-192 -296 192 ) 
5 319 321 (0 -352 192 ) (-160 -352 192 ) (-192 -320 192 ) (-192 -296 192 ) (0 -296 192 ) 
5 319 320 (-216 -296 192 ) (-296 -216 192 ) (-296 0 192 ) (0 0 192 ) (0 -296 192 ) 
4 320 333 (-113.599991 -192 120 ) (-105.599983 -192 120 ) (-84.799988 -296 120 ) (-92.799995 -296 120 ) 
4 320 332 (-105.599983 -192 120 ) (0 -192 120 ) (0 -296 120 ) (-84.799988 -296 120 ) 
5 320 331 (-296 -216 120 ) (-296 -192 120 ) (-113.599991 -192 120 ) (-92.799995 -296 120 ) (-216 -296 120 ) 
4 320 327 (-296 -92.799988 120 ) (-296 -84.800011 120 ) (0 -144 120 ) (0 -152 120 ) 
4 320 326 (-296 -84.800011 120 ) (-296 0 120 ) (0 0 120 ) (0 -144 120 ) 
4 320 325 (-296 -192 120 ) (-296 -92.799988 120 ) (0 -152 120 ) (0 -192 120 ) 
4 320 324 (-296 -192 120 ) (-296 -216 120 ) (-296 -216 192 ) (-296 -192 192 ) 
4 320 323 (-296 0 120 ) (-296 -192 120 ) (-296 -192 192 ) (-296 0 192 ) 
4 320 322 (-216 -296 120 ) (-192 -296 120 ) (-192 -296 192 ) (-216 -296 192 ) 
4 320 321 (-192 -296 120 ) (0 -296 120 ) (0 -296 192 ) (-192 -296 192 ) 
4 321 339 (0 -352 120 ) (0 -352 192 ) (-192 -352 192 ) (-192 -352 120 ) 
4 321 336 (0 -352 120 ) (-192 -352 120 ) (-192 -336 120 ) (0 -336 120 ) 
4 321 335 (-192 -336 120 ) (-192 -320 120 ) (-80 -320 120 ) (-80 -336 120 ) 
4 321 334 (-80 -320 120 ) (0 -320 120 ) (0 -336 120 ) (-80 -336 120 ) 
4 321 333 (-92.799988 -296 120 ) (-84.799995 -296 120 ) (-80 -320 120 ) (-88 -320 120 ) 
4 321 332 (-84.799995 -296 120 ) (0 -296 120 ) (0 -320 120 ) (-80 -320 120 ) 
4 321 331 (-192 -320 120 ) (-192 -296 120 ) (-92.799988 -296 120 ) (-88 -320 120 ) 
4 321 322 (-192 -296 192 ) (-192 -296 120 ) (-192 -320 120 ) (-192 -320 192 ) 
3 322 331 (-216 -296 120 ) (-192 -296 120 ) (-192 -320 120 ) 
4 323 337 (-352 -192 192 ) (-352 0 192 ) (-352 0 120 ) (-352 -192 120 ) 
4 323 330 (-352 -192 120 ) (-352 0 120 ) (-336 0 120 ) (-336 -192 120 ) 
4 323 329 (-320 -80 120 ) (-320 -192 120 ) (-336 -192 120 ) (-336 -80 120 ) 
4 323 328 (-336 0 120 ) (-320 0 120 ) (-320 -80 120 ) (-336 -80 120 ) 
4 323 327 (-296 -84.800011 120 ) (-296 -92.799988 120 ) (-320 -88 120 ) (-320 -80 120 ) 
4 323 326 (-320 0 120 ) (-296 0 120 ) (-296 -84.800011 120 ) (-320 -80 120 ) 
4 323 325 (-296 -92.799988 120 ) (-296 -192 120 ) (-320 -192 120 ) (-320 -88 120 ) 
4 323 324 (-320 -192 120 ) (-296 -192 120 ) (-296 -192 192 ) (-320 -192 192 ) 
3 324 331 (-320 -192 120 ) (-296 -192 120 ) (-296 -216 120 ) 
4 325 356 (-304 -192 40 ) (-320 -192 40 ) (-320 -88 40 ) (-304 -91.199997 40 ) 
4 325 352 (-288 -192 40 ) (-304 -192 40 ) (-304 -91.199997 40 ) (-288 -94.400002 40 ) 
4 325 349 (-272 -192 40 ) (-288 -192 40 ) (-288 -94.400002 40 ) (-272 -97.600006 40 ) 
4 325 346 (-256 -192 40 ) (-272 -192 40 ) (-272 -97.600006 40 ) (-256 -100.800003 40 ) 
4 325 344 (-240 -192 40 ) (-256 -192 40 ) (-256 -100.800003 40 ) (-240 -104 40 ) 
4 325 343 (0 -152 40 ) (0 -192 40 ) (-240 -192 40 ) (-240 -104 40 ) 
4 325 333 (-105.599983 -192 120 ) (-113.599991 -192 120 ) (-113.599991 -192 40 ) (-105.599983 -192 40 ) 
4 325 332 (0 -192 120 ) (-105.599983 -192 120 ) (-105.599983 -192 40 ) (0 -192 40 ) 
4 325 331 (-113.599991 -192 120 ) (-320 -192 120 ) (-320 -192 40 ) (-113.599991 -192 40 ) 
4 325 329 (-320 -192 80 ) (-320 -192 120 ) (-320 -88 120 ) (-320 -88 80 ) 
5 325 327 (0 -152 40 ) (-240 -104 40 ) (-320 -88 80 ) (-320 -88 120 ) (0 -152 120 ) 
4 326 353 (-304 0 40 ) (-288 0 40 ) (-288 -86.400009 40 ) (-304 -83.200012 40 ) 
4 326 350 (-288 0 40 ) (-272 0 40 ) (-272 -89.600006 40 ) (-288 -86.400009 40 ) 
4 326 347 (-272 0 40 ) (-256 0 40 ) (-256 -92.800011 40 ) (-272 -89.600006 40 ) 
4 326 345 (-256 0 40 ) (-240 0 40 ) (-240 -96 40 ) (-256 -92.800011 40 ) 
4 326 343 (-240 0 40 ) (0 0 40 ) (0 -144 40 ) (-240 -96 40 ) 
4 326 328 (-320 -80 48 ) (-320 -80 120 ) (-320 0 120 ) (-320 0 48 ) 
5 326 327 (-320 -80 120 ) (-320 -80 80 ) (-240 -96 40 ) (0 -144 40 ) (0 -144 120 ) 
4 327 343 (0 -144 40 ) (0 -152 40 ) (-240 -104 40 ) (-240 -96 40 ) 
4 327 329 (-320 -88 80 ) (-320 -88 120 ) (-320 -80 120 ) (-320 -80 80 ) 
4 328 330 (-336 -80 48 ) (-336 -80 120 ) (-336 0 120 ) (-336 0 48 ) 
4 328 329 (-336 -80 120 ) (-336 -80 80 ) (-320 -80 80 ) (-320 -80 120 ) 
4 329 330 (-336 -192 80 ) (-336 -192 120 ) (-336 -80 120 ) (-336 -80 80 ) 
4 330 337 (-352 -192 48 ) (-352 -192 120 ) (-352 0 120 ) (-352 0 48 ) 
3 331 371 (-192 -320 40 ) (-272 -240 40 ) (-192 -240 40 ) 
4 331 369 (-88 -320 40 ) (-192 -320 40 ) (-192 -304 40 ) (-91.199997 -304 40 ) 
4 331 366 (-192 -304 40 ) (-192 -288 40 ) (-94.399994 -288 40 ) (-91.199997 -304 40 ) 
4 331 363 (-192 -288 40 ) (-192 -272 40 ) (-97.599998 -272 40 ) (-94.399994 -288 40 ) 
4 331 362 (-192 -272 40 ) (-192 -256 40 ) (-100.799995 -256 40 ) (-97.599998 -272 40 ) 
4 331 359 (-192 -256 40 ) (-192 -240 40 ) (-104 -240 40 ) (-100.799995 -256 40 ) 
4 331 357 (-272 -240 40 ) (-320 -192 40 ) (-240 -192 40 ) (-240 -240 40 ) 
4 331 343 (-240 -192 40 ) (-113.599991 -192 40 ) (-104 -240 40 ) (-240 -240 40 ) 
4 331 335 (-88 -320 120 ) (-192 -320 120 ) (-192 -320 80 ) (-88 -320 80 ) 
5 331 333 (-88 -320 120 ) (-88 -320 80 ) (-104 -240 40 ) (-113.599800 -192 40 ) (-113.599800 -192 120 ) 
4 332 367 (0 -288 40 ) (0 -304 40 ) (-83.199989 -304 40 ) (-86.399994 -288 40 ) 
4 332 364 (0 -272 40 ) (0 -288 40 ) (-86.399994 -288 40 ) (-89.599991 -272 40 ) 
4 332 360 (0 -256 40 ) (0 -272 40 ) (-89.599991 -272 40 ) (-92.799988 -256 40 ) 
4 332 358 (0 -240 40 ) (0 -256 40 ) (-92.799988 -256 40 ) (-96 -240 40 ) 
4 332 343 (0 -192 40 ) (0 -240 40 ) (-96 -240 40 ) (-105.599983 -192 40 ) 
4 332 334 (0 -320 120 ) (-80 -320 120 ) (-80 -320 48 ) (0 -320 48 ) 
5 332 333 (-105.600777 -192 120 ) (-105.600777 -192 40 ) (-96 -240 40 ) (-80 -320 80 ) (-80 -320 120 ) 
4 333 343 (-104 -240 40 ) (-113.599991 -192 40 ) (-105.599983 -192 40 ) (-96 -240 40 ) 
4 333 335 (-80 -320 120 ) (-88 -320 120 ) (-88 -320 80 ) (-80 -320 80 ) 
4 334 336 (0 -336 48 ) (0 -336 120 ) (-80 -336 120 ) (-80 -336 48 ) 
4 334 335 (-80 -320 120 ) (-80 -320 80 ) (-80 -336 80 ) (-80 -336 120 ) 
4 335 336 (-192 -336 120 ) (-192 -336 80 ) (-80 -336 80 ) (-80 -336 120 ) 
4 336 339 (0 -352 48 ) (0 -352 120 ) (-192 -352 120 ) (-192 -352 48 ) 
4 337 339 (-352 -352 48 ) (-352 -352 248 ) (-512 -352 248 ) (-512 -352 48 ) 
4 338 378 (-520 -192 40 ) (-520 -352 40 ) (-576 -352 40 ) (-576 -192 40 ) 
4 338 376 (-576 0 40 ) (-520 0 40 ) (-520 -192 40 ) (-576 -192 40 ) 
4 338 340 (-576 -352 40 ) (-520 -352 40 ) (-520 -352 248 ) (-576 -352 248 ) 
4 340 378 (-576 -352 40 ) (-520 -352 40 ) (-520 -512 40 ) (-576 -512 40 ) 
4 340 342 (-576 -512 40 ) (-520 -512 40 ) (-520 -512 248 ) (-576 -512 248 ) 
4 341 377 (-320 -576 40 ) (-352 -576 40 ) (-352 -520 40 ) (-320 -520 40 ) 
4 341 378 (-352 -576 40 ) (-520 -576 40 ) (-520 -520 40 ) (-352 -520 40 ) 
4 341 374 (-192 -576 40 ) (-320 -576 40 ) (-320 -520 40 ) (-192 -520 40 ) 
4 341 373 (-80 -576 40 ) (-192 -576 40 ) (-192 -520 40 ) (-80 -520 40 ) 
4 341 372 (0 -520 40 ) (0 -576 40 ) (-80 -576 40 ) (-80 -520 40 ) 
4 341 342 (-520 -520 40 ) (-520 -576 40 ) (-520 -576 248 ) (-520 -520 248 ) 
4 342 378 (-576 -512 40 ) (-520 -512 40 ) (-520 -576 40 ) (-576 -576 40 ) 
4 343 371 (-240 -240 0 ) (-192 -240 0 ) (-192 -240 40 ) (-240 -240 40 ) 
4 343 359 (-192 -240 0 ) (-104 -240 0 ) (-104 -240 40 ) (-192 -240 40 ) 
4 343 358 (0 -240 8 ) (0 -240 40 ) (-96 -240 40 ) (-96 -240 8 ) 
4 343 357 (-240 -192 0 ) (-240 -240 0 ) (-240 -240 40 ) (-240 -192 40 ) 
4 343 345 (-240 -96 40 ) (-240 0 40 ) (-240 0 8 ) (-240 -96 8 ) 
4 343 344 (-240 -104 0 ) (-240 -192 0 ) (-240 -192 40 ) (-240 -104 40 ) 
4 344 357 (-256 -192 0 ) (-240 -192 0 ) (-240 -192 40 ) (-256 -192 40 ) 
4 344 346 (-256 -100.799995 0 ) (-256 -192 0 ) (-256 -192 40 ) (-256 -100.800003 40 ) 
4 345 347 (-256 -92.799995 40 ) (-256 0 40 ) (-256 0 16 ) (-256 -92.800003 16 ) 
4 346 357 (-272 -192 0 ) (-256 -192 0 ) (-256 -192 40 ) (-272 -192 40 ) 
4 346 349 (-272 -97.599998 0 ) (-272 -192 0 ) (-272 -192 40 ) (-272 -97.599991 40 ) 
4 347 350 (-272 -89.599998 40 ) (-272 0 40 ) (-272 0 24 ) (-272 -89.599991 24 ) 
4 348 351 (-272 0 0 ) (-272 -89.599991 0 ) (-272 -89.599991 8 ) (-272 0 8 ) 
4 349 357 (-288 -192 0 ) (-272 -192 0 ) (-272 -192 40 ) (-288 -192 40 ) 
4 349 352 (-288 -94.399994 0 ) (-288 -192 0 ) (-288 -192 40 ) (-288 -94.399994 40 ) 
4 350 353 (-288 -86.400002 40 ) (-288 0 40 ) (-288 0 32 ) (-288 -86.400009 32 ) 
4 351 354 (-288 0 0 ) (-288 -86.400009 0 ) (-288 -86.400002 16 ) (-288 0 16 ) 
4 352 357 (-304 -192 0 ) (-288 -192 0 ) (-288 -192 40 ) (-304 -192 40 ) 
4 352 356 (-304 -91.199997 0 ) (-304 -192 0 ) (-304 -192 40 ) (-304 -91.200005 40 ) 
4 354 355 (-304 0 0 ) (-304 -83.200005 0 ) (-304 -83.199997 24 ) (-304 0 24 ) 
4 355 375 (-320 0 32 ) (-320 0 0 ) (-320 -80 0 ) (-320 -80 32 ) 
4 356 357 (-320 -192 40 ) (-320 -192 0 ) (-304 -192 0 ) (-304 -192 40 ) 
4 357 371 (-272 -240 0 ) (-240 -240 0 ) (-240 -240 40 ) (-272 -240 40 ) 
4 358 360 (0 -256 16 ) (0 -256 40 ) (-92.799988 -256 40 ) (-92.799988 -256 16 ) 
4 359 371 (-192 -240 40 ) (-192 -240 0 ) (-192 -256 0 ) (-192 -256 40 ) 
4 359 362 (-192 -256 40 ) (-192 -256 0 ) (-100.799995 -256 0 ) (-100.799995 -256 40 ) 
4 360 364 (0 -272 24 ) (0 -272 40 ) (-89.599991 -272 40 ) (-89.599983 -272 24 ) 
4 361 365 (-89.599983 -272 0 ) (0 -272 0 ) (0 -272 8 ) (-89.599983 -272 8 ) 
4 362 371 (-192 -256 0 ) (-192 -272 0 ) (-192 -272 40 ) (-192 -256 40 ) 
4 362 363 (-192 -272 40 ) (-192 -272 0 ) (-97.599991 -272 0 ) (-97.599998 -272 40 ) 
4 363 371 (-192 -272 0 ) (-192 -288 0 ) (-192 -288 40 ) (-192 -272 40 ) 
4 363 366 (-192 -288 40 ) (-192 -288 0 ) (-94.399994 -288 0 ) (-94.399994 -288 40 ) 
4 364 367 (0 -288 32 ) (0 -288 40 ) (-86.399986 -288 40 ) (-86.399986 -288 32 ) 
4 365 368 (-86.399986 -288 0 ) (0 -288 0 ) (0 -288 16 ) (-86.399986 -288 16 ) 
4 366 371 (-192 -288 0 ) (-192 -304 0 ) (-192 -304 40 ) (-192 -288 40 ) 
4 366 369 (-192 -304 40 ) (-192 -304 0 ) (-91.200005 -304 0 ) (-91.199997 -304 40 ) 
4 368 370 (-83.199982 -304 0 ) (0 -304 0 ) (0 -304 24 ) (-83.199989 -304 24 ) 
4 369 371 (-192 -304 0 ) (-192 -320 0 ) (-192 -320 40 ) (-192 -304 40 ) 
4 370 372 (-80 -320 0 ) (0 -320 0 ) (0 -320 32 ) (-80 -320 32 ) 
4 372 379 (-80 -320 -16 ) (0 -320 -16 ) (0 -576 -16 ) (-80 -576 -16 ) 
4 372 373 (-80 -336 -16 ) (-80 -576 -16 ) (-80 -576 40 ) (-80 -336 40 ) 
4 373 379 (-192 -576 -16 ) (-192 -336 -16 ) (-80 -336 -16 ) (-80 -576 -16 ) 
4 373 374 (-192 -352 -16 ) (-192 -576 -16 ) (-192 -576 40 ) (-192 -352 40 ) 
4 374 379 (-320 -576 -16 ) (-320 -352 -16 ) (-192 -352 -16 ) (-192 -576 -16 ) 
4 374 377 (-320 -352 -16 ) (-320 -576 -16 ) (-320 -576 40 ) (-320 -352 40 ) 
4 375 379 (-336 0 -16 ) (-320 0 -16 ) (-320 -80 -16 ) (-336 -80 -16 ) 
4 375 376 (-336 0 -16 ) (-336 -80 -16 ) (-336 -80 40 ) (-336 0 40 ) 
4 376 379 (-576 0 -16 ) (-336 0 -16 ) (-336 -192 -16 ) (-576 -192 -16 ) 
4 376 378 (-576 -192 -16 ) (-352 -192 -16 ) (-352 -192 40 ) (-576 -192 40 ) 
4 377 379 (-320 -352 -16 ) (-320 -576 -16 ) (-352 -576 -16 ) (-352 -352 -16 ) 
4 377 378 (-352 -352 -16 ) (-352 -576 -16 ) (-352 -576 40 ) (-352 -352 40 ) 
4 378 379 (-576 -192 -16 ) (-352 -192 -16 ) (-352 -576 -16 ) (-576 -576 -16 ) 
