PRT1
103
322
4 0 22 (0 288 316 ) (0 288 768 ) (0 576 768 ) (0 576 316 ) 
4 0 20 (0 288 768 ) (0 288 1024 ) (0 576 1024 ) (0 576 768 ) 
4 0 15 (512 288 316 ) (512 288 1024 ) (170.487701 288 1024 ) (170.665939 288 316 ) 
4 0 14 (170.487701 288 1024 ) (0 288 1024 ) (0 288 316 ) (170.665939 288 316 ) 
4 0 7 (341.832581 383.718201 316 ) (170.917450 479.858093 316 ) (170.917435 479.858032 640 ) (341.832520 383.718170 640 ) 
4 0 4 (511.998016 288 1024 ) (511.998016 288 768 ) (0 576 768 ) (0 576 1024 ) 
3 0 1 (0 576 316 ) (511.996094 288 316 ) (0 288 316 ) 
4 1 24 (0 288 312 ) (0 288 316 ) (0 576 316 ) (0 576 312 ) 
4 1 16 (512 288 312 ) (512 288 316 ) (170.665955 288 316 ) (170.666946 288 312 ) 
4 1 14 (170.665955 288 316 ) (0 288 316 ) (0 288 312 ) (170.666946 288 312 ) 
4 1 7 (341.832581 383.718201 312 ) (170.917450 479.858093 312 ) (170.917450 479.858093 316 ) (341.832581 383.718201 316 ) 
3 1 2 (0 576 312 ) (511.996094 288 312 ) (0 288 312 ) 
4 2 25 (0 288 0 ) (0 288 312 ) (0 576 312 ) (0 576 0 ) 
4 2 17 (512 288 0 ) (512 288 312 ) (170.666962 288 312 ) (170.745499 288 0 ) 
4 2 14 (170.666962 288 312 ) (0 288 312 ) (0 288 0 ) (170.745499 288 0 ) 
4 2 7 (341.832581 383.718201 0 ) (170.917450 479.858093 0 ) (170.917450 479.858093 312 ) (341.832581 383.718201 312 ) 
4 3 46 (0 288 -512 ) (0 288 -64 ) (0 576 -64 ) (0 576 -512 ) 
4 3 19 (512 288 -512 ) (512 288 -64 ) (0 288 -64 ) (0 288 -512 ) 
4 3 8 (511.998047 288 -64 ) (511.998077 288 -512 ) (0 576 -512 ) (0 576 -64 ) 
4 4 20 (0 576 768 ) (0 576 1024 ) (0 1024 1024 ) (0 1024 768 ) 
4 4 9 (1024 288 768 ) (1024 288 1024 ) (512 288 1024 ) (512 288 768 ) 
5 4 5 (1024 288 768 ) (527.998413 288 768 ) (0 592.007202 768 ) (0 1024 768 ) (1024 1024 768 ) 
4 5 35 (0 592.007202 768 ) (0 1024 768 ) (0 1024 640 ) (0 592.007813 640 ) 
4 5 10 (1024 288 640 ) (1024 288 768 ) (527.998474 288 768 ) (528 288 640 ) 
5 5 6 (1024 288 640 ) (528 288 640 ) (0 592.007813 640 ) (0 1024 640 ) (1024 1024 640 ) 
4 6 35 (0 592.007813 640 ) (0 1024 640 ) (0 1024 0 ) (0 592.010742 0 ) 
4 6 10 (1024 288 0 ) (1024 288 640 ) (528 288 640 ) (528.004517 288 0 ) 
5 6 8 (1024 288 0 ) (528.004517 288 0 ) (0 592.010742 0 ) (0 1024 0 ) (1024 1024 0 ) 
4 6 7 (177.002426 490.098053 0 ) (346.909576 392.269653 0 ) (346.907898 392.266754 640 ) (177 490.094849 640 ) 
4 7 8 (341.833069 383.719055 0 ) (170.917999 479.858948 0 ) (177.002213 490.097656 0 ) (346.909546 392.269592 0 ) 
4 8 46 (0 576 -512 ) (0 576 -64 ) (0 1024 -64 ) (0 1024 -512 ) 
4 8 43 (0 576 -64 ) (0 576 0 ) (0 1024 0 ) (0 1024 -64 ) 
4 8 11 (528 288 0 ) (512 288 0 ) (512 288 -512 ) (528 288 -512 ) 
4 8 10 (1024 288 -512 ) (1024 288 0 ) (528 288 0 ) (528 288 -512 ) 
4 9 47 (1024 0 768 ) (1024 0 1024 ) (512 0 1024 ) (512 0 768 ) 
4 9 15 (512 288 1024 ) (512 288 768 ) (512 0 768 ) (512 0 1024 ) 
4 9 12 (1024 0 768 ) (528 0 768 ) (528 96 768 ) (1024 96 768 ) 
4 9 10 (528 288 768 ) (1024 288 768 ) (1024 96 768 ) (528 96 768 ) 
4 10 12 (1024 96 -512 ) (1024 96 768 ) (528 96 768 ) (528 96 -512 ) 
4 10 11 (528 288 -512 ) (528 96 -512 ) (528 96 0 ) (528 288 0 ) 
4 11 19 (512 288 -64 ) (512 288 -512 ) (512 96 -512 ) (512 96 -64 ) 
4 11 13 (512 96 0 ) (512 96 -512 ) (528 96 -512 ) (528 96 0 ) 
4 12 75 (1024 0 -512 ) (1024 0 -64 ) (528 0 -64 ) (528 0 -512 ) 
4 12 72 (1024 0 -64 ) (1024 0 0 ) (528 0 0 ) (528 0 -64 ) 
4 12 48 (1024 0 0 ) (1024 0 768 ) (528 0 768 ) (528 0 0 ) 
4 12 13 (528 96 640 ) (528 96 -512 ) (528 0 -512 ) (528 0 640 ) 
4 13 75 (512 0 -64 ) (512 0 -512 ) (528 0 -512 ) (528 0 -64 ) 
4 13 72 (512 0 0 ) (512 0 -64 ) (528 0 -64 ) (528 0 0 ) 
4 13 49 (512 0 640 ) (512 0 0 ) (528 0 0 ) (528 0 640 ) 
4 13 19 (512 0 -512 ) (512 0 -64 ) (512 96 -64 ) (512 96 -512 ) 
4 13 16 (512 0 312 ) (512 0 316 ) (512 96 316 ) (512 96 312 ) 
4 13 15 (512 0 316 ) (512 0 640 ) (512 96 640 ) (512 96 316 ) 
4 13 17 (512 0 0 ) (512 0 312 ) (512 96 312 ) (512 96 0 ) 
4 14 65 (0 0 312 ) (0 0 0 ) (341.412018 0 0 ) (341.333466 0 312 ) 
4 14 62 (114.017632 0 312 ) (341.333466 0 312 ) (341.332458 0 316 ) (114.017632 0 316 ) 
4 14 61 (341.332458 0 316 ) (341.250854 0 640 ) (114.017624 0 640 ) (114.017632 0 316 ) 
4 14 54 (0 0 640 ) (0 0 312 ) (114.017632 0 312 ) (114.017624 0 640 ) 
4 14 51 (0 0 768 ) (0 0 640 ) (341.250854 0 640 ) (341.218628 0 768 ) 
4 14 47 (341.154175 0 1024 ) (0 0 1024 ) (0 0 768 ) (341.218628 0 768 ) 
4 14 39 (0 0 0 ) (0 0 768 ) (0 288 768 ) (0 288 0 ) 
4 14 20 (0 0 768 ) (0 0 1024 ) (0 288 1024 ) (0 288 768 ) 
4 14 18 (0 0 0 ) (0 288 0 ) (170.745514 288 0 ) (341.412018 0 0 ) 
4 14 16 (170.666092 288 312 ) (170.665070 288 316 ) (341.331543 0 316 ) (341.332550 0 312 ) 
4 14 15 (170.665070 288 316 ) (170.484375 288 1024 ) (341.150757 0 1024 ) (341.331543 0 316 ) 
4 14 17 (341.412231 0 0 ) (170.745728 288 0 ) (170.666092 288 312 ) (341.332550 0 312 ) 
4 15 61 (512 0 316 ) (512 0 640 ) (341.250854 0 640 ) (341.332458 0 316 ) 
4 15 51 (512 0 640 ) (512 0 768 ) (341.218628 0 768 ) (341.250854 0 640 ) 
4 15 47 (512 0 768 ) (512 0 1024 ) (341.154175 0 1024 ) (341.218628 0 768 ) 
4 15 16 (341.331207 0 316 ) (170.664734 288 316 ) (512 288 316 ) (512 0 316 ) 
4 16 64 (512 0 312 ) (512 0 316 ) (341.332458 0 316 ) (341.333466 0 312 ) 
4 16 17 (341.331207 0 312 ) (170.664734 288 312 ) (512 288 312 ) (512 0 312 ) 
4 17 65 (512 0 0 ) (512 0 312 ) (341.333466 0 312 ) (341.412018 0 0 ) 
4 18 73 (341.333496 0 0 ) (0 0 0 ) (0 0 -8 ) (341.333466 0 -8 ) 
4 18 45 (0 0 -8 ) (0 0 0 ) (0 288 0 ) (0 288 -8 ) 
4 19 75 (512 0 -512 ) (512 0 -64 ) (0 0 -64 ) (0 0 -512 ) 
4 19 46 (0 0 -512 ) (0 0 -64 ) (0 288 -64 ) (0 288 -512 ) 
4 20 76 (0 0 768 ) (0 0 1024 ) (-1024 0 1024 ) (-1024 0 768 ) 
4 20 40 (-528 1024 768 ) (-512 1024 768 ) (-512 297.212158 768 ) (-528 288 768 ) 
4 20 36 (-341.333008 0 768 ) (-512 0 768 ) (-512 288 768 ) (-170.670013 288 768 ) 
4 20 39 (0 288 768 ) (0 0 768 ) (-341.333008 0 768 ) (-170.670013 288 768 ) 
5 20 35 (-512 1024 768 ) (0 1024 768 ) (0 592 768 ) (-14.056836 583.906982 768 ) (-512 864 768 ) 
4 20 32 (-512 297.207611 768 ) (-512 864 768 ) (-342.548126 768.683716 768 ) (-177 490.094696 768 ) 
3 20 29 (-56.908413 288 768 ) (-170.669998 288 768 ) (-113.868607 383.854431 768 ) 
4 20 26 (-170.669998 288 768 ) (-512 288 768 ) (-170.917908 479.858826 768 ) (-113.868607 383.854431 768 ) 
4 20 22 (0 576 768 ) (0 288 768 ) (-56.908413 288 768 ) (-170.917908 479.858826 768 ) 
3 20 21 (-177 490.094727 768 ) (-342.548126 768.683716 768 ) (-14.056824 583.906982 768 ) 
4 20 42 (-1024 1024 768 ) (-528 1024 768 ) (-528 0 768 ) (-1024 0 768 ) 
3 21 43 (-342.548126 768.683716 0 ) (-14.056824 583.906982 0 ) (-177 490.094727 0 ) 
4 21 35 (-14.057108 583.906860 0 ) (-342.548004 768.683472 0 ) (-342.547974 768.683472 768 ) (-14.057098 583.906860 768 ) 
4 21 33 (-342.546875 768.683594 640 ) (-342.546875 768.683594 0 ) (-177 490.095367 0 ) (-177 490.095337 640 ) 
4 21 32 (-342.546875 768.683594 768 ) (-342.546875 768.683594 640 ) (-177 490.095337 640 ) (-177 490.095337 768 ) 
4 22 39 (0 288 316 ) (0 288 768 ) (-56.908413 288 768 ) (-56.908417 288 316 ) 
4 22 29 (-56.906723 288 316 ) (-56.906719 288 768 ) (-113.867783 383.855743 768 ) (-113.867790 383.855774 316 ) 
4 22 26 (-113.867783 383.855743 768 ) (-170.916779 479.859436 768 ) (-170.916794 479.859497 316 ) (-113.867790 383.855774 316 ) 
5 22 24 (-56.910156 288 316 ) (-113.869087 383.853577 316 ) (-0.010483 575.994080 316 ) (0 576 316 ) (0 288 316 ) 
3 22 23 (-113.869087 383.853577 316 ) (-170.918060 479.858704 316 ) (-0.010483 575.994080 316 ) 
4 23 27 (-113.867790 383.855774 316 ) (-170.916794 479.859497 316 ) (-170.916794 479.859497 312 ) (-113.867790 383.855774 312 ) 
3 23 25 (-113.869087 383.853577 312 ) (-170.918060 479.858704 312 ) (-0.010483 575.994080 312 ) 
4 23 24 (-113.871094 383.859375 312 ) (-0.011719 575.994141 312 ) (-0.011719 575.994141 316 ) (-113.869202 383.855499 316 ) 
4 24 39 (0 288 312 ) (0 288 316 ) (-56.908417 288 316 ) (-56.908417 288 312 ) 
4 24 30 (-56.906723 288 312 ) (-56.906723 288 316 ) (-113.867790 383.855774 316 ) (-113.867790 383.855774 312 ) 
5 24 25 (-56.910156 288 312 ) (-113.869087 383.853577 312 ) (-0.010483 575.994080 312 ) (0 576 312 ) (0 288 312 ) 
4 25 39 (-56.908417 288 0 ) (0 288 0 ) (0 288 312 ) (-56.908417 288 312 ) 
4 25 31 (-113.867790 383.855774 0 ) (-56.906723 288 0 ) (-56.906723 288 312 ) (-113.867790 383.855774 312 ) 
4 25 28 (-170.916794 479.859497 0 ) (-113.867790 383.855774 0 ) (-113.867790 383.855774 312 ) (-170.916794 479.859497 312 ) 
4 26 36 (-512 288 768 ) (-512 288 316 ) (-170.669983 288 316 ) (-170.669998 288 768 ) 
4 26 34 (-170.919891 479.858398 640 ) (-170.919907 479.858398 316 ) (-341.831543 383.720947 316 ) (-341.831543 383.720947 640 ) 
4 26 29 (-170.672897 288 768 ) (-170.672913 288 316 ) (-113.869865 383.856934 316 ) (-113.869858 383.856903 768 ) 
4 26 27 (-512 288 316 ) (-170.921875 479.855469 316 ) (-113.870598 383.857788 316 ) (-170.673981 288 316 ) 
4 27 37 (-512 288 316 ) (-512 288 312 ) (-170.669983 288 312 ) (-170.669983 288 316 ) 
4 27 34 (-170.919907 479.858398 316 ) (-170.919907 479.858398 312 ) (-341.831543 383.720947 312 ) (-341.831543 383.720947 316 ) 
4 27 30 (-170.672913 288 316 ) (-170.672913 288 312 ) (-113.869865 383.856934 312 ) (-113.869865 383.856934 316 ) 
4 27 28 (-512 288 312 ) (-170.921875 479.855469 312 ) (-113.870598 383.857788 312 ) (-170.673981 288 312 ) 
4 28 38 (-512 288 312 ) (-512 288 0 ) (-170.669983 288 0 ) (-170.669983 288 312 ) 
4 28 34 (-170.919907 479.858398 312 ) (-170.919922 479.858398 0 ) (-341.831543 383.720947 0 ) (-341.831543 383.720947 312 ) 
4 28 31 (-170.672913 288 312 ) (-170.672928 288 0 ) (-113.869873 383.856934 0 ) (-113.869865 383.856934 312 ) 
4 29 39 (-56.908417 288 316 ) (-56.908413 288 768 ) (-170.669998 288 768 ) (-170.669983 288 316 ) 
3 29 30 (-170.671875 288 316 ) (-113.867188 383.863281 316 ) (-56.901749 288 316 ) 
4 30 39 (-56.908417 288 312 ) (-56.908417 288 316 ) (-170.669983 288 316 ) (-170.669983 288 312 ) 
3 30 31 (-170.671875 288 312 ) (-113.867188 383.863281 312 ) (-56.901749 288 312 ) 
4 31 39 (-170.669983 288 0 ) (-56.908417 288 0 ) (-56.908417 288 312 ) (-170.669983 288 312 ) 
4 32 40 (-512 297.207611 768 ) (-512 864 768 ) (-512 864 640 ) (-512 297.208191 640 ) 
4 32 35 (-512 864 640 ) (-512 864 768 ) (-342.547974 768.683472 768 ) (-342.547974 768.683472 640 ) 
4 32 33 (-512 297.208191 640 ) (-512 864 640 ) (-342.550781 768.683594 640 ) (-177.002243 490.094238 640 ) 
4 33 43 (-512 297.212158 0 ) (-512 864 0 ) (-342.548126 768.683716 0 ) (-176.998581 490.091583 0 ) 
4 33 40 (-512 864 0 ) (-512 297.212158 0 ) (-512 297.212158 640 ) (-512 864 640 ) 
4 33 35 (-342.548004 768.683472 0 ) (-512 864 0 ) (-512 864 640 ) (-342.547974 768.683472 640 ) 
4 33 34 (-177 490.091797 0 ) (-177 490.091797 640 ) (-346.906525 392.266846 640 ) (-346.906525 392.266846 0 ) 
4 34 43 (-346.906097 392.266144 0 ) (-176.998581 490.091583 0 ) (-170.917908 479.858826 0 ) (-341.831055 383.720093 0 ) 
5 35 43 (-512 864 0 ) (-512 1024 0 ) (0 1024 0 ) (0 592 0 ) (-14.056836 583.906982 0 ) 
4 35 40 (-512 1024 0 ) (-512 864 0 ) (-512 864 768 ) (-512 1024 768 ) 
4 36 85 (-512 0 640 ) (-512 0 316 ) (-341.333008 0 316 ) (-341.333008 0 640 ) 
4 36 78 (-341.333008 0 768 ) (-512 0 768 ) (-512 0 640 ) (-341.333008 0 640 ) 
4 36 41 (-512 0 316 ) (-512 0 640 ) (-512 96 640 ) (-512 96 316 ) 
4 36 39 (-170.671875 288 316 ) (-170.671875 288 768 ) (-341.334839 0 768 ) (-341.334839 0 316 ) 
4 36 37 (-512 288 316 ) (-170.671875 288 316 ) (-341.334839 0 316 ) (-512 0 316 ) 
4 37 87 (-512 0 316 ) (-512 0 312 ) (-341.333008 0 312 ) (-341.333008 0 316 ) 
4 37 41 (-512 0 312 ) (-512 0 316 ) (-512 96 316 ) (-512 96 312 ) 
4 37 38 (-512 288 312 ) (-170.671875 288 312 ) (-341.334839 0 312 ) (-512 0 312 ) 
4 37 39 (-170.671875 288 312 ) (-170.671875 288 316 ) (-341.334839 0 316 ) (-341.334839 0 312 ) 
4 38 93 (-512 0 312 ) (-512 0 0 ) (-341.333008 0 0 ) (-341.333008 0 312 ) 
4 38 41 (-512 96 0 ) (-512 0 0 ) (-512 0 312 ) (-512 96 312 ) 
4 38 39 (-341.334839 0 0 ) (-170.671875 288 0 ) (-170.671875 288 312 ) (-341.334839 0 312 ) 
4 39 93 (0 0 0 ) (0 0 312 ) (-341.333008 0 312 ) (-341.333008 0 0 ) 
4 39 86 (-341.333008 0 316 ) (-341.333008 0 312 ) (-114.033630 0 312 ) (-114.033630 0 316 ) 
4 39 85 (-114.033623 0 640 ) (-341.333008 0 640 ) (-341.333008 0 316 ) (-114.033630 0 316 ) 
4 39 79 (0 0 312 ) (0 0 640 ) (-114.033623 0 640 ) (-114.033630 0 312 ) 
4 39 78 (0 0 640 ) (0 0 768 ) (-341.333008 0 768 ) (-341.333008 0 640 ) 
4 39 45 (0 0 0 ) (-341.333008 0 0 ) (-170.670013 288 0 ) (0 288 0 ) 
4 40 44 (-528 288 0 ) (-528 1024 0 ) (-512 1024 0 ) (-512 297.212158 0 ) 
4 40 42 (-528 1024 0 ) (-528 288 0 ) (-528 288 768 ) (-528 1024 768 ) 
4 41 95 (-528 0 640 ) (-528 0 0 ) (-512 0 0 ) (-512 0 640 ) 
4 41 44 (-512 0 0 ) (-528 0 0 ) (-528 96 0 ) (-512 96 0 ) 
4 41 42 (-528 96 0 ) (-528 0 0 ) (-528 0 640 ) (-528 96 640 ) 
4 42 97 (-528 0 768 ) (-1024 0 768 ) (-1024 0 0 ) (-528 0 0 ) 
4 42 44 (-528 0 0 ) (-1024 0 0 ) (-1024 1024 0 ) (-528 1024 0 ) 
5 43 46 (-512 1024 -64 ) (0 1024 -64 ) (0 576.011780 -64 ) (-0.010302 575.994385 -64 ) (-512 288 -64 ) 
4 43 44 (-512 1024 -64 ) (-512 288 -64 ) (-512 288 0 ) (-512 1024 0 ) 
4 44 101 (-512 0 0 ) (-1024 0 0 ) (-1024 0 -64 ) (-512 0 -64 ) 
4 44 46 (-1024 1024 -64 ) (-512 1024 -64 ) (-512 0 -64 ) (-1024 0 -64 ) 
4 45 98 (0 0 -8 ) (0 0 0 ) (-341.333008 0 0 ) (-341.333008 0 -8 ) 
4 46 102 (0 0 -512 ) (0 0 -64 ) (-1024 0 -64 ) (-1024 0 -512 ) 
4 47 76 (0 0 1024 ) (0 0 768 ) (0 -1024 768 ) (0 -1024 1024 ) 
4 47 52 (512 -297.212128 768 ) (512 -1024 768 ) (0 -1024 768 ) (0 -592.007874 768 ) 
4 47 51 (0 0 768 ) (512 0 768 ) (512 -288 768 ) (0 -576 768 ) 
4 47 50 (528 -288 768 ) (528 -1024 768 ) (512 -1024 768 ) (512 -297.212036 768 ) 
4 47 48 (528 0 768 ) (1024 0 768 ) (1024 -1024 768 ) (528 -1024 768 ) 
4 48 72 (1024 -1024 0 ) (528 -1024 0 ) (528 0 0 ) (1024 0 0 ) 
4 48 50 (528 -287.996277 0 ) (528 -1024 0 ) (528 -1024 768 ) (528 -288 768 ) 
4 48 49 (528 0 0 ) (528 -96 0 ) (528 -96 640 ) (528 0 640 ) 
4 49 72 (512 -96 0 ) (512 0 0 ) (528 0 0 ) (528 -96 0 ) 
4 49 65 (512 0 0 ) (512 -96 0 ) (512 -96 312 ) (512 0 312 ) 
4 49 64 (512 -96 312 ) (512 -96 316 ) (512 0 316 ) (512 0 312 ) 
4 49 61 (512 -96 316 ) (512 -96 640 ) (512 0 640 ) (512 0 316 ) 
4 50 72 (528 -1024 0 ) (512 -1024 0 ) (512 -297.208557 0 ) (528 -287.996277 0 ) 
4 50 53 (512 -297.208618 0 ) (512 -1024 0 ) (512 -1024 640 ) (512 -297.211456 640 ) 
4 50 52 (512 -1024 640 ) (512 -1024 768 ) (512 -297.212036 768 ) (512 -297.211456 640 ) 
4 51 78 (0 0 768 ) (0 0 640 ) (0 -576 640 ) (0 -576 768 ) 
4 51 68 (0 -576 640 ) (0 -288 640 ) (56.915836 -288 640 ) (170.918060 -479.858429 640 ) 
3 51 67 (0 -288 640 ) (0 -192.214294 640 ) (56.915836 -288 640 ) 
4 51 61 (114.017632 0 640 ) (512 0 640 ) (512 -288 640 ) (341.832825 -383.718719 640 ) 
4 51 57 (285.004272 -288 640 ) (341.832825 -383.718719 640 ) (170.918060 -479.858429 640 ) (56.915840 -288 640 ) 
3 51 55 (227.699493 -191.479156 640 ) (285.004272 -288 640 ) (170.501831 -288 640 ) 
6 51 54 (0 -192.214294 640 ) (0 0 640 ) (114.017632 0 640 ) (227.699493 -191.479156 640 ) (170.501831 -288 640 ) (56.915840 -288 640 ) 
4 52 77 (0 -592.007263 640 ) (0 -1024 640 ) (0 -1024 768 ) (0 -592.007874 768 ) 
4 52 53 (0 -1024 640 ) (0 -592.007263 640 ) (512 -297.211517 640 ) (512 -1024 640 ) 
4 53 77 (0 -592 0 ) (0 -1024 0 ) (0 -1024 640 ) (0 -592 640 ) 
4 53 74 (512 -1024 0 ) (0 -1024 0 ) (0 -592 0 ) (512 -297.223938 0 ) 
4 53 66 (346.910583 -392.270355 0 ) (177 -490.093811 0 ) (177 -490.093811 312 ) (346.910583 -392.270386 312 ) 
4 53 60 (177 -490.093842 640 ) (346.910156 -392.270630 640 ) (346.910126 -392.270630 312 ) (177 -490.093811 312 ) 
4 54 79 (0 0 640 ) (0 0 312 ) (0 -192.214294 312 ) (0 -192.214294 640 ) 
4 54 67 (56.915977 -288 640 ) (0 -192.214050 640 ) (0 -192.214462 312 ) (56.915810 -288 312 ) 
6 54 65 (56.919891 -288 312 ) (0 -192.207458 312 ) (0 0 312 ) (114.017632 0 312 ) (227.782166 -191.618362 312 ) (170.667007 -288 312 ) 
4 54 62 (227.780197 -191.621704 312 ) (114.013702 0 312 ) (114.013710 0 316 ) (227.779190 -191.620010 316 ) 
4 54 61 (114.013710 0 316 ) (114.014091 0 640 ) (227.697632 -191.482315 640 ) (227.779190 -191.620010 316 ) 
4 54 58 (56.917969 -288 316 ) (56.917969 -288 312 ) (170.667023 -288 312 ) (170.665009 -288 316 ) 
4 54 57 (56.917957 -288 640 ) (56.917969 -288 316 ) (170.665009 -288 316 ) (170.501862 -288 640 ) 
4 54 56 (170.665192 -288 316 ) (170.667206 -288 312 ) (227.782410 -191.619019 312 ) (227.781403 -191.617325 316 ) 
4 54 55 (170.502060 -288 640 ) (170.665192 -288 316 ) (227.781403 -191.617325 316 ) (227.699768 -191.479813 640 ) 
4 55 61 (227.779190 -191.620010 316 ) (227.697632 -191.482315 640 ) (285 -288 640 ) (285 -288 316 ) 
4 55 57 (285.004089 -288 316 ) (285.004089 -288 640 ) (170.501862 -288 640 ) (170.665009 -288 316 ) 
3 55 56 (285.004303 -288 316 ) (170.656250 -288 316 ) (227.776779 -191.609283 316 ) 
3 56 65 (227.782166 -191.618362 312 ) (285.004303 -288 312 ) (170.667007 -288 312 ) 
4 56 63 (285 -288 312 ) (227.780197 -191.621704 312 ) (227.779190 -191.620010 316 ) (285 -288 316 ) 
4 56 59 (170.667023 -288 312 ) (285.004089 -288 312 ) (285.004089 -288 316 ) (170.665009 -288 316 ) 
4 57 68 (170.918167 -479.858398 640 ) (56.915977 -288 640 ) (56.915813 -288 316 ) (170.918152 -479.858398 316 ) 
4 57 61 (285 -288 316 ) (285 -288 640 ) (341.829865 -383.720367 640 ) (341.829865 -383.720398 316 ) 
5 57 59 (170.665009 -288 316 ) (285.003906 -288 316 ) (341.832092 -383.717407 316 ) (170.917282 -479.857178 316 ) (113.867905 -383.844910 316 ) 
3 57 58 (56.917969 -288 316 ) (170.665009 -288 316 ) (113.867905 -383.844910 316 ) 
4 57 60 (170.917969 -479.855469 640 ) (170.917969 -479.855469 316 ) (341.830078 -383.719727 316 ) (341.830078 -383.719727 640 ) 
4 58 69 (56.915813 -288 316 ) (56.915810 -288 312 ) (113.868408 -383.847473 312 ) (113.867401 -383.845764 316 ) 
3 58 65 (113.870407 -383.844086 312 ) (56.919891 -288 312 ) (170.667023 -288 312 ) 
4 58 59 (170.669983 -288 312 ) (170.667969 -288 316 ) (113.868851 -383.848328 316 ) (113.869873 -383.849976 312 ) 
4 59 70 (113.868408 -383.847473 312 ) (170.918152 -479.858398 312 ) (170.918152 -479.858398 316 ) (113.867401 -383.845764 316 ) 
5 59 65 (170.921082 -479.856720 312 ) (113.870407 -383.844086 312 ) (170.667023 -288 312 ) (285.004303 -288 312 ) (341.832855 -383.718719 312 ) 
4 59 63 (341.829865 -383.720398 312 ) (285 -288 312 ) (285 -288 316 ) (341.829865 -383.720398 316 ) 
4 59 60 (170.917969 -479.855469 316 ) (170.917969 -479.855469 312 ) (341.830078 -383.719727 312 ) (341.830078 -383.719727 316 ) 
4 60 66 (346.911499 -392.272919 312 ) (177.003906 -490.093750 312 ) (170.921082 -479.856720 312 ) (341.832855 -383.718719 312 ) 
4 61 64 (341.332031 0 316 ) (512 0 316 ) (512 -288 316 ) (512 -288 316 ) 
4 61 63 (341.829865 -383.720398 316 ) (227.779175 -191.620026 316 ) (341.332031 0 316 ) (512 -288 316 ) 
3 61 62 (227.779175 -191.620026 316 ) (114.013672 0 316 ) (341.332031 0 316 ) 
3 62 65 (227.782166 -191.618362 312 ) (114.017632 0 312 ) (341.334015 0 312 ) 
4 62 63 (341.334045 0 316 ) (227.781250 -191.621094 316 ) (227.782257 -191.622787 312 ) (341.336731 0 312 ) 
4 63 65 (341.832855 -383.718719 312 ) (227.782166 -191.618362 312 ) (341.334015 0 312 ) (512 -288 312 ) 
4 63 64 (511.998169 -288.001648 316 ) (511.998932 -288.001221 312 ) (341.333374 -0.002085 312 ) (341.331848 -0.001235 316 ) 
3 64 65 (341.334015 0 312 ) (512 0 312 ) (512 -288 312 ) 
4 65 93 (0 0 312 ) (0 0 0 ) (0 -192.214294 0 ) (0 -192.214294 312 ) 
5 65 73 (0 -192.214294 0 ) (0 0 0 ) (341.333466 0 0 ) (170.666595 -288 0 ) (56.915825 -288 0 ) 
4 65 71 (56.915649 -288 0 ) (170.918152 -479.858429 0 ) (170.918152 -479.858429 312 ) (56.915810 -288 312 ) 
4 65 67 (0 -192.214844 0 ) (56.915649 -288 0 ) (56.915810 -288 312 ) (0 -192.214462 312 ) 
4 65 66 (341.832397 -383.719666 312 ) (170.917969 -479.859375 312 ) (170.917969 -479.859375 0 ) (341.832397 -383.719666 0 ) 
4 66 74 (346.911133 -392.271301 0 ) (177 -490.094727 0 ) (170.918030 -479.858459 0 ) (341.832092 -383.719147 0 ) 
4 67 93 (0 -192.214294 0 ) (0 -288 0 ) (0 -288 312 ) (0 -192.214294 312 ) 
4 67 90 (0 -288 312 ) (0 -288 640 ) (0 -192.214294 640 ) (0 -192.214294 312 ) 
3 67 73 (0 -288 0 ) (0 -192.214294 0 ) (56.915825 -288 0 ) 
4 67 71 (0 -288 0 ) (56.912109 -288 0 ) (56.912117 -288 312 ) (0 -288 312 ) 
4 67 69 (56.912117 -288 312 ) (56.912117 -288 316 ) (0 -288 316 ) (0 -288 312 ) 
4 67 68 (56.912117 -288 316 ) (56.912128 -288 640 ) (0 -288 640 ) (0 -288 316 ) 
4 68 91 (0 -576 640 ) (0 -288 640 ) (0 -288 316 ) (0 -576 316 ) 
4 68 70 (113.864555 -383.850586 316 ) (170.913818 -479.860840 316 ) (0 -576 316 ) (0 -575.996582 316 ) 
4 68 69 (0 -288 316 ) (56.910156 -288 316 ) (113.864555 -383.850586 316 ) (0 -575.996582 316 ) 
4 69 92 (0 -576 316 ) (0 -288 316 ) (0 -288 312 ) (0 -576 312 ) 
4 69 71 (0 -288 312 ) (56.910156 -288 312 ) (113.865555 -383.852295 312 ) (0 -576 312 ) 
4 69 70 (0 -576 316 ) (0.002739 -575.997742 312 ) (113.869064 -383.848694 312 ) (113.868591 -383.847870 316 ) 
3 70 71 (113.865555 -383.852295 312 ) (170.913818 -479.860840 312 ) (0 -576 312 ) 
4 71 93 (0 -288 0 ) (0 -576 0 ) (0 -576 312 ) (0 -288 312 ) 
4 72 75 (512 0 -64 ) (1024 0 -64 ) (1024 -1024 -64 ) (512 -1024 -64 ) 
4 72 74 (512 -288 -64 ) (512 -1024 -64 ) (512 -1024 0 ) (512 -288 0 ) 
4 73 98 (0 0 0 ) (0 0 -8 ) (0 -288 -8 ) (0 -288 0 ) 
4 74 100 (0 -576 -64 ) (0 -1024 -64 ) (0 -1024 -8 ) (0 -576 -8 ) 
4 74 99 (0 -1024 -8 ) (0 -1024 0 ) (0 -576 0 ) (0 -576 -8 ) 
4 74 75 (512 -288 -64 ) (512 -1024 -64 ) (0 -1024 -64 ) (0 -576 -64 ) 
4 75 102 (0 0 -64 ) (0 0 -512 ) (0 -1024 -512 ) (0 -1024 -64 ) 
4 76 96 (-512 -297.212158 768 ) (-512 -1024 768 ) (-528 -1024 768 ) (-528 -288 768 ) 
4 76 78 (-512 0 768 ) (0 0 768 ) (0 -576 768 ) (-512 -288 768 ) 
4 76 77 (0 -592 768 ) (0 -1024 768 ) (-512 -1024 768 ) (-512 -297.223938 768 ) 
4 76 97 (-1024 -1024 768 ) (-1024 0 768 ) (-528 0 768 ) (-528 -1024 768 ) 
4 77 99 (0 -1024 0 ) (-512 -1024 0 ) (-512 -297.223938 0 ) (0 -592 0 ) 
4 77 96 (-512 -297.223969 0 ) (-512 -1024 0 ) (-512 -1024 768 ) (-512 -297.223938 768 ) 
4 77 94 (-177 -490.094360 0 ) (-346.909454 -392.271851 0 ) (-346.909485 -392.271881 312 ) (-177 -490.094421 312 ) 
4 77 84 (-346.909546 -392.271912 640 ) (-177 -490.094513 640 ) (-177 -490.094421 312 ) (-346.909485 -392.271881 312 ) 
4 78 91 (0 -288 640 ) (0 -576 640 ) (-170.917908 -479.858856 640 ) (-56.908409 -288 640 ) 
3 78 90 (0 -192.232712 640 ) (0 -288 640 ) (-56.908409 -288 640 ) 
4 78 85 (-512 -288 640 ) (-512 0 640 ) (-114.033630 0 640 ) (-341.832275 -383.719452 640 ) 
4 78 82 (-56.908401 -288 640 ) (-170.917908 -479.858856 640 ) (-341.832275 -383.719452 640 ) (-285.007538 -288 640 ) 
3 78 80 (-170.584412 -288 640 ) (-285.007538 -288 640 ) (-227.744919 -191.542969 640 ) 
6 78 79 (-114.033630 0 640 ) (0 0 640 ) (0 -192.232712 640 ) (-56.908401 -288 640 ) (-170.584412 -288 640 ) (-227.744919 -191.542969 640 ) 
6 79 93 (-227.786240 -191.612579 312 ) (-114.033630 0 312 ) (0 0 312 ) (0 -192.232727 312 ) (-56.908405 -288 312 ) (-170.666992 -288 312 ) 
4 79 90 (-56.908539 -288 312 ) (0 -192.232483 312 ) (0 -192.236923 640 ) (-56.906006 -288 640 ) 
4 79 86 (-114.031456 0 312 ) (-227.785217 -191.614288 312 ) (-227.784729 -191.613419 316 ) (-114.031479 0 316 ) 
4 79 85 (-227.784729 -191.613419 316 ) (-227.744781 -191.543198 640 ) (-114.033356 0 640 ) (-114.031479 0 316 ) 
4 79 83 (-170.666992 -288 312 ) (-56.909290 -288 312 ) (-56.909290 -288 316 ) (-170.665985 -288 316 ) 
4 79 82 (-56.909290 -288 316 ) (-56.909294 -288 640 ) (-170.584412 -288 640 ) (-170.665985 -288 316 ) 
4 79 81 (-227.785431 -191.612869 316 ) (-227.785934 -191.613724 312 ) (-170.667557 -288 312 ) (-170.666550 -288 316 ) 
4 79 80 (-227.744614 -191.544098 640 ) (-227.785431 -191.612869 316 ) (-170.666550 -288 316 ) (-170.584976 -288 640 ) 
4 80 85 (-285.005615 -288 316 ) (-285.007263 -288 640 ) (-227.744781 -191.543198 640 ) (-227.784729 -191.613419 316 ) 
4 80 82 (-285.005859 -288 640 ) (-285.005859 -288 316 ) (-170.665985 -288 316 ) (-170.584412 -288 640 ) 
3 80 81 (-227.785156 -191.621094 316 ) (-170.667969 -288 316 ) (-285.007507 -288 316 ) 
3 81 93 (-285.007538 -288 312 ) (-227.786240 -191.612579 312 ) (-170.666992 -288 312 ) 
4 81 88 (-227.785217 -191.614288 312 ) (-285.005585 -288 312 ) (-285.005615 -288 316 ) (-227.784729 -191.613419 316 ) 
4 81 83 (-285.005859 -288 316 ) (-285.005859 -288 312 ) (-170.666992 -288 312 ) (-170.665985 -288 316 ) 
4 82 91 (-56.908508 -288 316 ) (-56.906006 -288 640 ) (-170.916229 -479.859741 640 ) (-170.917984 -479.858765 316 ) 
4 82 85 (-341.830872 -383.720215 316 ) (-341.832062 -383.719543 640 ) (-285.007263 -288 640 ) (-285.005615 -288 316 ) 
4 82 84 (-341.832123 -383.721039 640 ) (-341.832123 -383.721039 316 ) (-170.917938 -479.860077 316 ) (-170.917938 -479.860077 640 ) 
4 82 83 (-170.917969 -479.855469 316 ) (-341.832031 -383.718750 316 ) (-285.007507 -288 316 ) (-56.908417 -288 316 ) 
4 83 93 (-341.832306 -383.719452 312 ) (-285.007538 -288 312 ) (-56.908405 -288 312 ) (-170.917908 -479.858826 312 ) 
4 83 92 (-170.917999 -479.858765 312 ) (-56.908539 -288 312 ) (-56.908508 -288 316 ) (-170.917984 -479.858765 316 ) 
4 83 89 (-285.005585 -288 312 ) (-341.830872 -383.720215 312 ) (-341.830872 -383.720215 316 ) (-285.005615 -288 316 ) 
4 83 84 (-341.832123 -383.721039 316 ) (-341.832123 -383.721039 312 ) (-170.917938 -479.860077 312 ) (-170.917938 -479.860077 316 ) 
4 84 94 (-177 -490.094391 312 ) (-346.909302 -392.271484 312 ) (-341.832306 -383.719452 312 ) (-170.917908 -479.858826 312 ) 
4 85 95 (-512 -96 640 ) (-512 0 640 ) (-512 0 316 ) (-512 -96 316 ) 
3 85 89 (-285.005554 -288 316 ) (-341.830872 -383.720215 316 ) (-512 -288 316 ) 
4 85 88 (-227.784668 -191.613510 316 ) (-285.005554 -288 316 ) (-511.996033 -288 316 ) (-341.333984 -0.001646 316 ) 
5 85 87 (-511.996033 -288 316 ) (-512 -288 316 ) (-512 0 316 ) (-341.334961 0 316 ) (-341.333984 -0.001646 316 ) 
3 85 86 (-114.031250 0 316 ) (-227.784668 -191.613510 316 ) (-341.334961 0 316 ) 
3 86 93 (-341.335968 0 312 ) (-114.033630 0 312 ) (-227.786240 -191.612549 312 ) 
4 86 88 (-341.335266 0 312 ) (-227.786499 -191.613083 312 ) (-227.785995 -191.612228 316 ) (-341.335510 0 316 ) 
4 87 95 (-512 -96 316 ) (-512 0 316 ) (-512 0 312 ) (-512 -96 312 ) 
5 87 93 (-512 -288 312 ) (-512 0 312 ) (-341.335968 0 312 ) (-341.334473 -0.002514 312 ) (-511.996033 -288 312 ) 
4 87 88 (-511.996490 -288 316 ) (-511.996490 -288 312 ) (-341.333740 0 312 ) (-341.333252 0 316 ) 
4 88 93 (-341.334473 -0.002514 312 ) (-227.786240 -191.612549 312 ) (-285.007568 -288 312 ) (-511.996033 -288 312 ) 
4 88 89 (-512 -288 312 ) (-285.003906 -288 312 ) (-285.003906 -288 316 ) (-512 -288 316 ) 
3 89 93 (-512 -288 312 ) (-285.007568 -288 312 ) (-341.832306 -383.719421 312 ) 
3 90 93 (-56.908401 -288 312 ) (0 -192.232727 312 ) (0 -288 312 ) 
4 90 92 (-56.905350 -288 316 ) (-56.905350 -288 312 ) (0 -288 312 ) (0 -288 316 ) 
4 90 91 (-56.905334 -288 640 ) (-56.905350 -288 316 ) (0 -288 316 ) (0 -288 640 ) 
4 91 92 (0 -576.003906 316 ) (-170.925781 -479.859375 316 ) (-56.908386 -288 316 ) (0 -288 316 ) 
4 92 93 (-170.917908 -479.858826 312 ) (-56.908401 -288 312 ) (0 -288 312 ) (0 -576 312 ) 
4 93 98 (-341.336975 0 0 ) (0 0 0 ) (0 -288 0 ) (-170.667984 -288 0 ) 
4 93 95 (-512 0 0 ) (-512 -96 0 ) (-512 -96 312 ) (-512 0 312 ) 
4 93 94 (-170.919022 -479.858032 312 ) (-341.832214 -383.719360 312 ) (-341.832245 -383.719421 0 ) (-170.919083 -479.858154 0 ) 
4 94 99 (-341.832275 -383.719421 0 ) (-170.919098 -479.858154 0 ) (-177 -490.094757 0 ) (-346.909668 -392.272156 0 ) 
4 95 101 (-528 -96 0 ) (-528 0 0 ) (-512 0 0 ) (-512 -96 0 ) 
4 95 97 (-528 0 0 ) (-528 -96 0 ) (-528 -96 640 ) (-528 0 640 ) 
4 96 101 (-512 -1024 0 ) (-528 -1024 0 ) (-528 -288 0 ) (-512 -297.212158 0 ) 
4 96 97 (-528 -288 0 ) (-528 -1024 0 ) (-528 -1024 768 ) (-528 -288 768 ) 
4 97 101 (-528 -1024 0 ) (-1024 -1024 0 ) (-1024 0 0 ) (-528 0 0 ) 
4 99 100 (-512 -1024 -8 ) (-512 -288 -8 ) (0 -576 -8 ) (0 -1024 -8 ) 
4 99 101 (-512 -1024 -8 ) (-512 -1024 0 ) (-512 -288 0 ) (-512 -288 -8 ) 
4 100 102 (0 -576 -64 ) (0 -1024 -64 ) (-512 -1024 -64 ) (-512 -288 -64 ) 
4 100 101 (-512 -288 -64 ) (-512 -1024 -64 ) (-512 -1024 -8 ) (-512 -288 -8 ) 
4 101 102 (-1024 -1024 -64 ) (-1024 0 -64 ) (-512 0 -64 ) (-512 -1024 -64 ) 
