PRT1
38
51
4 0 10 (132 0 240 ) (128 0 240 ) (128 0 236 ) (132 0 236 ) 
4 0 7 (128 128 236 ) (132 128 236 ) (132 0 236 ) (128 0 236 ) 
4 0 2 (128 64 236 ) (128 0 236 ) (128 0 240 ) (128 64 240 ) 
4 0 1 (128 128 240 ) (128 128 236 ) (128 64 236 ) (128 64 240 ) 
4 1 9 (0 128 240 ) (0 128 236 ) (0 64 236 ) (0 64 240 ) 
4 1 7 (0 128 236 ) (128 128 236 ) (128 64 236 ) (0 64 236 ) 
4 1 2 (0 64 236 ) (128 64 236 ) (128 64 240 ) (0 64 240 ) 
4 2 14 (0 0 240 ) (0 0 236 ) (128 0 236 ) (128 0 240 ) 
4 2 11 (0 0 288 ) (0 0 240 ) (128 0 240 ) (128 0 288 ) 
4 2 9 (0 0 236 ) (0 0 240 ) (0 64 240 ) (0 64 236 ) 
4 2 7 (128 64 236 ) (128 0 236 ) (0 0 236 ) (0 64 236 ) 
4 3 4 (136 124 236 ) (136 124 4 ) (136 68 4 ) (136 68 236 ) 
4 4 7 (132 124 4 ) (132 68 4 ) (132 68 236 ) (132 124 236 ) 
4 5 6 (136 64 236 ) (136 64 4 ) (136 4 4 ) (136 4 236 ) 
4 6 7 (132 64 4 ) (132 4 4 ) (132 4 236 ) (132 64 236 ) 
4 7 35 (132 0 236 ) (0 0 236 ) (0 0 4 ) (132 0 4 ) 
4 7 9 (0 0 4 ) (0 0 236 ) (0 128 236 ) (0 128 4 ) 
4 7 8 (0 0 4 ) (0 128 4 ) (132 128 4 ) (132 0 4 ) 
4 8 36 (132 0 4 ) (0 0 4 ) (0 0 0 ) (132 0 0 ) 
4 8 9 (0 0 0 ) (0 0 4 ) (0 128 4 ) (0 128 0 ) 
4 9 37 (0 0 0 ) (0 0 240 ) (-384 0 240 ) (-384 0 0 ) 
4 10 35 (128 0 236 ) (132 0 236 ) (132 -640 236 ) (128 -640 236 ) 
4 10 14 (128 0 236 ) (128 -640 236 ) (128 -640 240 ) (128 0 240 ) 
4 11 14 (0 0 240 ) (128 0 240 ) (128 -64 240 ) (0 -64 240 ) 
4 12 14 (128 -192 240 ) (128 -320 240 ) (0 -320 240 ) (0 -192 240 ) 
4 13 14 (128 -448 240 ) (128 -576 240 ) (0 -576 240 ) (0 -448 240 ) 
4 14 37 (0 0 240 ) (0 0 236 ) (0 -640 236 ) (0 -640 240 ) 
4 14 35 (0 -640 236 ) (0 0 236 ) (128 0 236 ) (128 -640 236 ) 
4 15 16 (136 0 4 ) (136 -60 4 ) (136 -60 236 ) (136 0 236 ) 
4 16 35 (132 0 4 ) (132 -60 4 ) (132 -60 236 ) (132 0 236 ) 
4 17 18 (136 -64 236 ) (136 -64 4 ) (136 -124 4 ) (136 -124 236 ) 
4 18 35 (132 -64 4 ) (132 -124 4 ) (132 -124 236 ) (132 -64 236 ) 
4 19 20 (136 -128 236 ) (136 -128 4 ) (136 -188 4 ) (136 -188 236 ) 
4 20 35 (132 -128 4 ) (132 -188 4 ) (132 -188 236 ) (132 -128 236 ) 
4 21 22 (136 -192 236 ) (136 -192 4 ) (136 -252 4 ) (136 -252 236 ) 
4 22 35 (132 -192 4 ) (132 -252 4 ) (132 -252 236 ) (132 -192 236 ) 
4 23 24 (136 -256 236 ) (136 -256 4 ) (136 -316 4 ) (136 -316 236 ) 
4 24 35 (132 -256 4 ) (132 -316 4 ) (132 -316 236 ) (132 -256 236 ) 
4 25 26 (136 -320 236 ) (136 -320 4 ) (136 -380 4 ) (136 -380 236 ) 
4 26 35 (132 -320 4 ) (132 -380 4 ) (132 -380 236 ) (132 -320 236 ) 
4 27 28 (136 -384 236 ) (136 -384 4 ) (136 -444 4 ) (136 -444 236 ) 
4 28 35 (132 -384 4 ) (132 -444 4 ) (132 -444 236 ) (132 -384 236 ) 
4 29 30 (136 -448 236 ) (136 -448 4 ) (136 -508 4 ) (136 -508 236 ) 
4 30 35 (132 -448 4 ) (132 -508 4 ) (132 -508 236 ) (132 -448 236 ) 
4 31 32 (136 -512 236 ) (136 -512 4 ) (136 -572 4 ) (136 -572 236 ) 
4 32 35 (132 -512 4 ) (132 -572 4 ) (132 -572 236 ) (132 -512 236 ) 
4 33 34 (136 -576 236 ) (136 -576 4 ) (136 -636 4 ) (136 -636 236 ) 
4 34 35 (132 -576 4 ) (132 -636 4 ) (132 -636 236 ) (132 -576 236 ) 
4 35 37 (0 0 236 ) (0 0 4 ) (0 -640 4 ) (0 -640 236 ) 
4 35 36 (0 0 4 ) (132 0 4 ) (132 -640 4 ) (0 -640 4 ) 
4 36 37 (0 0 4 ) (0 0 0 ) (0 -640 0 ) (0 -640 4 ) 
