PRT1
107
222
4 0 26 (1024 0 0 ) (1024 0 896 ) (616 0 896 ) (616 0 0 ) 
4 0 4 (616 768 0 ) (1024 768 0 ) (1024 0 0 ) (616 0 0 ) 
4 0 1 (616 28 28 ) (616 28 896 ) (616 768 896 ) (616 768 28 ) 
4 0 2 (616 28 0 ) (616 0 0 ) (616 0 896 ) (616 28 896 ) 
4 1 2 (592 28 896 ) (592 28 28 ) (616 28 28 ) (616 28 896 ) 
4 1 3 (592 28 28 ) (592 28 896 ) (592 768 896 ) (592 768 28 ) 
4 2 27 (616 0 896 ) (592 0 896 ) (592 0 0 ) (616 0 0 ) 
4 2 4 (616 28 0 ) (616 0 0 ) (592 0 0 ) (592 28 0 ) 
4 2 3 (592 28 0 ) (592 0 0 ) (592 0 896 ) (592 28 896 ) 
4 3 29 (592 0 896 ) (144 0 896 ) (144 0 0 ) (592 0 0 ) 
4 3 7 (144 0 4 ) (144 0 236 ) (144 124 236 ) (144 124 4 ) 
4 3 9 (144 0 0 ) (144 0 4 ) (144 124 4 ) (144 124 0 ) 
4 3 6 (144 124 236 ) (144 128 236 ) (144 128 0 ) (144 124 0 ) 
4 3 5 (144 0 236 ) (144 0 240 ) (144 128 240 ) (144 128 236 ) 
4 3 4 (144 0 0 ) (144 768 0 ) (592 768 0 ) (592 0 0 ) 
4 4 30 (1024 0 -16 ) (1024 0 0 ) (144 0 0 ) (144 0 -16 ) 
4 5 31 (144 0 236 ) (144 0 240 ) (128 0 240 ) (128 0 236 ) 
4 5 11 (128 64 236 ) (128 0 236 ) (128 0 240 ) (128 64 240 ) 
4 5 10 (128 128 240 ) (128 128 236 ) (128 64 236 ) (128 64 240 ) 
4 5 8 (128 0 236 ) (128 124 236 ) (136 124 236 ) (136 0 236 ) 
4 5 7 (136 124 236 ) (144 124 236 ) (144 0 236 ) (136 0 236 ) 
4 5 6 (128 124 236 ) (128 128 236 ) (144 128 236 ) (144 124 236 ) 
4 6 10 (128 128 236 ) (128 128 0 ) (128 124 0 ) (128 124 236 ) 
4 6 8 (136 124 236 ) (128 124 236 ) (128 124 4 ) (136 124 4 ) 
4 6 7 (144 124 4 ) (144 124 236 ) (136 124 236 ) (136 124 4 ) 
4 6 9 (128 124 0 ) (144 124 0 ) (144 124 4 ) (128 124 4 ) 
4 7 32 (144 0 4 ) (144 0 236 ) (136 0 236 ) (136 0 4 ) 
4 7 9 (136 124 4 ) (144 124 4 ) (144 0 4 ) (136 0 4 ) 
4 7 8 (136 124 236 ) (136 124 4 ) (136 0 4 ) (136 0 236 ) 
4 8 33 (136 0 236 ) (128 0 236 ) (128 0 4 ) (136 0 4 ) 
4 8 11 (128 0 4 ) (128 0 236 ) (128 64 236 ) (128 64 4 ) 
4 8 10 (128 64 236 ) (128 124 236 ) (128 124 4 ) (128 64 4 ) 
4 8 9 (128 0 4 ) (128 124 4 ) (136 124 4 ) (136 0 4 ) 
4 9 34 (144 0 0 ) (144 0 4 ) (128 0 4 ) (128 0 0 ) 
4 9 11 (128 64 0 ) (128 0 0 ) (128 0 4 ) (128 64 4 ) 
4 9 10 (128 124 0 ) (128 64 0 ) (128 64 4 ) (128 124 4 ) 
4 10 12 (0 64 0 ) (0 64 240 ) (0 128 240 ) (0 128 0 ) 
4 10 11 (0 64 240 ) (0 64 0 ) (128 64 0 ) (128 64 240 ) 
4 11 39 (128 0 0 ) (128 0 240 ) (0 0 240 ) (0 0 0 ) 
4 11 36 (128 0 240 ) (128 0 288 ) (0 0 288 ) (0 0 240 ) 
4 11 21 (0 0 0 ) (0 0 240 ) (0 32 240 ) (0 32 0 ) 
4 11 12 (0 64 240 ) (0 64 0 ) (0 32 0 ) (0 32 240 ) 
4 12 21 (0 32 0 ) (0 32 240 ) (-384 32 240 ) (-384 32 0 ) 
4 13 18 (-860 160 368 ) (-928 160 368 ) (-928 160 128 ) (-860 160 128 ) 
4 13 17 (-732 160 368 ) (-860 160 368 ) (-860 160 128 ) (-732 160 128 ) 
4 13 16 (-704 160 128 ) (-704 160 368 ) (-732 160 368 ) (-732 160 128 ) 
4 13 15 (-928 160 128 ) (-928 160 368 ) (-928 384 368 ) (-928 384 128 ) 
4 14 61 (-1024 356 424 ) (-1024 356 368 ) (-1024 228 368 ) (-1024 228 424 ) 
4 14 15 (-928 356 368 ) (-928 228 368 ) (-1024 228 368 ) (-1024 356 368 ) 
4 15 64 (-1024 160 128 ) (-1024 160 368 ) (-1024 228 368 ) (-1024 228 128 ) 
4 15 61 (-1024 228 368 ) (-1024 356 368 ) (-1024 356 128 ) (-1024 228 128 ) 
4 15 58 (-1024 356 368 ) (-1024 384 368 ) (-1024 384 128 ) (-1024 356 128 ) 
4 15 19 (-1024 160 368 ) (-1024 160 128 ) (-944 160 128 ) (-944 160 368 ) 
4 15 18 (-944 160 128 ) (-928 160 128 ) (-928 160 368 ) (-944 160 368 ) 
4 16 17 (-732 160 368 ) (-732 160 128 ) (-732 60 128 ) (-732 60 368 ) 
4 17 22 (-732 32 128 ) (-732 32 368 ) (-860 32 368 ) (-860 32 128 ) 
4 17 18 (-860 160 368 ) (-860 160 128 ) (-860 32 128 ) (-860 32 368 ) 
4 18 23 (-860 32 128 ) (-860 32 368 ) (-944 32 368 ) (-944 32 128 ) 
4 18 20 (-944 144 128 ) (-944 32 128 ) (-944 32 368 ) (-944 144 368 ) 
4 18 19 (-944 160 368 ) (-944 160 128 ) (-944 144 128 ) (-944 144 368 ) 
4 19 64 (-1024 160 368 ) (-1024 160 128 ) (-1024 144 128 ) (-1024 144 368 ) 
4 19 20 (-1024 144 128 ) (-944 144 128 ) (-944 144 368 ) (-1024 144 368 ) 
4 20 65 (-1024 32 128 ) (-1024 32 896 ) (-1024 144 896 ) (-1024 144 128 ) 
4 20 24 (-1024 32 896 ) (-1024 32 128 ) (-944 32 128 ) (-944 32 896 ) 
4 21 40 (0 0 0 ) (0 0 240 ) (-512 0 240 ) (-512 0 0 ) 
4 21 25 (-512 32 128 ) (-512 32 64 ) (-512 0 64 ) (-512 0 128 ) 
4 21 22 (-512 32 240 ) (-512 32 128 ) (-512 0 128 ) (-512 0 240 ) 
5 22 41 (-860 0 128 ) (-512 0 128 ) (-512 0 240 ) (-732 0 368 ) (-860 0 368 ) 
4 22 25 (-692 32 128 ) (-512 32 128 ) (-512 0 128 ) (-692 0 128 ) 
4 22 23 (-860 32 368 ) (-860 32 128 ) (-860 0 128 ) (-860 0 368 ) 
4 23 42 (-944 0 128 ) (-860 0 128 ) (-860 0 368 ) (-944 0 368 ) 
4 23 24 (-944 32 368 ) (-944 32 128 ) (-944 0 128 ) (-944 0 368 ) 
4 24 65 (-1024 0 128 ) (-1024 0 896 ) (-1024 32 896 ) (-1024 32 128 ) 
4 24 43 (-1024 0 896 ) (-1024 0 128 ) (-944 0 128 ) (-944 0 896 ) 
4 25 44 (-692 0 64 ) (-512 0 64 ) (-512 0 128 ) (-692 0 128 ) 
4 26 54 (1024 -1024 0 ) (1024 -1024 896 ) (616 -1024 896 ) (616 -1024 0 ) 
4 26 30 (1024 -1024 0 ) (616 -1024 0 ) (616 0 0 ) (1024 0 0 ) 
4 26 28 (616 -1024 28 ) (616 -1024 896 ) (616 -164 896 ) (616 -164 28 ) 
4 26 27 (616 0 0 ) (616 -164 0 ) (616 -164 896 ) (616 0 896 ) 
4 27 30 (592 -164 0 ) (592 0 0 ) (616 0 0 ) (616 -164 0 ) 
4 27 28 (592 -164 896 ) (592 -164 28 ) (616 -164 28 ) (616 -164 896 ) 
4 27 29 (592 0 0 ) (592 -164 0 ) (592 -164 896 ) (592 0 896 ) 
4 28 55 (616 -1024 896 ) (592 -1024 896 ) (592 -1024 28 ) (616 -1024 28 ) 
4 28 29 (592 -1024 28 ) (592 -1024 896 ) (592 -164 896 ) (592 -164 28 ) 
4 29 56 (592 -1024 896 ) (144 -1024 896 ) (144 -1024 0 ) (592 -1024 0 ) 
4 29 32 (144 0 236 ) (144 0 4 ) (144 -636 4 ) (144 -636 236 ) 
4 29 34 (144 0 4 ) (144 0 0 ) (144 -636 0 ) (144 -636 4 ) 
4 29 35 (144 -636 0 ) (144 -640 0 ) (144 -640 236 ) (144 -636 236 ) 
4 29 31 (144 0 240 ) (144 0 236 ) (144 -640 236 ) (144 -640 240 ) 
4 29 30 (592 -1024 0 ) (144 -1024 0 ) (144 0 0 ) (592 0 0 ) 
4 30 57 (1024 -1024 -16 ) (1024 -1024 0 ) (144 -1024 0 ) (144 -1024 -16 ) 
4 31 39 (128 -640 236 ) (128 -640 240 ) (128 0 240 ) (128 0 236 ) 
4 31 33 (128 -636 236 ) (128 0 236 ) (136 0 236 ) (136 -636 236 ) 
4 31 32 (136 0 236 ) (144 0 236 ) (144 -636 236 ) (136 -636 236 ) 
4 31 35 (144 -640 236 ) (128 -640 236 ) (128 -636 236 ) (144 -636 236 ) 
4 32 34 (144 -636 4 ) (136 -636 4 ) (136 0 4 ) (144 0 4 ) 
4 32 35 (144 -636 4 ) (144 -636 236 ) (136 -636 236 ) (136 -636 4 ) 
4 32 33 (136 0 4 ) (136 -636 4 ) (136 -636 236 ) (136 0 236 ) 
4 33 39 (128 -636 236 ) (128 0 236 ) (128 0 4 ) (128 -636 4 ) 
4 33 34 (136 -636 4 ) (128 -636 4 ) (128 0 4 ) (136 0 4 ) 
4 33 35 (136 -636 236 ) (128 -636 236 ) (128 -636 4 ) (136 -636 4 ) 
4 34 39 (128 0 4 ) (128 0 0 ) (128 -636 0 ) (128 -636 4 ) 
4 34 35 (128 -636 0 ) (144 -636 0 ) (144 -636 4 ) (128 -636 4 ) 
4 35 39 (128 -640 0 ) (128 -640 236 ) (128 -636 236 ) (128 -636 0 ) 
4 36 39 (0 0 240 ) (128 0 240 ) (128 -64 240 ) (0 -64 240 ) 
4 37 39 (128 -192 240 ) (128 -320 240 ) (0 -320 240 ) (0 -192 240 ) 
4 38 39 (128 -448 240 ) (128 -576 240 ) (0 -576 240 ) (0 -448 240 ) 
4 39 45 (0 -256 0 ) (0 -640 0 ) (0 -640 240 ) (0 -256 240 ) 
4 39 40 (0 0 240 ) (0 0 0 ) (0 -256 0 ) (0 -256 240 ) 
4 40 45 (0 -256 0 ) (0 -256 240 ) (-384 -256 240 ) (-384 -256 0 ) 
4 40 44 (-512 0 128 ) (-512 0 64 ) (-512 -256 64 ) (-512 -256 128 ) 
4 40 41 (-512 0 240 ) (-512 0 128 ) (-512 -256 128 ) (-512 -256 240 ) 
4 41 47 (-860 -256 128 ) (-732 -256 128 ) (-732 -256 368 ) (-860 -256 368 ) 
4 41 44 (-512 0 128 ) (-512 -256 128 ) (-692 -256 128 ) (-692 0 128 ) 
4 41 42 (-860 0 368 ) (-860 0 128 ) (-860 -256 128 ) (-860 -256 368 ) 
4 42 50 (-944 -256 128 ) (-928 -256 128 ) (-928 -256 368 ) (-944 -256 368 ) 
4 42 48 (-928 -256 128 ) (-860 -256 128 ) (-860 -256 368 ) (-928 -256 368 ) 
4 42 43 (-944 0 128 ) (-944 -256 128 ) (-944 -256 368 ) (-944 0 368 ) 
4 43 76 (-1024 -256 128 ) (-1024 -256 896 ) (-1024 0 896 ) (-1024 0 128 ) 
4 43 51 (-1024 -256 896 ) (-1024 -256 128 ) (-944 -256 128 ) (-944 -256 896 ) 
4 46 49 (-704 -384 128 ) (-704 -384 368 ) (-732 -384 368 ) (-732 -384 128 ) 
4 46 47 (-732 -284 128 ) (-732 -384 128 ) (-732 -384 368 ) (-732 -284 368 ) 
4 47 49 (-732 -384 128 ) (-732 -384 368 ) (-860 -384 368 ) (-860 -384 128 ) 
4 47 48 (-860 -256 368 ) (-860 -256 128 ) (-860 -384 128 ) (-860 -384 368 ) 
4 48 53 (-928 -368 128 ) (-928 -384 128 ) (-928 -384 368 ) (-928 -368 368 ) 
4 48 50 (-928 -256 368 ) (-928 -256 128 ) (-928 -368 128 ) (-928 -368 368 ) 
4 48 49 (-928 -384 368 ) (-928 -384 128 ) (-860 -384 128 ) (-860 -384 368 ) 
4 49 53 (-928 -608 128 ) (-928 -608 368 ) (-928 -384 368 ) (-928 -384 128 ) 
4 50 53 (-928 -368 128 ) (-928 -368 368 ) (-944 -368 368 ) (-944 -368 128 ) 
4 50 51 (-944 -256 368 ) (-944 -256 128 ) (-944 -368 128 ) (-944 -368 368 ) 
4 51 76 (-1024 -368 128 ) (-1024 -368 896 ) (-1024 -256 896 ) (-1024 -256 128 ) 
4 51 53 (-1024 -368 368 ) (-1024 -368 128 ) (-944 -368 128 ) (-944 -368 368 ) 
4 52 78 (-1024 -452 424 ) (-1024 -452 368 ) (-1024 -580 368 ) (-1024 -580 424 ) 
4 52 53 (-1024 -580 368 ) (-1024 -452 368 ) (-928 -452 368 ) (-928 -580 368 ) 
4 53 83 (-1024 -608 128 ) (-1024 -608 368 ) (-1024 -580 368 ) (-1024 -580 128 ) 
4 53 78 (-1024 -580 368 ) (-1024 -452 368 ) (-1024 -452 128 ) (-1024 -580 128 ) 
4 53 77 (-1024 -452 368 ) (-1024 -368 368 ) (-1024 -368 128 ) (-1024 -452 128 ) 
4 54 57 (1024 -1280 0 ) (616 -1280 0 ) (616 -1024 0 ) (1024 -1024 0 ) 
4 54 55 (616 -1280 28 ) (616 -1280 896 ) (616 -1024 896 ) (616 -1024 28 ) 
4 55 56 (592 -1280 28 ) (592 -1280 896 ) (592 -1024 896 ) (592 -1024 28 ) 
4 56 57 (592 -1280 0 ) (144 -1280 0 ) (144 -1024 0 ) (592 -1024 0 ) 
4 58 61 (-1028 356 128 ) (-1024 356 128 ) (-1024 356 368 ) (-1028 356 368 ) 
4 59 62 (-1344 356 128 ) (-1056 356 128 ) (-1056 356 368 ) (-1344 356 368 ) 
4 60 66 (-1472 384 128 ) (-1472 356 128 ) (-1472 356 368 ) (-1472 384 368 ) 
4 60 63 (-1472 356 368 ) (-1472 356 128 ) (-1372 356 128 ) (-1372 356 368 ) 
4 61 64 (-1056 228 128 ) (-1024 228 128 ) (-1024 228 368 ) (-1056 228 368 ) 
4 61 62 (-1056 228 128 ) (-1056 228 368 ) (-1056 356 368 ) (-1056 356 128 ) 
4 62 64 (-1344 228 128 ) (-1056 228 128 ) (-1056 228 368 ) (-1344 228 368 ) 
4 62 63 (-1344 228 128 ) (-1344 228 368 ) (-1344 356 368 ) (-1344 356 128 ) 
4 63 66 (-1472 356 128 ) (-1472 228 128 ) (-1472 228 368 ) (-1472 356 368 ) 
4 63 64 (-1472 228 368 ) (-1472 228 128 ) (-1344 228 128 ) (-1344 228 368 ) 
4 64 66 (-1472 228 128 ) (-1472 144 128 ) (-1472 144 368 ) (-1472 228 368 ) 
4 64 65 (-1472 144 368 ) (-1472 144 128 ) (-1024 144 128 ) (-1024 144 368 ) 
4 65 76 (-1024 0 128 ) (-1024 0 896 ) (-1472 0 896 ) (-1472 0 128 ) 
4 65 66 (-1472 144 128 ) (-1472 0 128 ) (-1472 0 368 ) (-1472 144 368 ) 
4 66 81 (-1680 0 368 ) (-1680 0 128 ) (-1472 0 128 ) (-1472 0 368 ) 
5 66 67 (-1680 120 128 ) (-1680 0 128 ) (-1680 0 368 ) (-1680 48 368 ) (-1680 120 296 ) 
4 67 82 (-1856 0 368 ) (-1856 0 128 ) (-1680 0 128 ) (-1680 0 368 ) 
5 67 69 (-1856 120 128 ) (-1856 0 128 ) (-1856 0 368 ) (-1856 48 368 ) (-1856 120 296 ) 
4 68 74 (-2048 480 336 ) (-2048 480 576 ) (-2048 676 576 ) (-2048 676 336 ) 
4 68 73 (-2048 676 576 ) (-2048 800 576 ) (-2048 800 336 ) (-2048 676 336 ) 
4 68 69 (-1856 480 336 ) (-1856 480 576 ) (-2048 480 576 ) (-2048 480 336 ) 
4 69 96 (-2048 0 336 ) (-2048 0 128 ) (-1856 0 128 ) (-1856 0 336 ) 
4 69 93 (-1872 0 336 ) (-1856 0 336 ) (-1856 0 576 ) (-1872 0 576 ) 
4 69 95 (-2048 0 576 ) (-2048 0 336 ) (-1872 0 336 ) (-1872 0 576 ) 
4 69 75 (-2048 480 128 ) (-2048 0 128 ) (-2048 0 576 ) (-2048 480 576 ) 
4 70 73 (-2048 676 576 ) (-2176 676 576 ) (-2176 800 576 ) (-2048 800 576 ) 
4 71 73 (-2368 676 576 ) (-2496 676 576 ) (-2496 800 576 ) (-2368 800 576 ) 
4 72 73 (-2688 676 576 ) (-2816 676 576 ) (-2816 800 576 ) (-2688 800 576 ) 
4 73 74 (-3072 676 576 ) (-3072 676 336 ) (-2048 676 336 ) (-2048 676 576 ) 
4 74 75 (-2048 480 336 ) (-2048 480 576 ) (-3072 480 576 ) (-3072 480 336 ) 
4 75 97 (-3072 0 576 ) (-3072 0 128 ) (-2048 0 128 ) (-2048 0 576 ) 
4 76 81 (-1472 0 368 ) (-1472 0 128 ) (-1472 -368 128 ) (-1472 -368 368 ) 
4 76 77 (-1472 -368 368 ) (-1472 -368 128 ) (-1024 -368 128 ) (-1024 -368 368 ) 
4 77 81 (-1472 -368 128 ) (-1472 -452 128 ) (-1472 -452 368 ) (-1472 -368 368 ) 
4 77 79 (-1344 -452 128 ) (-1056 -452 128 ) (-1056 -452 368 ) (-1344 -452 368 ) 
4 77 80 (-1472 -452 368 ) (-1472 -452 128 ) (-1344 -452 128 ) (-1344 -452 368 ) 
4 77 78 (-1056 -452 128 ) (-1024 -452 128 ) (-1024 -452 368 ) (-1056 -452 368 ) 
4 78 83 (-1028 -580 128 ) (-1024 -580 128 ) (-1024 -580 368 ) (-1028 -580 368 ) 
4 78 79 (-1056 -580 128 ) (-1056 -580 368 ) (-1056 -452 368 ) (-1056 -452 128 ) 
4 79 84 (-1344 -580 128 ) (-1056 -580 128 ) (-1056 -580 368 ) (-1344 -580 368 ) 
4 79 80 (-1344 -580 128 ) (-1344 -580 368 ) (-1344 -452 368 ) (-1344 -452 128 ) 
4 80 85 (-1472 -580 128 ) (-1372 -580 128 ) (-1372 -580 368 ) (-1472 -580 368 ) 
4 80 81 (-1472 -452 128 ) (-1472 -580 128 ) (-1472 -580 368 ) (-1472 -452 368 ) 
4 81 86 (-1680 -580 128 ) (-1472 -580 128 ) (-1472 -580 368 ) (-1680 -580 368 ) 
5 81 82 (-1680 0 128 ) (-1680 -344 128 ) (-1680 -344 296 ) (-1680 -272 368 ) (-1680 0 368 ) 
5 82 96 (-1856 0 336 ) (-1856 0 128 ) (-1856 -344 128 ) (-1856 -344 296 ) (-1856 -304 336 ) 
4 82 93 (-1856 0 368 ) (-1856 0 336 ) (-1856 -304 336 ) (-1856 -272 368 ) 
4 84 91 (-1344 -720 128 ) (-1056 -720 128 ) (-1056 -720 208 ) (-1344 -720 208 ) 
4 84 90 (-1056 -720 208 ) (-1056 -720 272 ) (-1344 -720 272 ) (-1344 -720 208 ) 
4 84 89 (-1056 -720 272 ) (-1056 -720 336 ) (-1344 -720 336 ) (-1344 -720 272 ) 
4 84 88 (-1056 -720 336 ) (-1056 -720 368 ) (-1344 -720 368 ) (-1265.230713 -720 336 ) 
3 84 87 (-1344 -720 368 ) (-1344 -720 336 ) (-1265.230713 -720 336 ) 
4 85 86 (-1472 -580 368 ) (-1472 -580 128 ) (-1472 -608 128 ) (-1472 -608 368 ) 
6 87 94 (-1856 -736 336 ) (-1856 -992 336 ) (-1856 -992 528 ) (-1856 -960 560 ) (-1856 -768 560 ) (-1856 -736 528 ) 
3 87 92 (-1344 -1008 336 ) (-1265.230713 -1008 336 ) (-1344 -1008 368 ) 
4 87 89 (-1844 -720 336 ) (-1265.230713 -720 336 ) (-1265.230713 -1008 336 ) (-1844 -1008 336 ) 
4 87 88 (-1344 -1008 368 ) (-1265.230469 -1008 336 ) (-1265.230469 -720 336 ) (-1344 -720 368 ) 
4 88 92 (-1344 -1008 368 ) (-1265.230713 -1008 336 ) (-1056 -1008 336 ) (-1056 -1008 368 ) 
4 88 89 (-1265.230713 -720 336 ) (-1056 -720 336 ) (-1056 -1008 336 ) (-1265.230713 -1008 336 ) 
4 89 92 (-1344 -1008 272 ) (-1056 -1008 272 ) (-1056 -1008 336 ) (-1344 -1008 336 ) 
4 89 90 (-1056 -1008 272 ) (-1664 -1008 272 ) (-1664 -720 272 ) (-1056 -720 272 ) 
4 90 92 (-1344 -1008 208 ) (-1056 -1008 208 ) (-1056 -1008 272 ) (-1344 -1008 272 ) 
4 90 91 (-1056 -1008 208 ) (-1484 -1008 208 ) (-1484 -720 208 ) (-1056 -720 208 ) 
4 91 92 (-1344 -1008 128 ) (-1056 -1008 128 ) (-1056 -1008 208 ) (-1344 -1008 208 ) 
4 92 103 (-1344 -1024 368 ) (-1344 -1024 128 ) (-1056 -1024 128 ) (-1056 -1024 368 ) 
4 93 96 (-1872 0 336 ) (-1856 0 336 ) (-1856 -704 336 ) (-1872 -704 336 ) 
4 93 95 (-1872 0 336 ) (-1872 -704 336 ) (-1872 -704 576 ) (-1872 0 576 ) 
6 94 95 (-1872 -736 336 ) (-1872 -992 336 ) (-1872 -992 528 ) (-1872 -960 560 ) (-1872 -768 560 ) (-1872 -736 528 ) 
4 95 102 (-2048 -900 336 ) (-2048 -1024 336 ) (-2048 -1024 576 ) (-2048 -900 576 ) 
4 95 98 (-2048 -704 336 ) (-2048 -900 336 ) (-2048 -900 576 ) (-2048 -704 576 ) 
4 95 97 (-2048 0 576 ) (-2048 0 336 ) (-2048 -704 336 ) (-2048 -704 576 ) 
4 95 96 (-2048 0 336 ) (-1872 0 336 ) (-1872 -704 336 ) (-2048 -704 336 ) 
4 96 97 (-2048 0 336 ) (-2048 0 128 ) (-2048 -704 128 ) (-2048 -704 336 ) 
4 97 98 (-2048 -704 336 ) (-2048 -704 576 ) (-3072 -704 576 ) (-3072 -704 336 ) 
4 98 102 (-3072 -900 576 ) (-3072 -900 336 ) (-2048 -900 336 ) (-2048 -900 576 ) 
4 99 104 (-2048 -1024 576 ) (-2048 -1024 624 ) (-2176 -1024 624 ) (-2176 -1024 576 ) 
4 99 102 (-2176 -900 576 ) (-2048 -900 576 ) (-2048 -1024 576 ) (-2176 -1024 576 ) 
4 100 105 (-2368 -1024 624 ) (-2496 -1024 624 ) (-2496 -1024 576 ) (-2368 -1024 576 ) 
4 100 102 (-2496 -900 576 ) (-2368 -900 576 ) (-2368 -1024 576 ) (-2496 -1024 576 ) 
4 101 106 (-2688 -1024 624 ) (-2816 -1024 624 ) (-2816 -1024 576 ) (-2688 -1024 576 ) 
4 101 102 (-2816 -900 576 ) (-2688 -900 576 ) (-2688 -1024 576 ) (-2816 -1024 576 ) 
