PRT1
37
66
4 0 1 (70 236 148 ) (250 236 148 ) (250 64 148 ) (70 64 148 ) 
4 1 18 (70 236 144 ) (250 236 144 ) (250 64 144 ) (70 64 144 ) 
4 2 8 (228 254 116 ) (92 254 116 ) (92 256 116 ) (228 256 116 ) 
4 2 7 (320 254 116 ) (228 254 116 ) (228 256 116 ) (320 256 116 ) 
4 2 9 (92 254 116 ) (0 254 116 ) (0 256 116 ) (92 256 116 ) 
4 2 18 (320 254 116 ) (320 254 144 ) (0 254 144 ) (0 254 116 ) 
4 3 16 (88 266 0 ) (92 266 0 ) (92 266 107 ) (88 266 107 ) 
4 3 15 (98 266 0 ) (159 266 0 ) (159 266 107 ) (98 266 107 ) 
4 3 13 (159 266 0 ) (161 266 0 ) (161 266 107 ) (159 266 107 ) 
4 3 12 (161 266 0 ) (222 266 0 ) (222 266 107 ) (161 266 107 ) 
4 3 10 (228 266 0 ) (232 266 0 ) (232 266 107 ) (228 266 107 ) 
4 3 6 (92 266 116 ) (88 266 116 ) (88 266 107 ) (92 266 107 ) 
4 3 5 (228 266 116 ) (92 266 116 ) (92 266 113 ) (228 266 113 ) 
4 3 4 (232 266 107 ) (232 266 116 ) (228 266 116 ) (228 266 107 ) 
4 4 10 (228 266 107 ) (232 266 107 ) (232 264 107 ) (228 264 107 ) 
4 4 5 (228 266 116 ) (228 266 113 ) (228 264 113 ) (228 264 116 ) 
4 5 6 (92 266 116 ) (92 266 113 ) (92 264 113 ) (92 264 116 ) 
4 6 16 (88 266 107 ) (92 266 107 ) (92 264 107 ) (88 264 107 ) 
4 7 11 (320 254 107 ) (228 254 107 ) (228 256 107 ) (320 256 107 ) 
4 7 8 (228 256 116 ) (228 256 113 ) (228 254 113 ) (228 254 116 ) 
4 7 18 (320 254 107 ) (320 254 116 ) (228 254 116 ) (228 254 107 ) 
4 8 18 (228 254 116 ) (92 254 116 ) (92 254 113 ) (228 254 113 ) 
4 8 9 (92 256 116 ) (92 256 113 ) (92 254 113 ) (92 254 116 ) 
4 9 17 (92 254 107 ) (0 254 107 ) (0 256 107 ) (92 256 107 ) 
4 9 18 (92 254 116 ) (0 254 116 ) (0 254 107 ) (92 254 107 ) 
4 11 18 (228 254 0 ) (320 254 0 ) (320 254 107 ) (228 254 107 ) 
4 12 13 (161 262 107 ) (161 266 107 ) (161 266 0 ) (161 262 0 ) 
4 12 14 (161 254 0 ) (161 254 107 ) (161 258 107 ) (161 258 0 ) 
4 12 18 (161 254 0 ) (222 254 0 ) (222 254 107 ) (161 254 107 ) 
4 13 15 (159 262 107 ) (159 266 107 ) (159 266 0 ) (159 262 0 ) 
4 14 15 (159 254 0 ) (159 254 107 ) (159 258 107 ) (159 258 0 ) 
4 14 18 (159 254 0 ) (161 254 0 ) (161 254 107 ) (159 254 107 ) 
4 15 18 (98 254 0 ) (159 254 0 ) (159 254 107 ) (98 254 107 ) 
4 17 18 (0 254 0 ) (92 254 0 ) (92 254 107 ) (0 254 107 ) 
4 18 22 (320 0 144 ) (0 0 144 ) (0 0 0 ) (320 0 0 ) 
4 19 32 (720 -1024 864 ) (332 -1024 864 ) (332 -1024 64 ) (720 -1024 64 ) 
4 19 20 (332 -384 104 ) (332 -384 864 ) (332 -352 864 ) (332 -352 104 ) 
4 19 21 (332 -384 64 ) (332 -1024 64 ) (332 -1024 864 ) (332 -384 864 ) 
4 20 31 (320 -384 864 ) (320 -352 864 ) (320 -352 104 ) (320 -384 104 ) 
4 20 21 (332 -384 104 ) (332 -384 864 ) (320 -384 864 ) (320 -384 104 ) 
4 21 32 (332 -1024 864 ) (320 -1024 864 ) (320 -1024 64 ) (332 -1024 64 ) 
4 21 31 (320 -1024 64 ) (320 -1024 864 ) (320 -384 864 ) (320 -384 64 ) 
4 22 29 (320 -256 8 ) (320 -256 16 ) (0 -256 16 ) (0 -256 8 ) 
4 22 27 (320 -256 16 ) (320 -256 32 ) (0 -256 32 ) (0 -256 16 ) 
4 22 25 (320 -256 32 ) (320 -256 48 ) (0 -256 48 ) (0 -256 32 ) 
4 22 24 (320 -256 48 ) (320 -256 56 ) (0 -256 56 ) (0 -256 48 ) 
4 22 23 (320 -256 56 ) (320 -256 144 ) (0 -256 144 ) (0 -256 56 ) 
4 23 30 (0 -340 200 ) (0 -340 64 ) (320 -340 64 ) (320 -340 200 ) 
4 23 24 (0 -328 56 ) (0 -256 56 ) (320 -256 56 ) (320 -328 56 ) 
4 24 26 (0 -316 48 ) (0 -304 48 ) (320 -304 48 ) (320 -316 48 ) 
4 24 25 (0 -304 48 ) (0 -256 48 ) (320 -256 48 ) (320 -304 48 ) 
4 25 28 (0 -292 32 ) (0 -280 32 ) (320 -280 32 ) (320 -292 32 ) 
4 25 27 (0 -280 32 ) (0 -256 32 ) (320 -256 32 ) (320 -280 32 ) 
4 25 26 (320 -304 40 ) (320 -304 48 ) (0 -304 48 ) (0 -304 40 ) 
4 27 29 (0 -268 16 ) (0 -256 16 ) (320 -256 16 ) (320 -268 16 ) 
4 27 28 (320 -280 24 ) (320 -280 32 ) (0 -280 32 ) (0 -280 24 ) 
4 30 31 (320 -352 64 ) (320 -352 200 ) (0 -352 200 ) (0 -352 64 ) 
4 31 33 (0 -384 864 ) (0 -352 864 ) (0 -352 104 ) (0 -384 104 ) 
4 31 34 (0 -1024 64 ) (0 -1024 864 ) (0 -384 864 ) (0 -384 64 ) 
4 31 32 (320 -1024 64 ) (320 -1024 864 ) (0 -1024 864 ) (0 -1024 64 ) 
4 32 36 (0 -1472 64 ) (0 -1472 864 ) (0 -1024 864 ) (0 -1024 64 ) 
4 33 34 (-12 -384 864 ) (-12 -384 104 ) (0 -384 104 ) (0 -384 864 ) 
4 33 35 (-12 -384 104 ) (-12 -384 864 ) (-12 -352 864 ) (-12 -352 104 ) 
4 34 36 (0 -1024 64 ) (0 -1024 864 ) (-12 -1024 864 ) (-12 -1024 64 ) 
4 34 35 (-12 -384 64 ) (-12 -1024 64 ) (-12 -1024 864 ) (-12 -384 864 ) 
4 35 36 (-12 -1024 864 ) (-400 -1024 864 ) (-400 -1024 64 ) (-12 -1024 64 ) 
